
   OpenMP run-time library returned nthreads = 16
 operating system is UNIX !

 force (u-0-7.local) : TURBOMOLE rev. V7.4.1 (b987a8a8) compiled 15 Oct 2019 at 12:10:21
 Copyright (C) 2019 TURBOMOLE GmbH, Karlsruhe


    2019-12-17 10:09:46.900 



                             T U R B O M O L E   

                          a o f o r c e - program

                        using direct algorithms for

                       SCF level calculations of
                         * harmonic force constants
                         * hyperpolarizabilities
                         * IR and RAMAN intensities
                         * VCD intensities

                       DFT level calculations of
                         * harmonic force constants
                         * IR intensities
                                                   
       Stephan Boecker, Peter Deglmann, Filipp Furche and Marco Haeser
                          Quantum Chemistry Group
                          Universitaet  Karlsruhe
                                   Germany

 
 

          OpenMP Shared-Memory Parallelization: 16 CPUs.

            By: Erik P. Almaraz and Filipp Furche
            Copyright 2009-2011 by UCI and TURBOMOLE GmbH.

 
 
     References :
 
       RI-J implementation:
         Peter Deglmann, Klaus May, Filipp Furche, Reinhart Ahlrichs
                 Chem. Phys. Lett. 384:103 (2004)
 
       Efficiency, technical details:
         Peter Deglmann, Filipp Furche, Reinhart Ahlrichs
                 Chem. Phys. Lett. 362:511 (2002)
 
       Search of lowest eigenvalues by iterative diagonalization:
         Peter Deglmann, Filipp Furche
                 J. Chem. Phys. 117:9535 (2002)
 
       Vibrational circular dichroism implementation:
        Kevin Reiter, Michael Kuehn, Florian Weigend
                 J. Chem. Phys. 146:054102 (2017)  
 
 


              +--------------------------------------------------+
              | Atomic coordinate, charge and isotop information |
              +--------------------------------------------------+

                    atomic coordinates            atom    charge  isotop
          0.20255357    5.30653495    1.90265412    c      6.000     0
         -0.03319021    5.54883202   -0.70214049    c      6.000     0
         -0.24110028    7.90213197   -1.82514742    c      6.000     0
         -0.21538699   10.06666647   -0.33645461    c      6.000     0
          0.01799793    9.84763040    2.26367445    c      6.000     0
          0.22517613    7.47232219    3.37427667    c      6.000     0
         -0.06541113    2.78022703   -2.73719887    s     16.000     0
         -2.25808668    1.23497830   -1.63148676    o      8.000     0
          0.05998000   -2.37258578    0.28771967    u     92.000     0
          0.52637742   -0.76528574    3.28641979    o      8.000     0
          2.35034760    1.40589094   -1.98556583    o      8.000     0
         -2.59877348   -5.08470760    1.96672949    o      8.000     0
         -3.15262995   -6.33708719    0.78140270    h      1.000     0
          0.17394055   -4.21519563   -2.59582843    o      8.000     0
         -0.42372886    8.03526093   -3.86417053    h      1.000     0
         -0.37786185   11.91551744   -1.20530537    h      1.000     0
          0.03777609   11.52972486    3.43426858    h      1.000     0
          0.40405063    7.30927902    5.40910185    h      1.000     0
          0.36141248    3.43713684    2.73936948    h      1.000     0
 
       center of nuclear mass  :   -0.04769277   -0.00926250    0.06747351
       center of nuclear charge:   -0.07048766    0.41876696    0.05448956

              +--------------------------------------------------+
              |               basis set information              |
              +--------------------------------------------------+

              we will work with the 1s 3p 5d 7f 9g ... basis set
              ...i.e. with spherical basis functions...

   type   atoms  prim   cont   basis
   ---------------------------------------------------------------------------
    c        6     66     46   aug-cc-pVTZ   [5s4p3d2f|19s6p3d2f]
    s        1    122     50   aug-cc-pVTZ   [6s5p3d2f|42s17p3d2f]
    o        5     66     46   aug-cc-pVTZ   [5s4p3d2f|19s6p3d2f]
    u        1    213    117   SVP(6g)   [10s9p5d4f3g|14s13p10d8f6g]
    h        6     25     23   aug-cc-pVTZ   [4s3p2d|6s3p2d]
   ---------------------------------------------------------------------------
   total:   19   1211    811
   ---------------------------------------------------------------------------

   total number of primitive shells          :  186
   total number of contracted shells         :  255
   total number of cartesian basis functions :  966
   total number of SCF-basis functions       :  811

 number of unique ecp types :                     1

 symmetry group of the molecule :   c1 

 the group has the following generators :
   c1(z)

    1 symmetry operations found

 there are 1 real representations :   a   

 maximum number of shells which are related by symmetry :  1


 determining totally symmetric integral contributions 
    - equivalent to irreducible tensor elements - 
 which can be formed within each triple of representations :

             representation triple      contributions

              a     a     a               1
       UHF mode switched on !

    mo occupation :
   irrep   mo's   occupied
    a      811       66
 
 number of basis functions   :                    811
 number of occupied orbitals :                     66
 
 ALPHA-Occupation:                    66
 BETA-Occupation :                    65
  MOs are in ASCII format !


 reading orbital data $uhfmo_alpha  from file alpha
 orbital characterization : scfconv=8

 reading orbital data $uhfmo_beta  from file beta
 orbital characterization : scfconv=8
 time elapsed for calculating density matrices :   1.307 sec

 number of non-frozen orbitals          :   811
 number of non-frozen occupied orbitals :    66

 number of non-frozen orbitals          :   811
 number of non-frozen occupied orbitals :    65
 Blocking parameters 
 shells:
    index      start shell   last shell  start bf    last bf    #bf 
       1             1         255             1        966    966
          size of I/O Block in Byte:              425519136
  
           ------------------
           density functional
           ------------------
 PBE0 hybrid functional
 exchange:    3/4 (LDA+PBE) + 1/4 HF
 correlation: LDA (PW) + PBE

 iterations will be done with small grid
  
 spherical integration : Lebedev's spherical grid
 spherical gridsize    :                     5
    i.e. gridpoints    :                   590
 value for diffuse not defined
 radial integration    : Chebyshev 2nd kind (scaling 3)
 radial gridsize       :                     8
 integration cells     :                    19
 partition function    : becke
 partition sharpness   :                     3
  
 
 Derivatives of quadrature weights will be included
 
 preparing DFT   numerical integration ....
          Overall gridpoints after grid construction =        330518
 Ordering of quadrature gridpoints disabled.
 
 
 
 
 OCCUPIED-OCCUPIED TENSOR SPACES :

          IRREP   tensor space dimension   number of roots

           a              8581                  51
 
 OCCUPIED-VIRTUAL TENSOR SPACES :

          IRREP   tensor space dimension   number of roots

           a             97660                  51
 
 
 
 
 CONSTRUCTING integral bounds

 setting up bound for integral derivative estimation

 increment for numerical differentiation : 0.00050000
 
 machine precision:   2.220446049250313E-016

 integral neglect threshold       :  0.10E-09
 integral storage threshold THIZE :  0.10E-04
 integral storage threshold THIME :         5

 
 
 
 PREPARING NUMERICAL INTEGRATION
 
 Remaining core memory for DFT =                 30776 MB
 
 Memory needed per atom    =                 21893 KiB
 
     i. e.                    19 atoms per loop

 Calculating ground state density on molecular grid

 Integral of ground state total density: Na =   130.9999931640799    

 Integral of ground state spin density:  Nb =   1.000000027301220    


 
 
 CONSTRUCTING first deriv. of <mu|x,y,z|nu> -> Dip. deriv.
  dipole integral derivatives will be neglected if
  expon. factor <0.517598E-13
      ...terminated. cpu:       2.40       wall:       0.15
 
 
 
 
 CONSTRUCTING first deriv. of  <mu|nu>
                               <mu|h|nu>    -> RHS
              second deriv. of <mu|nu>      -> Hessian
                               <mu|h|nu>    -> Hessian
                               nucl. rep.   -> Hessian
     integrals are neglected if expon. factor <  5.175983436853001E-015
 
 CONSTRUCTING ECP contribution              -> RHS
 
                                            -> Hessian
      ...terminated. cpu:      34.24       wall:      29.25
 
 
 
 
 CONSTRUCTING second deriv. of 2e energy    -> Hessian
   treating Coulomb (and exchange) contribution
     integrals will be neglected if total contribution <  5.175983436853002E-011
      ...terminated. cpu:   20681.24       wall:    1292.35
   treating exchange-correlation contribution
      ...terminated. cpu:    5836.35       wall:     368.05
 
 
 
 
 CONSTRUCTING S(i,j)xi
      ...terminated. cpu:       2.66       wall:       0.25
 
 
 
 
 CONSTRUCTING <i|x,y,z|j>*S(i,j)xi          -> Dip. deriv.
      ...terminated. cpu:       2.48       wall:       0.16
 
 
 
 
 CONSTRUCTING epsilon(i)*S(i,j)xi*S(i,j)chi -> Hessian
      ...terminated. cpu:       0.10       wall:       0.01
 
 
 
 
 CONSTRUCTING G(a,i)[S(k,l)xi]              -> RHS
              G(i,j)[S(k,l)xi]*S(i,j)chi    -> Hessian
 
         Maximum core memory set to                  32000 MB
         This corresponds to                  2232 vectors in CAO basis
      ...terminated. cpu:   52484.44       wall:    3284.05
 
 
 
 
 CONSTRUCTING G(mu,nu)[D(kap,lam)]xi
 
          Maximum core memory set to                  32000 MB
          Atoms treated simultaneously :                    19
 max of dfo   342.583836742698     
      ...terminated. cpu:   22093.62       wall:    1388.44
 
 
 
 
 CONSTRUCTING F(a,i)xi                      -> RHS
              F(i,j)xi*S(i,j)chi            -> Hessian
 
        Maximum core memory set to                 32000 MB
        This corresponds to                  4065 vectors in CAO basis
      ...terminated. cpu:      81.42       wall:       8.71
 
 
 
 
 CONSTRUCTING epsilon(i)*S(a,i)xi           -> RHS
      ...terminated. cpu:       3.43       wall:       2.85
 
 
 
 
 SOLVING CPHF equations
 
 Residuum convergence criterium   :  1.000000000000000E-005
 
 Maximum number of Davidson iterations set to                    25
  Switching to small grid
        preparing DFT   numerical integration ....
          Overall gridpoints after grid construction =        106949

 Calculating ground state density on molecular grid

 Integral of ground state total density: Na =   131.0000521432762    

 Integral of ground state spin density:  Nb =  0.9999992284102812    




                       Nonorthonormal Krylov Space Iteration


 total number of roots to be determined: 51


 maximum core memory set to 32000 MB,
 corresponding to     2232 vectors in CAO basis


 maximum number of simultaneously treated vectors (including degeneracy):       51


 Iteration IRREP Converged      Max. Euclidean
                 roots          residual norm

    1       a        0        1.556244683326437D-01
 
    2       a        0        3.540992300046694D-02
 
    3       a        0        6.705829734261023D-03
 
    4       a        0        8.081572940132628D-03
 
    5       a        0        1.300955124800782D-03
 
    6       a        9        2.178579472228989D-04
 
    7       a       30        4.230308980643296D-05
 
    8       a       51        8.888291819139208D-06
 

 converged!

  Switching to fine grid
        preparing numerical DFT   integration ....
          Overall gridpoints after grid construction =        330518

 Calculating ground state density on molecular grid

 Integral of ground state total density: Na =   130.9999931640774    

 Integral of ground state spin density:  Nb =   1.000000027301140    



 Iteration IRREP Converged      Max. Euclidean
                 roots          residual norm

    9       a        2        5.355264230392143D-05
 

 NOTE: Residual norms are larger than 1.00D-05 due to mgrid option!

      ...terminated. cpu:  358542.33       wall:   22594.94
 
 
 
 
 CONSTRUCTING <a|x,y,z|i>*U(a,i)xi          -> Dip. deriv.
      ...terminated. cpu:       3.56       wall:       0.23
 
 
 
 
 CONSTRUCTING RHS(a,i)xi*U(a,i)chi          -> Hessian
      ...terminated. cpu:       1.22       wall:       0.08
 
 
 
 

            -----------------------
            permanent dipole moment
            -----------------------

                                   x                y                z
    electronic part       :   17.8197256277  -220.7960290740     6.8574596803
     nuclear   part       :  -16.9914555486   221.9208696346    -6.9101634314
     total                :    0.8282700791     1.1248405607    -0.0527037512

 with reference to the point :   0.0000000        0.0000000        0.0000000
 (given in atomic units)
    | dipole |       :    3.5530895926  debye

   ***  dipole moment & cartesian dipole gradients written onto
        $dipole, $dipgrad,  file=<dipgrad>  ***

             -----------------------------------
             rotational and vibrational analysis
             -----------------------------------


            ==============================================================
            ATOMIC WEIGHTS (average over the natural occurance of isotops)
            ==============================================================
            ('*' denotes special isotop !)
              1     c                12.01115
              2     c                12.01115
              3     c                12.01115
              4     c                12.01115
              5     c                12.01115
              6     c                12.01115
              7     s                32.06400
              8     o                15.99940
              9     u               238.03000
             10     o                15.99940
             11     o                15.99940
             12     o                15.99940
             13     h                 1.00797
             14     o                15.99940
             15     h                 1.00797
             16     h                 1.00797
             17     h                 1.00797
             18     h                 1.00797
             19     h                 1.00797

          -------------------------------------------------
          CARTESIAN FORCE CONSTANT MATRIX (hartree/bohr**2)
         (translational & rotational space projected out)
          -------------------------------------------------

   ATOM              1 c                           2 c 
                  dx        dy        dz        dx        dy        dz
   1 c     dx  0.1476540
           dy -0.0301557 0.7397557
           dz  0.0453551-0.0229199 0.6603956
   2 c     dx -0.0666913 0.0070282-0.0224826 0.1468353
           dy  0.0033388-0.1203729 0.0079386-0.0276054 0.5695072
           dz -0.0245136 0.0505633-0.3205062 0.0450049-0.0813579 0.6206730
   3 c     dx  0.0071342 0.0022900-0.0056903-0.0637566 0.0207897-0.0119689
           dy  0.0056649 0.0249417 0.0766383 0.0166091-0.2976852 0.0629709
           dz -0.0036739 0.0358974-0.0155872-0.0143272 0.1120439-0.1664445
   4 c     dx -0.0060706-0.0020685-0.0031237 0.0088409 0.0004704 0.0038849
           dy -0.0020299-0.0113857-0.0270506 0.0046798-0.0596886 0.0166071
           dz -0.0031186-0.0272386-0.0573926 0.0062570-0.0321221 0.0628090
   5 c     dx  0.0074846 0.0040991 0.0066643-0.0075341 0.0034848-0.0050233
           dy -0.0000228-0.0570780-0.0354086 0.0034109-0.0214358 0.0311501
           dz  0.0043827 0.0116963 0.0651600-0.0050902 0.0328200-0.0480423
   6 c     dx -0.0648199-0.0012461-0.0077946 0.0084535-0.0036055-0.0005086
           dy  0.0045430-0.2829676-0.0690455-0.0077187 0.0401841-0.0714652
           dz -0.0045794-0.1360953-0.1945422-0.0028162-0.0248170-0.0376156
   7 s     dx  0.0005624-0.0028232-0.0006639-0.0310496 0.0009249-0.0057182
           dy -0.0010879 0.0001192-0.0144351-0.0022406-0.0765274-0.0545695
           dz  0.0001280-0.0336722-0.0171590-0.0071663-0.0153021-0.1275896
   8 o     dx  0.0010005-0.0015080 0.0000004-0.0059368-0.0111274 0.0027896
           dy  0.0006948-0.0007163 0.0017908-0.0217493-0.0183644 0.0135197
           dz -0.0011851 0.0055260 0.0002151-0.0047925-0.0101779 0.0192649
   9 u     dx  0.0000649-0.0000858 0.0001655-0.0032389-0.0000822 0.0002757
           dy  0.0001292-0.0004274 0.0012714 0.0000156 0.0008348-0.0003706
           dz  0.0002769-0.0028666 0.0012923-0.0002186-0.0002459-0.0006020
  10 o     dx  0.0011010 0.0002310 0.0001164 0.0000211-0.0000668 0.0000205
           dy -0.0002684-0.0004234-0.0018762 0.0002765-0.0005509 0.0010061
           dz -0.0000454 0.0013133 0.0011349 0.0003386-0.0005590 0.0003758
  11 o     dx  0.0009810 0.0025573-0.0003966-0.0078757 0.0104777 0.0006234
           dy -0.0002883-0.0003577 0.0018529 0.0243677-0.0157038 0.0099176
           dz  0.0005967 0.0053611 0.0001250 0.0102468-0.0115449 0.0190789
  12 o     dx  0.0000401-0.0002299-0.0001854 0.0001749-0.0002092-0.0000347
           dy  0.0000012-0.0001768-0.0002108 0.0000120-0.0002674 0.0000186
           dz -0.0000330 0.0002759 0.0000575 0.0000594 0.0001510 0.0000234
  13 h     dx -0.0000025 0.0000180 0.0000058-0.0000172 0.0000151 0.0000103
           dy -0.0000092 0.0000439 0.0000106 0.0000479 0.0000309 0.0000022
           dz  0.0000039-0.0000174-0.0000116-0.0000232-0.0000264-0.0000068
  14 o     dx -0.0000067 0.0000207 0.0000368 0.0009350 0.0000580-0.0000433
           dy -0.0000208-0.0001772-0.0001941-0.0000480-0.0005606 0.0001834
           dz -0.0000305 0.0003462-0.0003182-0.0002184-0.0005620 0.0005751
  15 h     dx  0.0070398 0.0008302-0.0006905 0.0033323 0.0002620-0.0025124
           dy  0.0008019-0.0054696 0.0022309 0.0024437 0.0027772 0.0278180
           dz -0.0007261 0.0027454 0.0003275-0.0013412 0.0025124-0.0106237
  16 h     dx -0.0011865-0.0001364 0.0000492 0.0068159 0.0001853-0.0004570
           dy -0.0001421 0.0002375-0.0008817 0.0000724-0.0034708-0.0048134
           dz  0.0000546-0.0007621-0.0011106-0.0005242-0.0035484-0.0009816
  17 h     dx  0.0067709 0.0007704-0.0007751-0.0008257 0.0000599-0.0000429
           dy  0.0008676-0.0044152 0.0039192 0.0000651 0.0000203 0.0012001
           dz -0.0007083 0.0030101 0.0000472-0.0000617 0.0010544-0.0008371
  18 h     dx  0.0044535 0.0002047-0.0003556 0.0077241 0.0001962-0.0005532
           dy -0.0023298 0.0059492-0.0265779 0.0002334-0.0038088-0.0038053
           dz -0.0017313 0.0032584-0.0141703-0.0005153-0.0039177-0.0007086
  19 h     dx -0.0455092 0.0202038-0.0102352 0.0037928 0.0024339-0.0012330
           dy  0.0203136-0.2870795 0.1029479 0.0000996 0.0050821 0.0014249
           dz -0.0104525 0.1035785-0.1079573-0.0023292 0.0276609-0.0088420

   ATOM              3 c                           4 c 
                  dx        dy        dz        dx        dy        dz
   3 c     dx  0.1426293
           dy -0.0252990 0.6698402
           dz  0.0511355-0.0004475 0.7293513
   4 c     dx -0.0650392 0.0038929-0.0047326 0.1396193
           dy -0.0018839-0.2692612-0.1341015-0.0301825 0.7224470
           dz -0.0079428-0.0674329-0.1930042 0.0485397-0.0268102 0.6840229
   5 c     dx  0.0082357-0.0078473-0.0027785-0.0663518 0.0074321-0.0234409
           dy -0.0035411 0.0404062-0.0229169 0.0018299-0.1275506-0.0139216
           dz -0.0004008-0.0731729-0.0372813-0.0265896 0.0514980-0.3452938
   6 c     dx -0.0069639 0.0027256 0.0008689 0.0074489 0.0020778-0.0062196
           dy  0.0023016-0.0688645-0.0082527 0.0062876 0.0240859 0.0824652
           dz  0.0007490-0.0035326-0.0007582-0.0038930 0.0335299-0.0183707
   7 s     dx  0.0011358 0.0014959 0.0012955 0.0060955 0.0007790-0.0004548
           dy  0.0006632-0.0189431-0.0037512 0.0003802-0.0009647 0.0006561
           dz  0.0007962 0.0057455 0.0133956-0.0007159 0.0055164 0.0005586
   8 o     dx -0.0005221-0.0012576-0.0043317 0.0003385-0.0008673 0.0008266
           dy -0.0017052-0.0017983-0.0062354 0.0023569-0.0007853-0.0003581
           dz -0.0004451-0.0008304-0.0003547 0.0005220-0.0014166-0.0004882
   9 u     dx -0.0000935-0.0000170-0.0001189 0.0003722 0.0000886-0.0001044
           dy  0.0001048 0.0002091 0.0015770-0.0000347 0.0004707-0.0001552
           dz -0.0001975-0.0003573-0.0026172-0.0000673 0.0003414-0.0006388
  10 o     dx -0.0000979 0.0000115 0.0001901-0.0000017-0.0000056 0.0000460
           dy  0.0001408 0.0000666 0.0014003 0.0000260-0.0003584 0.0003846
           dz  0.0001385 0.0000838 0.0015997 0.0000224-0.0001709 0.0004109
  11 o     dx  0.0001706 0.0012580 0.0047910 0.0001992 0.0007464-0.0010308
           dy  0.0007847-0.0015797-0.0060078-0.0022052-0.0009765 0.0000296
           dz  0.0004104-0.0011591-0.0013831-0.0005380-0.0016198-0.0002524
  12 o     dx -0.0000005-0.0000495-0.0003031 0.0000038-0.0000742 0.0000221
           dy -0.0000269-0.0000861-0.0003996 0.0000100-0.0000728 0.0000395
           dz  0.0000213 0.0000635 0.0003051-0.0000173 0.0000231 0.0000076
  13 h     dx -0.0000051 0.0000056 0.0000227-0.0000002 0.0000035-0.0000012
           dy  0.0000095 0.0000107 0.0000489-0.0000063 0.0000024 0.0000019
           dz -0.0000006-0.0000025-0.0000147 0.0000009-0.0000045 0.0000010
  14 o     dx  0.0000256-0.0000073 0.0000107-0.0000923 0.0000042 0.0000097
           dy -0.0000309-0.0000757-0.0004875 0.0000146-0.0001251 0.0000518
           dz -0.0000193-0.0001206-0.0002809 0.0000517-0.0001253 0.0001637
  15 h     dx -0.0395612 0.0025955-0.0260137 0.0031897 0.0002035-0.0001331
           dy  0.0026892-0.0596863 0.0186102-0.0024383 0.0064237-0.0262484
           dz -0.0259161 0.0175305-0.3274406-0.0016028 0.0042042-0.0129286
  16 h     dx  0.0031977-0.0004241 0.0000238-0.0377251 0.0208093-0.0112439
           dy  0.0022427-0.0187072 0.0139790 0.0208200-0.2826836 0.1058288
           dz  0.0014909-0.0169311 0.0111387-0.0112104 0.1053790-0.1078688
  17 h     dx  0.0072771 0.0004211-0.0011687 0.0033244-0.0024760-0.0015075
           dy  0.0003318 0.0018722 0.0007517 0.0002308 0.0048310 0.0035237
           dz -0.0012030 0.0016977-0.0057470-0.0000019-0.0279722-0.0122234
  18 h     dx -0.0008895-0.0000174 0.0001469 0.0070126 0.0008362-0.0005910
           dy  0.0000033-0.0014869-0.0002232 0.0007465-0.0049061 0.0020051
           dz  0.0001511-0.0003927 0.0006953-0.0006201 0.0029221 0.0012166
  19 h     dx  0.0071236 0.0002390-0.0010370-0.0011641-0.0001409 0.0000875
           dy  0.0001360 0.0008274-0.0014851-0.0001302 0.0004980-0.0006991
           dz -0.0011083-0.0003509-0.0055720 0.0000910-0.0007495-0.0007287

   ATOM              5 c                           6 c 
                  dx        dy        dz        dx        dy        dz
   5 c     dx  0.1416509
           dy -0.0243089 0.7116536
           dz  0.0462459 0.0347639 0.6973498
   6 c     dx -0.0661838 0.0206437-0.0107822 0.1423297
           dy  0.0150687-0.2966389 0.0474145-0.0253512 0.6711928
           dz -0.0139972 0.1138520-0.1656739 0.0504686-0.0001737 0.7337502
   7 s     dx -0.0005385 0.0002716-0.0002257 0.0033434 0.0000785-0.0011374
           dy  0.0002258 0.0002653 0.0030452 0.0001937 0.0045407 0.0024998
           dz -0.0002219 0.0026697-0.0015280-0.0010992 0.0020165-0.0080637
   8 o     dx -0.0001506-0.0003779-0.0000267 0.0007007 0.0005780-0.0007891
           dy -0.0001587-0.0015281-0.0001408 0.0014782 0.0009248 0.0001590
           dz  0.0001687-0.0005627 0.0010811-0.0001090 0.0004276 0.0025186
   9 u     dx -0.0000223 0.0000079 0.0000669-0.0001134 0.0002854-0.0002518
           dy  0.0000011 0.0007840 0.0003954-0.0000561 0.0003597-0.0010352
           dz  0.0000433-0.0010933 0.0001756-0.0001985 0.0024089-0.0013788
  10 o     dx -0.0000591 0.0000870 0.0000375 0.0002184-0.0000467-0.0000197
           dy -0.0000474 0.0001342-0.0005052 0.0002689-0.0021358 0.0019287
           dz -0.0000103 0.0007474 0.0000085 0.0000818-0.0009808 0.0003667
  11 o     dx -0.0001846 0.0003101 0.0002550 0.0010725-0.0004239 0.0010555
           dy  0.0002597-0.0014000-0.0001244-0.0014197 0.0006902 0.0005156
           dz  0.0001073-0.0007208 0.0010580 0.0003608 0.0005758 0.0024348
  12 o     dx  0.0000279-0.0001722-0.0001064 0.0000559-0.0000893 0.0001654
           dy  0.0000029-0.0001805-0.0001208 0.0000107-0.0000884 0.0002048
           dz -0.0000052 0.0001591 0.0000739-0.0000208-0.0000353-0.0000843
  13 h     dx -0.0000051 0.0000126 0.0000047-0.0000052 0.0000020-0.0000046
           dy  0.0000010 0.0000219 0.0000081 0.0000020-0.0000096-0.0000083
           dz  0.0000007-0.0000076-0.0000024-0.0000017-0.0000025 0.0000083
  14 o     dx  0.0000151 0.0000105 0.0000144-0.0000550 0.0000109-0.0000097
           dy -0.0000151-0.0001983-0.0000972-0.0000107-0.0000943 0.0002260
           dz -0.0000152-0.0000533-0.0001682 0.0000452-0.0004160 0.0003761
  15 h     dx  0.0070878 0.0002142-0.0004408-0.0010279 0.0000225 0.0001662
           dy  0.0002892-0.0039963-0.0028566-0.0000061-0.0013817-0.0001975
           dz -0.0004076-0.0037411 0.0004326 0.0001494 0.0001029 0.0007501
  16 h     dx  0.0028267 0.0026962-0.0008466 0.0073510 0.0001780-0.0011590
           dy  0.0000010 0.0005220-0.0014153 0.0002917 0.0021509 0.0004166
           dz -0.0023415 0.0300931-0.0076686-0.0011099-0.0007888-0.0058385
  17 h     dx -0.0369275-0.0011196-0.0033268 0.0035127 0.0020337 0.0015565
           dy -0.0011569-0.2442591-0.1293925-0.0006601-0.0178251-0.0196168
           dz -0.0033708-0.1292145-0.1484020 0.0000628 0.0118113 0.0108682
  18 h     dx  0.0028323-0.0001430-0.0024644-0.0403772 0.0029560-0.0256326
           dy  0.0024922 0.0022208 0.0291621 0.0029359-0.0597606 0.0223243
           dz -0.0009391-0.0022110-0.0093010-0.0257526 0.0228198-0.3311762
  19 h     dx  0.0077965 0.0001909-0.0007069 0.0050595-0.0007160 0.0001284
           dy  0.0001770-0.0017424-0.0029778 0.0017273-0.0143625 0.0098195
           dz -0.0006788-0.0035837-0.0019779 0.0015592-0.0188820 0.0124290

   ATOM              7 s                           8 o 
                  dx        dy        dz        dx        dy        dz
   7 s     dx  0.5083588
           dy -0.0134013 0.3974635
           dz  0.0001639-0.1083442 0.3745877
   8 o     dx -0.2193507-0.1099913 0.0814034 0.2777848
           dy -0.1230962-0.1476945 0.0730957 0.1249969 0.1689459
           dz  0.0975776 0.0878422-0.1242487-0.0853412-0.0746988 0.0870919
   9 u     dx  0.0271294-0.0003428-0.0010008-0.0256881 0.0081622-0.0018800
           dy  0.0004850-0.0274752 0.0184682 0.0148878-0.0215786 0.0020693
           dz -0.0007111 0.0290211-0.0031275-0.0097456-0.0004172-0.0138102
  10 o     dx -0.0037595-0.0016826 0.0006980 0.0012957 0.0023921-0.0044939
           dy -0.0013981-0.0069974-0.0012722 0.0003635 0.0110358-0.0008922
           dz -0.0013748-0.0106296 0.0007851-0.0011187 0.0128763-0.0065975
  11 o     dx -0.2807207 0.1249871-0.0725058-0.0340029 0.0092537-0.0038224
           dy  0.1373718-0.1372680 0.0517292-0.0161531 0.0244935-0.0119841
           dz -0.0911059 0.0673396-0.1023118 0.0142785-0.0132825 0.0252622
  12 o     dx -0.0021416 0.0035556-0.0010874 0.0039399-0.0036495 0.0018557
           dy -0.0007283 0.0030574-0.0010889 0.0001937-0.0031833 0.0021191
           dz  0.0001900-0.0025760 0.0003665-0.0000640 0.0027152-0.0009540
  13 h     dx  0.0001769-0.0002675-0.0000454-0.0000390 0.0001895-0.0000427
           dy -0.0004436-0.0004038 0.0000989 0.0002694 0.0006323-0.0002408
           dz  0.0002286 0.0002029-0.0000693-0.0001653-0.0002601 0.0000401
  14 o     dx -0.0047415-0.0006441 0.0005317 0.0018209 0.0031376 0.0005920
           dy  0.0005916 0.0049389-0.0024090 0.0006030-0.0072976 0.0020778
           dz  0.0018289 0.0016864-0.0043782 0.0022289-0.0080706 0.0099839
  15 h     dx -0.0032003-0.0003673 0.0000727-0.0002325-0.0012273 0.0000564
           dy  0.0000262 0.0013301 0.0035311 0.0004217 0.0003450-0.0012195
           dz  0.0003843-0.0017609-0.0000337 0.0006729 0.0003249-0.0002795
  16 h     dx  0.0003622-0.0000501-0.0000385 0.0000604 0.0002604 0.0001161
           dy  0.0000920 0.0011919 0.0013513-0.0005955-0.0008681 0.0000868
           dz  0.0000258-0.0001681 0.0005734-0.0002490-0.0002896-0.0000625
  17 h     dx -0.0008106-0.0000342 0.0000545-0.0000928-0.0003294 0.0000759
           dy -0.0000340 0.0001660 0.0000350-0.0000949-0.0001724 0.0000003
           dz  0.0000617 0.0002975-0.0000628-0.0000981-0.0001977 0.0001428
  18 h     dx  0.0000164 0.0000727-0.0000089-0.0001314-0.0002560 0.0000386
           dy -0.0001789 0.0007693-0.0017685-0.0003072-0.0002844 0.0005956
           dz -0.0001335 0.0013431-0.0010034-0.0003613-0.0005172 0.0005462
  19 h     dx -0.0008678 0.0000314 0.0000417-0.0007945-0.0007507 0.0011088
           dy -0.0000131 0.0024320-0.0004005-0.0000338-0.0021059 0.0012782
           dz -0.0002311 0.0023008-0.0006911 0.0000906-0.0000138 0.0006483

   ATOM              9 u                          10 o 
                  dx        dy        dz        dx        dy        dz
   9 u     dx  0.1233965
           dy  0.0747843 0.3736247
           dz  0.0041796 0.2698041 0.6577498
  10 o     dx -0.0226580-0.0246038-0.0332863 0.0193179
           dy -0.0144246-0.1072039-0.1378464 0.0234579 0.1005045
           dz -0.0155727-0.1465467-0.3018441 0.0343826 0.1445638 0.2998191
  11 o     dx -0.0172976-0.0078038 0.0066866 0.0029945 0.0005883 0.0010184
           dy  0.0044034-0.0088975-0.0060076 0.0004554 0.0079190 0.0099312
           dz -0.0044144-0.0033446-0.0112298 0.0025362 0.0009003-0.0049813
  12 o     dx -0.0574448-0.0430089 0.0316341-0.0020620-0.0067770-0.0137618
           dy -0.0504632-0.0609348 0.0257523-0.0027694-0.0081534-0.0124967
           dz  0.0238379 0.0130839-0.0415049-0.0020781 0.0030472 0.0155543
  13 h     dx -0.0031868-0.0109269-0.0054862 0.0008525-0.0003823 0.0011802
           dy -0.0064847-0.0087102-0.0073595-0.0007926 0.0009200 0.0012859
           dz  0.0037171 0.0049051 0.0023265-0.0005756-0.0009487 0.0010402
  14 o     dx -0.0221712-0.0039553 0.0068846 0.0049359-0.0016709-0.0048785
           dy -0.0144242-0.1372399-0.1619772 0.0028190 0.0022470-0.0051314
           dz -0.0089727-0.1590618-0.2855228 0.0025952-0.0099379-0.0050671
  15 h     dx -0.0001835-0.0000035-0.0000428 0.0000093 0.0000448 0.0000269
           dy  0.0000256-0.0001951 0.0006808-0.0000392-0.0004154-0.0004159
           dz -0.0000438-0.0003811-0.0001070 0.0000039 0.0001599 0.0000650
  16 h     dx  0.0000593-0.0000245-0.0000101 0.0000156 0.0000067 0.0000003
           dy  0.0000411 0.0005865-0.0002440 0.0000244-0.0000328 0.0001465
           dz -0.0000364-0.0000437-0.0002064 0.0000127 0.0001314 0.0001318
  17 h     dx  0.0000277-0.0000026-0.0000283-0.0000463 0.0000183 0.0000101
           dy  0.0000882 0.0004970 0.0002336 0.0000012-0.0004110-0.0000950
           dz  0.0000006 0.0001469-0.0001271 0.0000096 0.0000617 0.0000486
  18 h     dx  0.0000497 0.0000632-0.0000405-0.0000873-0.0000248 0.0000016
           dy -0.0000690-0.0000002-0.0007338 0.0000625 0.0003680 0.0005652
           dz -0.0000007 0.0003951-0.0005584 0.0000615 0.0000557 0.0003908
  19 h     dx  0.0009984-0.0000509 0.0003279-0.0019902-0.0001981-0.0004392
           dy -0.0014931-0.0047037-0.0090935 0.0004647 0.0034872 0.0055127
           dz  0.0001531-0.0011777 0.0017307-0.0002565-0.0003609-0.0032414

   ATOM             11 o                          12 o 
                  dx        dy        dz        dx        dy        dz
  11 o     dx  0.3336584
           dy -0.1417208 0.1465106
           dz  0.0656343-0.0480134 0.0642532
  12 o     dx  0.0002733-0.0057621 0.0032781 0.1162437
           dy -0.0002578-0.0049436 0.0032470 0.1649057 0.3236062
           dz  0.0000248 0.0033715-0.0008749 0.0742050 0.2122176 0.2664901
  13 h     dx -0.0002554 0.0001718 0.0000897-0.0601318-0.1116889-0.1032834
           dy  0.0001567-0.0000368 0.0002598-0.1146351-0.2651937-0.2347753
           dz -0.0000191 0.0001356-0.0002234-0.1096303-0.2425906-0.2329710
  14 o     dx  0.0025754-0.0024609-0.0004947 0.0012657 0.0008099 0.0070676
           dy -0.0007700-0.0058289 0.0016841 0.0054986 0.0159877 0.0024437
           dz -0.0028152-0.0042534 0.0077434 0.0139619 0.0133008-0.0065324
  15 h     dx -0.0003833 0.0011512 0.0001068-0.0000115-0.0000005 0.0000064
           dy -0.0006515 0.0003684-0.0011253 0.0000504 0.0000665-0.0000653
           dz -0.0007049 0.0000788-0.0001870 0.0000792 0.0000873-0.0000414
  16 h     dx  0.0000327-0.0002246-0.0001458-0.0000119 0.0000048 0.0000003
           dy  0.0006779-0.0008148-0.0000588-0.0001204-0.0001498 0.0000880
           dz  0.0002574-0.0002295-0.0000865 0.0000123 0.0000138-0.0000005
  17 h     dx -0.0001119 0.0002924-0.0000335-0.0000150 0.0000015 0.0000042
           dy  0.0000900-0.0001252-0.0000325-0.0001038-0.0001250 0.0000664
           dz  0.0001516-0.0002267 0.0001250-0.0000310-0.0000449 0.0000271
  18 h     dx -0.0001004 0.0001857 0.0000369-0.0000506-0.0000147 0.0000245
           dy  0.0004074-0.0002059 0.0005344-0.0000031-0.0000020 0.0000390
           dz  0.0005010-0.0004774 0.0004614-0.0000889-0.0001055 0.0000924
  19 h     dx -0.0010251 0.0007908-0.0009502-0.0001555-0.0000028 0.0000606
           dy  0.0001171-0.0018433 0.0009996 0.0008739 0.0008396-0.0002932
           dz  0.0002957-0.0002376 0.0009884 0.0000150 0.0000570-0.0000344

   ATOM             13 h                          14 o 
                  dx        dy        dz        dx        dy        dz
  13 h     dx  0.0620221
           dy  0.1182923 0.2709852
           dz  0.1073119 0.2404239 0.2333352
  14 o     dx  0.0005696 0.0035961-0.0008431 0.0149120
           dy  0.0045839 0.0017055-0.0018397 0.0011943 0.1259668
           dz  0.0002293 0.0002448-0.0034479-0.0088784 0.1654736 0.2869265
  15 h     dx  0.0000032 0.0000004-0.0000000 0.0000224 0.0000054-0.0000027
           dy -0.0000049-0.0000111 0.0000032 0.0000019 0.0000511-0.0000386
           dz -0.0000058-0.0000058 0.0000035-0.0000103 0.0001173 0.0001296
  16 h     dx  0.0000029-0.0000026 0.0000008-0.0000154 0.0000120 0.0000176
           dy  0.0000095 0.0000145-0.0000068 0.0000089-0.0001737-0.0001467
           dz -0.0000010 0.0000001 0.0000007-0.0000007 0.0000136 0.0000308
  17 h     dx  0.0000030-0.0000003-0.0000003-0.0000002 0.0000014 0.0000080
           dy  0.0000058 0.0000098-0.0000062 0.0000105-0.0001276-0.0001427
           dz  0.0000029 0.0000053-0.0000024 0.0000027-0.0000468-0.0000286
  18 h     dx  0.0000053 0.0000002-0.0000001-0.0000010-0.0000048 0.0000037
           dy -0.0000007 0.0000055 0.0000008-0.0000039 0.0000161 0.0001054
           dz  0.0000049 0.0000135-0.0000054 0.0000054-0.0000951-0.0000155
  19 h     dx  0.0000130-0.0000010-0.0000046 0.0000058 0.0000007-0.0000179
           dy -0.0000384-0.0000173 0.0000414-0.0001212 0.0009859 0.0017716
           dz  0.0000081-0.0000141-0.0000005 0.0000031 0.0000066-0.0001691

   ATOM             15 h                          16 h 
                  dx        dy        dz        dx        dy        dz
  15 h     dx  0.0285712
           dy -0.0033826 0.0580772
           dz  0.0290750-0.0215344 0.3503746
  16 h     dx -0.0039089-0.0001697 0.0004330 0.0271431
           dy -0.0002589 0.0010685-0.0002130-0.0229281 0.3004303
           dz  0.0003819 0.0007628 0.0008885 0.0127922-0.1145757 0.1104178
  17 h     dx  0.0003093-0.0001058-0.0000988-0.0041480-0.0001993 0.0004779
           dy  0.0000329 0.0001068 0.0002435-0.0002938 0.0008464-0.0005586
           dz -0.0000233-0.0013465-0.0007105 0.0004259 0.0005488 0.0010966
  18 h     dx -0.0011709-0.0000580 0.0000937 0.0003257 0.0000104-0.0001484
           dy -0.0000617 0.0001146-0.0000039 0.0001511-0.0001223 0.0014872
           dz  0.0000857 0.0000223-0.0001143-0.0000676-0.0001589-0.0005554
  19 h     dx  0.0001149 0.0001062-0.0000339-0.0011974-0.0000475 0.0001158
           dy -0.0000608 0.0004264-0.0004669-0.0000500-0.0000254 0.0000146
           dz -0.0001185 0.0013885-0.0005052 0.0001093 0.0000685 0.0001010

   ATOM             17 h                          18 h 
                  dx        dy        dz        dx        dy        dz
  17 h     dx  0.0255945
           dy  0.0008847 0.2585307
           dz  0.0043412 0.1405615 0.1545470
  18 h     dx -0.0038342-0.0001960 0.0004297 0.0285021
           dy -0.0002876 0.0010680-0.0006352-0.0035848 0.0589482
           dz  0.0003685 0.0004634 0.0008223 0.0286122-0.0236558 0.3526228
  19 h     dx -0.0000075-0.0000692 0.0000094-0.0042791-0.0002057 0.0004200
           dy  0.0000713-0.0004876 0.0004891-0.0002258 0.0011174 0.0002377
           dz  0.0000850-0.0011539 0.0004160 0.0004069 0.0005843 0.0007607

   ATOM             19 h 
                  dx        dy        dz
  19 h     dx  0.0320858
           dy -0.0218140 0.2966715
           dz  0.0123580-0.1091212 0.1126454
 

   *** projected hessian written onto $hessian (projected), file=<hessian> ***

 dipole moment in principle axis system (a.u.) :
     0.7983839883     1.1440582359    -0.0882556305
 norm :   1.39788243291084     

 rotational constants b for rotations around axis of inertia
 and optical intensities for (1 <-- 0) transition

   b   :     0.0071859412     0.0444851652     0.0079166757   (cm**(-1))
   b   :         215.4291        1333.6317         237.3360     (MHz)
  int. :     0.6374169927     1.3088692472     0.0077890563     (a.u.)

   x   :     0.9983097653     0.0231915230    -0.0532894521
   y   :    -0.0228202394     0.9997109595     0.0075653234
   z   :     0.0534495007    -0.0063364581     0.9985504495

   ***  normal modes written onto $vibrational normal modes, file=<vib_normal_modes>  ***

   ***  vibrational spectroscopic data written onto$vibrational spectrum   
        file=<vibspectrum>  ***

          ---------------------------------------------------
          NORMAL MODES and VIBRATIONAL FREQUENCIES (cm**(-1))
          ---------------------------------------------------

 imaginary wave numbers indicate a negative curvature of the energy surface.
 zero frequency modes have no physical meaning except being generators of
 translations and rotations. each vibrational normal mode - given in terms of
 cartesian displacement vectors of all atoms - has been normalized to unity.
 to obtain mass-weigthed normal coordinates in a.u. divide the tabulated
 modes by sqrt(reduced mass * 1822.88853).
 band intensities or cross sections refer to independent non-degenerate normal
 modes, that is, the intensities of degenerate modes have yet to be added.
 dDIP/dQ is the normal mode derivative of the dipole moment.


       mode               1        2        3        4        5        6

     frequency           0.00     0.00     0.00     0.00     0.00     0.00

     symmetry                                                             

        IR                -        -        -        -        -        - 
|dDIP/dQ|   (a.u.)     0.0000   0.0000   0.0000   0.0000   0.0000   0.0000
intensity (km/mol)       0.00     0.00     0.00     0.00     0.00     0.00
intensity (  %   )       0.00     0.00     0.00     0.00     0.00     0.00
 
       RAMAN              -        -        -        -        -        - 
 
  1   c           x  -0.02226  0.07564  0.20249  0.13210  0.19264  0.01482
                  y  -0.03625  0.06068  0.05354  0.02915 -0.06623 -0.15604
                  z   0.22140 -0.01689 -0.02617  0.05948  0.01547  0.00936
  2   c           x   0.00970  0.13347  0.23008  0.08610  0.02109  0.14628
                  y   0.01520  0.04989  0.02205  0.11018 -0.05666 -0.12874
                  z   0.22329 -0.02313 -0.03160  0.07118  0.03189  0.00000
  3   c           x   0.02359  0.24039  0.26947  0.08775 -0.02580  0.23515
                  y   0.03738  0.04912  0.00977  0.14613 -0.05125 -0.11545
                  z   0.26721 -0.04455 -0.06462  0.14621  0.05190  0.01140
  4   c           x   0.00543  0.29132  0.28186  0.13603  0.09996  0.19300
                  y   0.00798  0.05926  0.02910  0.10086 -0.05541 -0.12949
                  z   0.31027 -0.06017 -0.09295  0.21119  0.05577  0.03254
  5   c           x  -0.02647  0.23443  0.25460  0.18217  0.27147  0.06211
                  y  -0.04337  0.07009  0.06056  0.02000 -0.06494 -0.15671
                  z   0.30881 -0.05415 -0.08785  0.20024  0.03957  0.04200
  6   c           x  -0.04021  0.12693  0.21506  0.18008  0.31726 -0.02647
                  y  -0.06531  0.07080  0.07269 -0.01557 -0.07031 -0.16988
                  z   0.26444 -0.03258 -0.05454  0.12456  0.01956  0.03036
  7   s           x   0.03453  0.07079  0.21546  0.02191 -0.14852  0.20662
                  y   0.05538  0.03593 -0.00442  0.17203 -0.05101 -0.10959
                  z   0.16823 -0.00314  0.00463 -0.01195  0.02689 -0.02700
  8   o           x   0.02090 -0.00635  0.18611  0.02766 -0.09306  0.13017
                  y   0.03365  0.12411  0.03699  0.15953 -0.02748 -0.08835
                  z   0.11082 -0.03288  0.00430 -0.01801  0.16975 -0.14893
  9   u           x  -0.00281 -0.17398  0.12386  0.02880 -0.00794 -0.01579
                  y  -0.00435  0.05386  0.03397  0.07935 -0.06034 -0.13917
                  z   0.06802  0.03755  0.07382 -0.17011  0.00517 -0.06816
 10   o           x  -0.03952 -0.17178  0.11516  0.09977  0.21225 -0.14011
                  y  -0.06359  0.05916  0.06784 -0.01579 -0.07371 -0.17339
                  z   0.10548  0.03437  0.05702 -0.13015 -0.02191 -0.03049
 11   o           x   0.02525  0.00654  0.19155  0.02273 -0.11472  0.15001
                  y   0.04043 -0.04656 -0.02404  0.12623 -0.08203 -0.15109
                  z   0.17072  0.05252  0.04561 -0.09832 -0.13846  0.07907
 12   o           x  -0.02353 -0.30445  0.07482  0.03404  0.07188 -0.13713
                  y  -0.03738  0.16330  0.08864  0.05397 -0.03268 -0.11651
                  z  -0.01815  0.00772  0.08448 -0.20281  0.17623 -0.22371
 13   h           x  -0.00906 -0.32782  0.07071  0.00010 -0.02258 -0.09682
                  y  -0.01395  0.17467  0.07977  0.09511 -0.02295 -0.09770
                  z  -0.04967  0.00662  0.09577 -0.23042  0.21009 -0.26242
 14   o           x   0.03247 -0.18694  0.12859 -0.04228 -0.22324  0.09950
                  y   0.05258  0.02825 -0.00548  0.16547 -0.05426 -0.11432
                  z   0.03303  0.05340  0.09922 -0.22795 -0.00723 -0.07949
 15   h           x   0.04860  0.28360  0.29038  0.05120 -0.16076  0.33725
                  y   0.07765  0.04061 -0.01491  0.20954 -0.04378 -0.09411
                  z   0.26760 -0.04897 -0.06811  0.15362  0.06447  0.00365
 16   h           x   0.01617  0.37507  0.31269  0.13757  0.06401  0.26217
                  y   0.02515  0.05872  0.01962  0.12869 -0.05121 -0.11919
                  z   0.34478 -0.07698 -0.11888  0.27012  0.07143  0.04154
 17   h           x  -0.04075  0.27375  0.26410  0.21994  0.37011  0.02868
                  y  -0.06649  0.07808  0.07577 -0.01559 -0.06821 -0.16775
                  z   0.34226 -0.06629 -0.10986  0.25074  0.04260  0.05842
 18   h           x  -0.06517  0.08272  0.19383  0.21626  0.45159 -0.12879
                  y  -0.10550  0.07941  0.09735 -0.07882 -0.07772 -0.19113
                  z   0.26342 -0.02800 -0.05070  0.11631  0.00716  0.03765
 19   h           x  -0.03261 -0.00826  0.17172  0.12976  0.22618 -0.05306
                  y  -0.05278  0.06111  0.06264  0.00233 -0.07031 -0.16600
                  z   0.18643  0.00000  0.00000  0.00000  0.00000  0.00000

reduced mass(g/mol)     9.050   15.572   14.155   16.798    8.749   15.110


       mode               7        8        9       10       11       12

     frequency          33.61    51.21    61.57    67.51   108.21   142.08

     symmetry            a        a        a        a        a        a   

        IR               YES      YES      YES      YES      YES      YES
|dDIP/dQ|   (a.u.)     0.0003   0.0014   0.0010   0.0010   0.0010   0.0022
intensity (km/mol)       0.17     3.54     1.87     1.88     1.67     8.33
intensity (  %   )       0.03     0.64     0.34     0.34     0.30     1.50
 
       RAMAN             YES      YES      YES      YES      YES      YES
 
  1   c           x   0.25248  0.12570  0.01379 -0.01932  0.02381 -0.07309
                  y  -0.00199  0.08935 -0.13345  0.13580 -0.16526 -0.06302
                  z  -0.02202 -0.00498 -0.01846  0.03794 -0.14507  0.16122
  2   c           x   0.05491  0.01648  0.07993  0.11366  0.05652 -0.10326
                  y  -0.00771  0.04454 -0.05944  0.07278 -0.07817 -0.18321
                  z  -0.00457  0.00109 -0.01830  0.02068 -0.13782  0.15015
  3   c           x  -0.20695 -0.06314  0.06830  0.09924  0.04585 -0.07382
                  y  -0.01858  0.02278 -0.02782  0.04126 -0.05393 -0.24816
                  z   0.02111 -0.02946  0.04947 -0.04273 -0.07534  0.02005
  4   c           x  -0.27973 -0.03211 -0.02062 -0.06919 -0.01530  0.02959
                  y  -0.02422  0.04776 -0.07448  0.07490 -0.10621 -0.16487
                  z   0.03048 -0.06653  0.11955 -0.08948  0.00303 -0.11306
  5   c           x  -0.08146  0.08458 -0.09788 -0.22491 -0.06744  0.09986
                  y  -0.01852  0.09346 -0.15000  0.13769 -0.19118 -0.02868
                  z   0.01320 -0.07320  0.12028 -0.07033  0.00052 -0.10901
  6   c           x   0.18354  0.16064 -0.07691 -0.19091 -0.03942  0.02832
                  y  -0.00750  0.11429 -0.17985  0.16923 -0.22173  0.02785
                  z  -0.01284 -0.04179  0.05020 -0.00698 -0.07048  0.02856
  7   s           x   0.09920  0.02995  0.10729  0.12715 -0.00209  0.01925
                  y  -0.00338  0.01315 -0.00389  0.02625 -0.09451 -0.14631
                  z  -0.01094  0.04525 -0.09731  0.08427 -0.07677  0.15256
  8   o           x   0.06513 -0.01159  0.04854  0.09843 -0.00345 -0.08512
                  y   0.00642  0.04226  0.00675  0.10565  0.02151 -0.16963
                  z  -0.06249  0.00227 -0.19176  0.14136  0.09046 -0.09267
  9   u           x  -0.00992 -0.03467 -0.03198 -0.01125  0.00252  0.01715
                  y   0.00044 -0.00583  0.03926 -0.03909  0.05806  0.05148
                  z   0.00217  0.00118 -0.00648 -0.02025  0.04584 -0.03893
 10   o           x   0.01712 -0.19028 -0.00364  0.26316  0.11313 -0.01308
                  y  -0.00409 -0.03378  0.16624 -0.13618 -0.20634  0.10892
                  z   0.00168  0.03645 -0.08013 -0.01731  0.17812 -0.05595
 11   o           x   0.07350  0.00563  0.06529  0.10186  0.00143 -0.01657
                  y  -0.01747  0.02006 -0.07133 -0.00787 -0.07875 -0.12366
                  z   0.04227  0.13996 -0.08271  0.09171 -0.05235  0.35490
 12   o           x  -0.11716  0.30230  0.27945  0.06010  0.00533  0.00992
                  y   0.09114 -0.37904 -0.08360 -0.01814 -0.12215  0.10085
                  z  -0.02489 -0.04449  0.30134  0.13841 -0.23055  0.06570
 13   h           x  -0.14234  0.44593  0.30012 -0.08841 -0.01189 -0.07471
                  y   0.10310 -0.40898 -0.19023  0.03559  0.05174  0.10667
                  z  -0.02572 -0.07993  0.40418  0.15096 -0.40622  0.09894
 14   o           x  -0.00950  0.08306 -0.11015 -0.35051 -0.14325 -0.12702
                  y  -0.01849  0.10300 -0.07537  0.07273  0.36960  0.12626
                  z   0.01323 -0.06042  0.06804 -0.10488 -0.15535 -0.10024
 15   h           x  -0.35514 -0.14181  0.11934  0.19666  0.06719 -0.08999
                  y  -0.02275 -0.01408  0.03499 -0.01311  0.01043 -0.37318
                  z   0.03413 -0.02478  0.04896 -0.05500 -0.07267  0.01363
 16   h           x  -0.48730 -0.09233 -0.03444 -0.09114 -0.03268  0.07758
                  y  -0.03284  0.03132 -0.05073  0.04992 -0.07793 -0.20941
                  z   0.05097 -0.09018  0.17256 -0.13844  0.06659 -0.21593
 17   h           x  -0.13435  0.11627 -0.17393 -0.37161 -0.12921  0.21006
                  y  -0.02272  0.11303 -0.18584  0.16205 -0.22916  0.03863
                  z   0.02013 -0.10194  0.17323 -0.10301  0.05596 -0.20759
 18   h           x   0.33182  0.24806 -0.13531 -0.30743 -0.07648  0.07679
                  y  -0.00359  0.15196 -0.24322  0.22261 -0.28815  0.14853
                  z  -0.02557 -0.04645  0.05030  0.00750 -0.07289  0.03405
 19   h           x   0.43242  0.17465  0.02431 -0.00071  0.03244 -0.08128
                  y   0.00506  0.10253 -0.15405  0.15625 -0.18625 -0.02645
                  z  -0.04047  0.01549 -0.06648  0.08020 -0.19448  0.24724

reduced mass(g/mol)     4.481    7.289    8.177    9.203   10.234    9.922


       mode              13       14       15       16       17       18

     frequency         147.72   181.82   190.93   207.11   217.23   246.05

     symmetry            a        a        a        a        a        a   

        IR               YES      YES      YES      YES      YES      YES
|dDIP/dQ|   (a.u.)     0.0012   0.0045   0.0016   0.0030   0.0010   0.0053
intensity (km/mol)       2.60    35.98     4.42    16.23     1.63    49.22
intensity (  %   )       0.47     6.49     0.80     2.93     0.29     8.88
 
       RAMAN             YES      YES      YES      YES      YES      YES
 
  1   c           x  -0.17706  0.01138 -0.06374 -0.14019  0.05853  0.02332
                  y  -0.01157 -0.00562  0.05622 -0.06867  0.04247  0.04478
                  z  -0.12413  0.03994  0.21121  0.00116  0.09425 -0.01892
  2   c           x  -0.23436  0.01603 -0.06185 -0.13011  0.05645  0.01087
                  y   0.08473 -0.03653 -0.08608 -0.05627 -0.03018  0.04373
                  z  -0.10690  0.03626  0.18915  0.00353  0.08245 -0.02014
  3   c           x  -0.16412  0.04155 -0.05876 -0.13878  0.05162  0.02745
                  y   0.13373 -0.05485 -0.13062 -0.07603 -0.04858  0.07428
                  z  -0.02056 -0.00190  0.09352 -0.02106  0.04341  0.02219
  4   c           x   0.05912  0.02912  0.00400 -0.00911 -0.00529  0.01533
                  y   0.08142 -0.03332 -0.04195 -0.06845 -0.00804  0.06033
                  z   0.05884 -0.03796 -0.04696 -0.03987 -0.01987  0.05426
  5   c           x   0.19540 -0.02225  0.05911  0.11669 -0.04440 -0.02210
                  y  -0.01816  0.00056  0.10450 -0.06135  0.06142  0.04133
                  z   0.03904 -0.03113 -0.04154 -0.05099 -0.01184  0.05705
  6   c           x   0.03912 -0.02588  0.00157  0.00414  0.00550 -0.00644
                  y  -0.07086  0.01748  0.15605 -0.05935  0.08860  0.02580
                  z  -0.04649  0.00787  0.08282 -0.02318  0.04020  0.01539
  7   s           x   0.04105  0.00906  0.02832  0.06952 -0.02759 -0.00495
                  y   0.05540 -0.00926  0.05109 -0.03902  0.04098 -0.01645
                  z  -0.08511  0.02235 -0.05080  0.05762 -0.05846 -0.03843
  8   o           x   0.03799 -0.10968  0.09458  0.29755 -0.06641 -0.01398
                  y  -0.07287  0.04634 -0.17087 -0.18047  0.01322 -0.04366
                  z  -0.28005 -0.12071 -0.23026  0.38809 -0.20316 -0.09770
  9   u           x   0.00291 -0.07379 -0.00901 -0.04979  0.00792 -0.01895
                  y  -0.02476  0.04320  0.00681  0.01254 -0.01447 -0.06672
                  z   0.01661 -0.01627  0.02860 -0.02177 -0.00334  0.04162
 10   o           x   0.11011  0.66546  0.11818 -0.00715 -0.17551  0.23286
                  y  -0.14504 -0.24423  0.00093 -0.03218 -0.30611  0.50090
                  z   0.05457  0.05330  0.01983  0.00092  0.16441 -0.29802
 11   o           x   0.04848 -0.08056  0.08653  0.29120 -0.07101 -0.04331
                  y   0.24738 -0.09131  0.03352  0.25813 -0.07888 -0.05252
                  z   0.24273  0.14908 -0.31965 -0.19112 -0.14634 -0.00936
 12   o           x   0.00522  0.03220  0.00118  0.01983  0.01129 -0.11821
                  y   0.02239 -0.07046 -0.12367  0.05988  0.16186 -0.06474
                  z   0.08236 -0.00974 -0.18700  0.17707  0.29639  0.02553
 13   h           x  -0.10204  0.09717  0.11602 -0.09433 -0.30690 -0.35105
                  y   0.05574 -0.17369 -0.01019 -0.05461  0.07707 -0.10465
                  z   0.09697  0.07010 -0.36028  0.35112  0.53328  0.17940
 14   o           x  -0.12879  0.52181 -0.14370  0.23077  0.16780  0.21704
                  y   0.04640 -0.16563  0.00049  0.10349  0.24877  0.45891
                  z  -0.02906  0.11430  0.03666 -0.08084 -0.15717 -0.26533
 15   h           x  -0.20522  0.07087 -0.07292 -0.18542  0.06553  0.03864
                  y   0.22611 -0.09211 -0.24944 -0.09867 -0.10498  0.12172
                  z  -0.01084 -0.00674  0.08641 -0.01779  0.03800  0.02352
 16   h           x   0.16338  0.05390  0.02811  0.02682 -0.03027  0.02335
                  y   0.12409 -0.04564 -0.09338 -0.06709 -0.03583  0.06829
                  z   0.12963 -0.06809 -0.16063 -0.04313 -0.07430  0.06827
 17   h           x   0.42035 -0.04375  0.13870  0.27553 -0.10721 -0.05143
                  y  -0.05529  0.01634  0.16862 -0.04891  0.08683  0.02756
                  z   0.08856 -0.05382 -0.13507 -0.07161 -0.04747  0.07795
 18   h           x   0.13353 -0.04111  0.02877  0.05458 -0.01330 -0.01424
                  y  -0.15670  0.05186  0.27151 -0.04188  0.14291 -0.01134
                  z  -0.06185  0.01170  0.09021 -0.02641  0.04642  0.01368
 19   h           x  -0.20151  0.06753 -0.07374 -0.19798  0.06552  0.05418
                  y  -0.04335  0.01126  0.10733 -0.07410  0.07178  0.03838
                  z  -0.19223  0.06680  0.32527  0.00100  0.15684 -0.04040

reduced mass(g/mol)     8.160   16.335    7.719   11.644    8.664   14.244


       mode              19       20       21       22       23       24

     frequency         304.59   324.48   406.39   463.23   495.62   500.05

     symmetry            a        a        a        a        a        a   

        IR               YES      YES      YES      YES      YES      YES
|dDIP/dQ|   (a.u.)     0.0013   0.0037   0.0001   0.0115   0.0064   0.0071
intensity (km/mol)       2.97    24.62     0.01   236.70    72.32    90.50
intensity (  %   )       0.54     4.44     0.00    42.72    13.05    16.33
 
       RAMAN             YES      YES      YES      YES      YES      YES
 
  1   c           x   0.26342 -0.08636  0.19411 -0.00303 -0.00003 -0.00419
                  y  -0.04577 -0.17674  0.00923  0.00910  0.00253  0.06897
                  z   0.00501  0.07998 -0.01629  0.00753  0.00152  0.06244
  2   c           x   0.05577  0.01125  0.02020  0.00412 -0.00090  0.07183
                  y  -0.03986 -0.09888  0.00108 -0.01971 -0.00554 -0.17292
                  z   0.02622  0.08629 -0.00114 -0.00220 -0.00083 -0.02092
  3   c           x   0.21009 -0.07026 -0.21864  0.00190  0.00052  0.01955
                  y  -0.07127 -0.22041 -0.01051 -0.01112 -0.00352 -0.12904
                  z  -0.03854 -0.06045  0.01873  0.01900  0.00453  0.14533
  4   c           x   0.09074 -0.04779  0.18286 -0.00161  0.00069 -0.01724
                  y  -0.06545 -0.19323  0.00853 -0.00229 -0.00171 -0.06990
                  z  -0.06268 -0.15803 -0.01619  0.01241  0.00325  0.09164
  5   c           x  -0.21531  0.08016  0.02820  0.00320 -0.00056  0.03908
                  y  -0.06903 -0.17588  0.00129  0.02314  0.00542  0.16071
                  z  -0.03682 -0.17186 -0.00283  0.01282  0.00351  0.08977
  6   c           x   0.03563 -0.01284 -0.21767 -0.00219  0.00020 -0.02574
                  y  -0.03893 -0.12815 -0.01010  0.01834  0.00449  0.13357
                  z  -0.01198 -0.02887  0.01871  0.00431  0.00111  0.04166
  7   s           x  -0.13319  0.04496  0.00500  0.00714  0.00140 -0.01784
                  y   0.06335  0.27660  0.00127 -0.05211 -0.01061 -0.26692
                  z   0.03116  0.02927 -0.00040 -0.01852 -0.00581 -0.22488
  8   o           x  -0.00646 -0.07635  0.00074 -0.06273 -0.01240 -0.27361
                  y  -0.19295  0.43255  0.01313  0.05209  0.01100  0.29005
                  z  -0.06677  0.00021  0.00508 -0.00040  0.00321  0.05889
  9   u           x  -0.00604  0.00769  0.00055 -0.03354 -0.00137  0.00933
                  y  -0.00326 -0.02689 -0.00021 -0.03547  0.00103  0.00217
                  z   0.00206  0.01430 -0.00003  0.02017 -0.00050 -0.00085
 10   o           x   0.00525  0.00737 -0.00698  0.01724 -0.00653 -0.00473
                  y   0.01345  0.06330 -0.00038  0.04808  0.00768 -0.01847
                  z  -0.00970 -0.04890  0.00118  0.03012 -0.00327 -0.06398
 11   o           x   0.02149 -0.02328 -0.00004  0.04134  0.01017  0.23317
                  y   0.36803  0.12936 -0.01256  0.03592  0.01001  0.30468
                  z   0.08599  0.00078 -0.00579  0.00092  0.00059  0.05018
 12   o           x   0.00381 -0.01788  0.00045  0.42736  0.06469 -0.10753
                  y   0.00117 -0.00730  0.00108  0.45396 -0.04257 -0.06666
                  z  -0.00404 -0.00461  0.00001 -0.23747  0.00592  0.03053
 13   h           x   0.00012 -0.05990 -0.00033  0.54019 -0.80693  0.12484
                  y   0.00864 -0.01485  0.00105  0.41296  0.54592 -0.33687
                  z  -0.01018  0.02378  0.00040 -0.24688 -0.20749  0.20971
 14   o           x  -0.01663  0.01200 -0.00001  0.02537  0.01209 -0.00797
                  y  -0.00163  0.03289 -0.00011  0.00000 -0.01653  0.00364
                  z   0.00194 -0.00369 -0.00016 -0.08413  0.01516  0.04090
 15   h           x   0.29453 -0.09418 -0.48600  0.00188  0.00189 -0.03821
                  y  -0.12738 -0.40471 -0.02375  0.00238  0.00087 -0.02310
                  z  -0.04910 -0.06833  0.04183  0.01929  0.00464  0.15583
 16   h           x   0.12090 -0.07169  0.42510 -0.00462  0.00185 -0.08978
                  y  -0.06947 -0.20362  0.01998 -0.01089 -0.00409 -0.15182
                  z  -0.07585 -0.17250 -0.03714 -0.00676 -0.00213 -0.07212
 17   h           x  -0.52839  0.19879  0.08146  0.00851 -0.00052  0.05558
                  y  -0.07058 -0.13621  0.00408  0.02761  0.00669  0.20588
                  z  -0.02933 -0.23082 -0.00773  0.00687  0.00167  0.02393
 18   h           x  -0.00630 -0.00790 -0.48706 -0.00073  0.00183 -0.08205
                  y   0.00328  0.00395 -0.02261  0.01233  0.00226  0.07987
                  z  -0.00496 -0.01877  0.04136  0.00441  0.00085  0.04443
 19   h           x   0.41791 -0.15432  0.40211 -0.00122  0.00143 -0.04752
                  y  -0.03877 -0.18661  0.01845  0.01542  0.00539  0.16028
                  z  -0.01006  0.06580 -0.03510  0.02606  0.00749  0.25727

reduced mass(g/mol)     6.704    9.934    2.876    8.777    1.124   11.517


       mode              25       26       27       28       29       30

     frequency         512.93   571.21   584.68   622.82   704.88   712.50

     symmetry            a        a        a        a        a        a   

        IR               YES      YES      YES      YES      YES      YES
|dDIP/dQ|   (a.u.)     0.0027   0.0043   0.0083   0.0010   0.0036   0.0042
intensity (km/mol)      12.66    33.57   123.07     1.64    23.33    30.84
intensity (  %   )       2.29     6.06    22.21     0.30     4.21     5.57
 
       RAMAN             YES      YES      YES      YES      YES      YES
 
  1   c           x   0.02060 -0.01279 -0.00056 -0.01901 -0.02290  0.10370
                  y   0.00455  0.05392  0.00641  0.31700  0.07422  0.00461
                  z   0.00175 -0.10741 -0.00439 -0.04197 -0.26646 -0.00670
  2   c           x  -0.35601 -0.01606 -0.00074 -0.01232 -0.00672 -0.12631
                  y  -0.02789  0.13587  0.00264  0.06543 -0.24680 -0.00415
                  z   0.02968 -0.04277 -0.00347 -0.11865 -0.17686  0.01233
  3   c           x  -0.02573 -0.02262 -0.00078 -0.02178  0.02369  0.09700
                  y  -0.00972  0.12577  0.00137 -0.08355 -0.17772  0.00601
                  z   0.01123 -0.17146 -0.00721 -0.30000  0.13809 -0.00942
  4   c           x   0.15785 -0.00008  0.00050  0.02134  0.01840 -0.16629
                  y   0.00274  0.02693 -0.00433 -0.34731 -0.18269 -0.00639
                  z  -0.00858 -0.01809  0.00141  0.05744  0.17096  0.01294
  5   c           x  -0.20956  0.00151  0.00020  0.01401  0.00710  0.08839
                  y  -0.00056 -0.10953 -0.00286 -0.07874  0.25095  0.00224
                  z   0.02302 -0.00256  0.00252  0.11946  0.17806 -0.00890
  6   c           x   0.12397  0.00714  0.00055  0.02565 -0.03136 -0.15123
                  y   0.01365 -0.07617 -0.00053  0.07124  0.08037 -0.00764
                  z  -0.00875  0.01996  0.00409  0.33694 -0.27044  0.01534
  7   s           x   0.05112  0.03206  0.00175 -0.00338  0.00501  0.00098
                  y  -0.00979 -0.07572 -0.00353  0.01695  0.10180 -0.00088
                  z  -0.01977  0.35092  0.00904 -0.02577  0.11639 -0.00124
  8   o           x  -0.00053 -0.41881 -0.01962  0.05018  0.01163 -0.00047
                  y   0.09945  0.02840  0.00575  0.00071 -0.02030  0.00387
                  z   0.03190 -0.21315 -0.00664  0.00975 -0.02851  0.00514
  9   u           x   0.00174  0.00381 -0.00058 -0.00038 -0.00017  0.00020
                  y  -0.00044 -0.00040 -0.00101  0.00035 -0.00039 -0.00001
                  z   0.00015  0.00075  0.00002  0.00081 -0.00000 -0.00005
 10   o           x  -0.00577  0.00113 -0.00189 -0.00131  0.00084 -0.00286
                  y  -0.00047 -0.02278 -0.00807 -0.00315  0.00164  0.00038
                  z  -0.00302 -0.01430 -0.01985 -0.00568  0.00782  0.00102
 11   o           x   0.02311  0.36293  0.01504 -0.04596 -0.01431 -0.00053
                  y  -0.06143  0.02924  0.00434 -0.00068 -0.02144 -0.00331
                  z  -0.02616 -0.26719 -0.00796  0.01647 -0.02793 -0.00451
 12   o           x  -0.00612 -0.01631 -0.03732  0.00756  0.00218 -0.00068
                  y  -0.00177 -0.01112 -0.01685  0.00521  0.00163 -0.00021
                  z   0.00070 -0.02532  0.09013 -0.00774 -0.00202  0.00034
 13   h           x   0.01671 -0.17096  0.49360 -0.03064 -0.00631  0.00101
                  y  -0.02567 -0.22742  0.48580 -0.02352 -0.00584 -0.00079
                  z   0.01545  0.28406 -0.71264  0.04208  0.01025  0.00013
 14   o           x  -0.00155 -0.00777  0.01846 -0.00075 -0.00047 -0.00029
                  y   0.00033  0.03144  0.00406 -0.00529  0.00049 -0.00039
                  z   0.00203  0.04458 -0.02366 -0.00562 -0.00339 -0.00053
 15   h           x   0.27001 -0.01497 -0.00080 -0.02892  0.02215  0.53963
                  y   0.01057  0.13352  0.00551  0.07725  0.11220  0.02448
                  z  -0.01403 -0.16946 -0.00675 -0.28588  0.16216 -0.04790
 16   h           x   0.52035  0.02023  0.00095  0.03072  0.00088  0.14574
                  y   0.01488  0.11156 -0.00197 -0.27285 -0.34607  0.00968
                  z  -0.05069  0.15595  0.00641  0.20923 -0.16891 -0.01127
 17   h           x  -0.32367  0.00459 -0.00070 -0.02780  0.02009  0.61353
                  y  -0.00329 -0.11957 -0.00035  0.16882  0.23065  0.02756
                  z   0.02882  0.01234 -0.00121 -0.23520  0.19874 -0.05410
 18   h           x   0.45415  0.01773  0.00052  0.03239 -0.01384  0.09775
                  y   0.02645 -0.13158 -0.00602 -0.11848 -0.31954  0.00766
                  z  -0.03662  0.01256  0.00349  0.31884 -0.30738 -0.00529
 19   h           x   0.32173 -0.01362 -0.00113 -0.02586 -0.00057  0.44426
                  y   0.02406 -0.00750  0.00631  0.26421  0.18779  0.01933
                  z  -0.01302 -0.24780 -0.00709 -0.16773 -0.03790 -0.03842

reduced mass(g/mol)     3.708   12.601    1.193    6.430    6.842    2.059


       mode              31       32       33       34       35       36

     frequency         765.52   811.31   845.36   874.16   948.26   981.48

     symmetry            a        a        a        a        a        a   

        IR               YES      YES      YES      YES      YES      YES
|dDIP/dQ|   (a.u.)     0.0046   0.0038   0.0177   0.0001   0.0006   0.0122
intensity (km/mol)      36.81    25.36   554.13     0.03     0.68   263.58
intensity (  %   )       6.64     4.58   100.00     0.01     0.12    47.57
 
       RAMAN             YES      YES      YES      YES      YES      YES
 
  1   c           x   0.07562 -0.00107 -0.00153  0.04334 -0.06049  0.02270
                  y   0.00364 -0.00544  0.00894  0.00198 -0.00251 -0.11455
                  z  -0.00610  0.01339 -0.01031 -0.00358  0.00471  0.07553
  2   c           x  -0.16520  0.00259  0.00085  0.00529  0.05764  0.00324
                  y  -0.00753  0.00235 -0.00159  0.00035  0.00268  0.02513
                  z   0.01435 -0.00441  0.00742 -0.00057 -0.00474 -0.00150
  3   c           x   0.08448 -0.00221  0.00155 -0.07461 -0.11320 -0.02357
                  y   0.00431  0.00464  0.00083 -0.00345 -0.00551  0.01752
                  z  -0.00773 -0.01727  0.01780  0.00617  0.01051 -0.09203
  4   c           x   0.01024  0.00249 -0.00096 -0.07446  0.03879  0.02593
                  y   0.00067 -0.00759  0.01325 -0.00350  0.00204 -0.05961
                  z  -0.00109  0.00485 -0.00488  0.00644 -0.00365  0.02327
  5   c           x   0.11962 -0.00054 -0.00017  0.02093  0.09704 -0.00658
                  y   0.00524  0.01099 -0.01936  0.00096  0.00434  0.10547
                  z  -0.01043  0.00892 -0.01204 -0.00178 -0.00844  0.04498
  6   c           x  -0.00665  0.00126 -0.00035  0.08957 -0.04836 -0.01349
                  y  -0.00043  0.01073 -0.01203  0.00413 -0.00221  0.02665
                  z   0.00110  0.01083 -0.01119 -0.00763  0.00440  0.00520
  7   s           x   0.01096  0.01215  0.00194  0.00224 -0.00685  0.14612
                  y   0.00037  0.01996  0.00364  0.00042 -0.00117  0.29681
                  z  -0.00119 -0.02916  0.01221 -0.00040  0.00118 -0.22639
  8   o           x   0.00167 -0.10456 -0.00493 -0.00347  0.00248 -0.53680
                  y   0.01315  0.00313 -0.00272 -0.00310 -0.00181 -0.41839
                  z   0.00374  0.01183 -0.01539  0.00094 -0.00189  0.30131
  9   u           x   0.00013  0.00042  0.00489 -0.00005 -0.00002  0.00106
                  y  -0.00004 -0.00470  0.04602  0.00001  0.00001 -0.00053
                  z   0.00003 -0.01657  0.07568  0.00002 -0.00003  0.00359
 10   o           x   0.00066  0.08334 -0.06652  0.00182 -0.00148 -0.01268
                  y   0.00011  0.37375 -0.23129  0.00004  0.00017 -0.04541
                  z   0.00006  0.70125 -0.45158 -0.00004  0.00039 -0.07886
 11   o           x   0.00259  0.07136  0.00076 -0.00292  0.00009  0.22828
                  y  -0.01220  0.01658 -0.00275  0.00219  0.00338 -0.17464
                  z  -0.00424 -0.00515 -0.01704  0.00000  0.00066  0.11276
 12   o           x   0.00012 -0.07749 -0.00712  0.00010 -0.00012  0.01005
                  y   0.00004 -0.07994 -0.02471 -0.00003 -0.00003  0.01295
                  z  -0.00019  0.05837 -0.02687 -0.00010  0.00013 -0.01131
 13   h           x  -0.00051 -0.07180 -0.22623 -0.00016  0.00014 -0.00055
                  y  -0.00048 -0.05971 -0.16916 -0.00028  0.00026 -0.01247
                  z   0.00069  0.02541  0.23646  0.00030 -0.00032  0.02352
 14   o           x  -0.00034  0.00001  0.01570 -0.00004  0.00016 -0.00385
                  y  -0.00008 -0.29404 -0.41130 -0.00010 -0.00008  0.02897
                  z  -0.00006 -0.47652 -0.64588 -0.00016 -0.00016  0.04233
 15   h           x  -0.14839 -0.00959  0.00189  0.49619  0.62779  0.06305
                  y  -0.00695  0.03581 -0.02686  0.02360  0.02886  0.16146
                  z   0.01240 -0.01388  0.01662 -0.04319 -0.05360 -0.08637
 16   h           x  -0.61620 -0.00273 -0.00086  0.48228 -0.21012 -0.10284
                  y  -0.02877 -0.00839  0.01529  0.02305 -0.01010 -0.09252
                  z   0.05340  0.00464  0.00168 -0.04121  0.01712 -0.02320
 17   h           x  -0.50290 -0.00488  0.00294 -0.14495 -0.53814  0.01698
                  y  -0.02426  0.02433 -0.03892 -0.00685 -0.02612  0.17655
                  z   0.04247 -0.00969  0.01406  0.01227  0.04606 -0.05623
 18   h           x  -0.52549  0.00443 -0.00038 -0.58412  0.26889  0.06920
                  y  -0.02476  0.00030 -0.00136 -0.02862  0.01353  0.07187
                  z   0.04479  0.00945 -0.01121  0.04900 -0.02226  0.00478
 19   h           x  -0.06819  0.00376 -0.00121 -0.35764  0.39636 -0.04119
                  y  -0.00287 -0.01292  0.03515 -0.01619  0.01785 -0.16059
                  z   0.00672  0.03131  0.00135  0.03221 -0.03697  0.01786

reduced mass(g/mol)     1.624   15.888   15.644    1.247    1.377   16.439


       mode              37       38       39       40       41       42

     frequency         999.67  1018.49  1026.83  1036.41  1051.70  1102.01

     symmetry            a        a        a        a        a        a   

        IR               YES      YES      YES      YES      YES      YES
|dDIP/dQ|   (a.u.)     0.0008   0.0040   0.0089   0.0030   0.0012   0.0009
intensity (km/mol)       1.03    28.97   141.16    16.05     2.45     1.49
intensity (  %   )       0.19     5.23    25.47     2.90     0.44     0.27
 
       RAMAN             YES      YES      YES      YES      YES      YES
 
  1   c           x  -0.04395 -0.02304  0.09043 -0.12449 -0.00111  0.00362
                  y  -0.00663  0.33780 -0.12608 -0.01658  0.00893 -0.10482
                  z   0.00623 -0.17401  0.05645  0.01324  0.07081 -0.02465
  2   c           x   0.00517  0.00176 -0.00456  0.01833  0.00212 -0.00491
                  y   0.00142 -0.06447  0.02247  0.00074  0.07917  0.02241
                  z   0.00005 -0.03540  0.02023 -0.00069  0.05615 -0.04285
  3   c           x   0.07428  0.03872 -0.02017  0.01872 -0.00294  0.00510
                  y   0.00418 -0.03398  0.00680 -0.00092  0.07593  0.06350
                  z  -0.01048  0.37551 -0.16566 -0.01444 -0.00238  0.09392
  4   c           x  -0.11047 -0.01465 -0.00475 -0.00241  0.02139  0.00297
                  y  -0.00704  0.07027 -0.01086  0.00444 -0.18417 -0.07586
                  z   0.01025 -0.04429  0.01300 -0.00329  0.14852 -0.00649
  5   c           x   0.09153  0.00956  0.03616 -0.02926 -0.00293 -0.00729
                  y   0.00845 -0.31188  0.12722  0.01227 -0.12005  0.04651
                  z  -0.00565 -0.20605  0.09236  0.01249 -0.08331 -0.05956
  6   c           x  -0.01827 -0.00879 -0.08248  0.10142 -0.01724  0.00722
                  y  -0.00026 -0.00743 -0.01075  0.00177  0.09177  0.00454
                  z   0.00109  0.07308 -0.03131 -0.00563 -0.21220  0.09183
  7   s           x  -0.00559  0.11538  0.24909  0.03392  0.00348  0.00372
                  y   0.00470  0.01178 -0.08616 -0.00851 -0.01305 -0.00746
                  z  -0.00327 -0.00796  0.04731  0.00455 -0.00512  0.01451
  8   o           x  -0.00058 -0.11553 -0.11790 -0.02190  0.00119  0.00535
                  y  -0.00101 -0.07963 -0.05704 -0.01312  0.00172  0.00477
                  z   0.00143  0.05556  0.03575  0.00897 -0.00091 -0.00891
  9   u           x  -0.00002  0.00073  0.00197  0.00035  0.00002  0.00007
                  y  -0.00001 -0.00077  0.00073  0.00007 -0.00009  0.00029
                  z   0.00006 -0.00165 -0.00020 -0.00006 -0.00008  0.00031
 10   o           x  -0.00082 -0.00062 -0.00275 -0.00316 -0.00023 -0.00013
                  y  -0.00060  0.00674  0.00083 -0.00008 -0.00009 -0.00118
                  z  -0.00104  0.01188  0.00315  0.00024 -0.00019 -0.00111
 11   o           x   0.01354 -0.12404 -0.39758 -0.05263 -0.00898 -0.01191
                  y  -0.00842  0.06263  0.22667  0.03004  0.00565  0.00674
                  z   0.00418 -0.03093 -0.12251 -0.01653 -0.00275 -0.00943
 12   o           x   0.00022 -0.00101 -0.00622 -0.00087  0.00009 -0.00055
                  y   0.00022  0.00030 -0.00410 -0.00040  0.00016 -0.00057
                  z  -0.00013  0.00021  0.00228  0.00031 -0.00005  0.00022
 13   h           x  -0.00014  0.00316  0.00480  0.00082  0.00019 -0.00023
                  y   0.00024 -0.00384 -0.01088 -0.00140 -0.00010 -0.00038
                  z   0.00005  0.00275  0.00403  0.00056  0.00020 -0.00019
 14   o           x   0.00012 -0.00275 -0.00490 -0.00070 -0.00009  0.00003
                  y   0.00032  0.00546 -0.00439 -0.00017  0.00033 -0.00144
                  z   0.00039  0.00979 -0.00417  0.00009  0.00056 -0.00237
 15   h           x  -0.45516 -0.00382 -0.02787 -0.06359 -0.02009 -0.01316
                  y  -0.01844 -0.05224 -0.05756 -0.02197  0.43592  0.52469
                  z   0.03547  0.38768 -0.17605 -0.00934  0.03329  0.13531
 16   h           x   0.62801  0.04731  0.08835 -0.03877  0.04098 -0.01572
                  y   0.02732  0.04921  0.01821  0.00066 -0.04175 -0.22623
                  z  -0.05500 -0.05991  0.03562 -0.00718  0.47863 -0.30882
 17   h           x  -0.53835 -0.07583 -0.20718  0.19096  0.00654 -0.05288
                  y  -0.02003 -0.33948  0.09374  0.02084 -0.13027  0.31480
                  z   0.04606 -0.18095  0.15282 -0.00189 -0.10231 -0.44227
 18   h           x   0.15130  0.09960  0.45360 -0.55721 -0.06903  0.00232
                  y   0.00958 -0.03025 -0.00092 -0.04211  0.51254  0.19754
                  z  -0.01287  0.04492 -0.07028  0.04973 -0.18642  0.11516
 19   h           x   0.21904 -0.08246 -0.47364  0.77598  0.06160 -0.02058
                  y   0.00392  0.37028 -0.15060  0.02063  0.11368 -0.25197
                  z  -0.01925 -0.15781  0.13234 -0.07298  0.27814 -0.31321

reduced mass(g/mol)     1.332    6.990    7.873    1.429    2.687    1.539


       mode              43       44       45       46       47       48

     frequency        1108.69  1169.39  1199.66  1339.70  1369.25  1476.08

     symmetry            a        a        a        a        a        a   

        IR               YES      YES      YES      YES      YES      YES
|dDIP/dQ|   (a.u.)     0.0037   0.0000   0.0014   0.0015   0.0008   0.0025
intensity (km/mol)      24.89     0.00     3.28     3.81     1.16    11.17
intensity (  %   )       4.49     0.00     0.59     0.69     0.21     2.02
 
       RAMAN             YES      YES      YES      YES      YES      YES
 
  1   c           x   0.00744 -0.00022 -0.00330 -0.00318  0.01132 -0.00637
                  y  -0.04252  0.01026 -0.03596  0.01431  0.11699  0.10526
                  z   0.07124  0.00132 -0.06473 -0.03255  0.19449 -0.01607
  2   c           x  -0.00294  0.00007 -0.00163  0.01782 -0.01342  0.01632
                  y  -0.28940  0.00297 -0.00101 -0.09390  0.09727 -0.08211
                  z  -0.19983  0.00294 -0.01716  0.15684 -0.10119  0.14402
  3   c           x  -0.00786 -0.00168  0.00296 -0.00177  0.00987 -0.00648
                  y   0.02814  0.01185 -0.04368 -0.00670 -0.24616 -0.04955
                  z  -0.07658 -0.01322  0.01022 -0.02496 -0.02043 -0.10232
  4   c           x  -0.00510 -0.00335  0.00242 -0.00727  0.00981 -0.00014
                  y   0.12546 -0.01671  0.01224 -0.01415  0.07150  0.13040
                  z   0.01168 -0.04846  0.03474 -0.09183  0.15393  0.07001
  5   c           x  -0.00065  0.00612  0.00078  0.00087 -0.02335  0.01345
                  y  -0.04502 -0.03363  0.00432  0.00197  0.13760 -0.07642
                  z  -0.03429  0.05397  0.01268  0.01099 -0.19770  0.11563
  6   c           x   0.00642 -0.00104 -0.00070 -0.00465  0.00629 -0.00186
                  y   0.04338  0.02918  0.05462  0.08486 -0.17157 -0.11951
                  z   0.09586  0.00337  0.02351 -0.00581 -0.01975 -0.08877
  7   s           x   0.00117 -0.00014  0.00006 -0.00072  0.00051 -0.00087
                  y   0.02674 -0.00000  0.00145 -0.00092 -0.00174  0.00019
                  z   0.02647 -0.00125  0.00146 -0.00852  0.00359 -0.00962
  8   o           x   0.00526  0.00037 -0.00122  0.00174 -0.00045  0.00099
                  y   0.00260  0.00059 -0.00082  0.00411 -0.00111  0.00257
                  z  -0.00370  0.00036  0.00001  0.00307 -0.00417  0.00373
  9   u           x  -0.00001 -0.00000  0.00002  0.00002  0.00002 -0.00001
                  y  -0.00010 -0.00002  0.00014  0.00009  0.00012 -0.00004
                  z   0.00016 -0.00001  0.00003  0.00011  0.00005 -0.00007
 10   o           x  -0.00033  0.00004  0.00020  0.00005  0.00016  0.00013
                  y  -0.00084  0.00008  0.00009 -0.00072 -0.00064  0.00022
                  z  -0.00241  0.00024  0.00130  0.00007  0.00104  0.00102
 11   o           x  -0.00665 -0.00027  0.00135 -0.00148 -0.00040 -0.00051
                  y   0.00240  0.00052 -0.00075  0.00400 -0.00104  0.00254
                  z  -0.00303  0.00046 -0.00023  0.00350 -0.00439  0.00403
 12   o           x   0.00045  0.00005 -0.00034 -0.00017 -0.00026  0.00004
                  y   0.00045  0.00006 -0.00037 -0.00018 -0.00026  0.00005
                  z  -0.00039 -0.00003  0.00024  0.00006  0.00014  0.00001
 13   h           x  -0.00028 -0.00003 -0.00004  0.00000 -0.00005 -0.00001
                  y  -0.00043 -0.00002  0.00008 -0.00006  0.00002  0.00008
                  z   0.00100  0.00010 -0.00046 -0.00018 -0.00032  0.00001
 14   o           x  -0.00004 -0.00000  0.00003  0.00003  0.00003 -0.00000
                  y   0.00054  0.00011 -0.00053 -0.00026 -0.00043  0.00018
                  z   0.00026  0.00014 -0.00068 -0.00036 -0.00057  0.00040
 15   h           x  -0.02972 -0.01053  0.01938 -0.02293 -0.01954 -0.01909
                  y   0.51937  0.22737 -0.44774  0.51010  0.47288  0.22753
                  z  -0.05122  0.00267 -0.02105  0.01332  0.03259 -0.09726
 16   h           x   0.01626 -0.03308  0.01951  0.02320  0.00536 -0.03030
                  y   0.28406 -0.23782  0.13987  0.21967  0.03674 -0.06776
                  z   0.33409 -0.51553  0.30372  0.38964  0.08163 -0.38960
 17   h           x   0.00261  0.06781  0.00593  0.01830  0.03881 -0.06332
                  y  -0.06814 -0.39244 -0.02300 -0.09949 -0.23124  0.37707
                  z   0.00532  0.56888  0.05384  0.15864  0.33068 -0.53230
 18   h           x  -0.00895 -0.01487 -0.02341  0.01382  0.00155 -0.02570
                  y   0.38994  0.35900  0.62933 -0.35576 -0.04048  0.43315
                  z   0.12898  0.03098  0.07343 -0.04458 -0.00867 -0.05876
 19   h           x   0.03691 -0.00573 -0.03363 -0.03838 -0.03783 -0.02035
                  y   0.10994 -0.01962 -0.22697 -0.21456 -0.22357  0.03943
                  z   0.42211 -0.06338 -0.46423 -0.52435 -0.54719 -0.20535

reduced mass(g/mol)     2.897    1.096    1.150    1.581    3.760    2.283


       mode              49       50       51       52       53       54

     frequency        1517.43  1643.71  1646.61  3152.12  3162.11  3171.37

     symmetry            a        a        a        a        a        a   

        IR               YES      YES      YES      YES      YES      YES
|dDIP/dQ|   (a.u.)     0.0019   0.0006   0.0007   0.0069   0.0020   0.0014
intensity (km/mol)       6.28     0.57     0.99    84.82     6.84     3.28
intensity (  %   )       1.13     0.10     0.18    15.31     1.24     0.59
 
       RAMAN             YES      YES      YES      YES      YES      YES
 
  1   c           x   0.01096  0.01453  0.01647 -0.00657 -0.00178 -0.00105
                  y   0.01433 -0.09903  0.17691  0.07594  0.02098  0.01255
                  z   0.13469  0.11442  0.28993 -0.03485 -0.00911 -0.00532
  2   c           x  -0.00014 -0.02930 -0.01172  0.00025  0.00014 -0.00004
                  y  -0.09927  0.23812 -0.06348 -0.00040 -0.00162  0.00119
                  z  -0.05591 -0.20816 -0.17082  0.00266  0.00065  0.00011
  3   c           x  -0.00916  0.02052  0.00215  0.00094 -0.00490  0.00486
                  y   0.11896 -0.31912  0.18328 -0.00102  0.00460 -0.00393
                  z  -0.04094  0.06219  0.12573  0.01030 -0.05413  0.05408
  4   c           x   0.01055 -0.01657 -0.01810 -0.00075  0.00381  0.00045
                  y   0.02514  0.13107 -0.15153  0.00839 -0.04231 -0.00837
                  z   0.13653 -0.12032 -0.29429 -0.00412  0.02092  0.00052
  5   c           x   0.00033  0.03365  0.01517 -0.00014  0.00028  0.00057
                  y  -0.08790 -0.24125  0.03622 -0.01118  0.02769  0.04299
                  z  -0.04470  0.25946  0.19749 -0.00790  0.01875  0.03064
  6   c           x  -0.01006 -0.01981 -0.00232  0.00174 -0.00104 -0.00313
                  y   0.13999  0.27206 -0.20578 -0.00516 -0.00047  0.00074
                  z  -0.03964 -0.08119 -0.14240  0.01770 -0.01270 -0.03672
  7   s           x   0.00026  0.00085  0.00042 -0.00003 -0.00001 -0.00001
                  y   0.00108 -0.00081  0.00112 -0.00008 -0.00003  0.00012
                  z   0.00276  0.00950  0.00476 -0.00018 -0.00009  0.00004
  8   o           x   0.00164 -0.00124 -0.00073 -0.00002  0.00008 -0.00013
                  y   0.00233 -0.00281 -0.00103  0.00029  0.00009 -0.00008
                  z  -0.00099 -0.00542 -0.00144 -0.00006 -0.00001  0.00003
  9   u           x   0.00002  0.00003  0.00001  0.00002  0.00000  0.00000
                  y   0.00011  0.00011  0.00009  0.00004  0.00001  0.00001
                  z   0.00016  0.00022 -0.00002  0.00010  0.00002  0.00001
 10   o           x  -0.00001 -0.00018  0.00018 -0.00012 -0.00003 -0.00001
                  y  -0.00119 -0.00185 -0.00043 -0.00055 -0.00013 -0.00007
                  z  -0.00037 -0.00181  0.00122 -0.00107 -0.00026 -0.00012
 11   o           x  -0.00214  0.00059  0.00046  0.00002 -0.00008  0.00015
                  y   0.00224 -0.00290 -0.00092  0.00026  0.00009 -0.00007
                  z  -0.00076 -0.00572 -0.00173 -0.00002  0.00001  0.00001
 12   o           x  -0.00019 -0.00016 -0.00023 -0.00012 -0.00003 -0.00003
                  y  -0.00020 -0.00017 -0.00026 -0.00011 -0.00003 -0.00003
                  z   0.00005 -0.00001  0.00018  0.00005  0.00001  0.00002
 13   h           x  -0.00002 -0.00003 -0.00001  0.00003  0.00001 -0.00000
                  y  -0.00010 -0.00017  0.00009 -0.00012 -0.00003 -0.00004
                  z  -0.00017 -0.00008 -0.00041 -0.00023 -0.00006 -0.00008
 14   o           x   0.00003  0.00003  0.00001  0.00002  0.00000  0.00000
                  y  -0.00032 -0.00041 -0.00031 -0.00015 -0.00003 -0.00004
                  z  -0.00058 -0.00085 -0.00036 -0.00028 -0.00006 -0.00005
 15   h           x   0.01117 -0.00887  0.01966 -0.01041  0.05780 -0.05581
                  y  -0.40181  0.39825 -0.22035  0.00813 -0.04864  0.04584
                  z  -0.09100  0.11830  0.10831 -0.11615  0.64184 -0.62024
 16   h           x  -0.02199 -0.01188  0.02230  0.00923 -0.04524 -0.00695
                  y  -0.23255  0.19669  0.15370 -0.10488  0.51376  0.08310
                  z  -0.38298 -0.03146  0.34348  0.04963 -0.24256 -0.03493
 17   h           x  -0.00512 -0.04258 -0.01571  0.00163 -0.00383 -0.00608
                  y  -0.07392  0.20431  0.23294  0.13125 -0.33187 -0.50886
                  z  -0.10145 -0.38509 -0.05534  0.09268 -0.23002 -0.35515
 18   h           x   0.01264  0.00046 -0.02329 -0.01994  0.01326  0.03791
                  y  -0.43700 -0.26483  0.27346  0.02068 -0.01085 -0.03227
                  z  -0.09923 -0.14158 -0.11604 -0.22506  0.15159  0.43249
 19   h           x  -0.02948  0.00871 -0.03278  0.07395  0.01983  0.01109
                  y  -0.28636 -0.18820 -0.15981 -0.85151 -0.22925 -0.12746
                  z  -0.48115 -0.00952 -0.46128  0.39647  0.10578  0.05949

reduced mass(g/mol)     2.084    6.180    5.536    1.093    1.085    1.089


       mode              55       56       57

     frequency        3183.25  3194.49  3898.22

     symmetry            a        a        a   

        IR               YES      YES      YES
|dDIP/dQ|   (a.u.)     0.0041   0.0054   0.0034
intensity (km/mol)      29.61    51.97    20.91
intensity (  %   )       5.34     9.38     3.77
 
       RAMAN             YES      YES      YES
 
  1   c           x  -0.00085  0.00037 -0.00000
                  y   0.01192 -0.00608  0.00001
                  z  -0.00338  0.00097 -0.00000
  2   c           x   0.00019  0.00002  0.00000
                  y  -0.00140 -0.00044  0.00000
                  z   0.00137 -0.00001 -0.00000
  3   c           x  -0.00286 -0.00150  0.00000
                  y   0.00051 -0.00059  0.00000
                  z  -0.03283 -0.01773  0.00001
  4   c           x  -0.00426 -0.00378 -0.00000
                  y   0.05008  0.04105 -0.00000
                  z  -0.02188 -0.02123  0.00000
  5   c           x   0.00035  0.00059 -0.00000
                  y  -0.00525  0.04796  0.00000
                  z   0.00117  0.03363  0.00000
  6   c           x  -0.00513  0.00420 -0.00000
                  y   0.00396 -0.00573 -0.00000
                  z  -0.05866  0.04667 -0.00001
  7   s           x  -0.00001  0.00000 -0.00000
                  y  -0.00006 -0.00013 -0.00002
                  z  -0.00012 -0.00002  0.00000
  8   o           x   0.00007  0.00011 -0.00000
                  y   0.00009  0.00013  0.00005
                  z   0.00000 -0.00005 -0.00003
  9   u           x   0.00000 -0.00000 -0.00001
                  y   0.00000 -0.00001 -0.00002
                  z   0.00001 -0.00000 -0.00004
 10   o           x  -0.00001  0.00000 -0.00004
                  y  -0.00008  0.00008  0.00004
                  z  -0.00011  0.00003  0.00024
 11   o           x  -0.00007 -0.00013  0.00000
                  y   0.00009  0.00012  0.00004
                  z   0.00002 -0.00003 -0.00001
 12   o           x  -0.00001  0.00003 -0.01973
                  y  -0.00001  0.00004 -0.04363
                  z   0.00001 -0.00003 -0.03988
 13   h           x   0.00000  0.00001  0.31215
                  y  -0.00000  0.00005  0.69605
                  z  -0.00001  0.00014  0.64357
 14   o           x   0.00000 -0.00000  0.00020
                  y  -0.00001  0.00005  0.00005
                  z  -0.00002  0.00005 -0.00029
 15   h           x   0.03256  0.01691 -0.00000
                  y  -0.02463 -0.01135 -0.00001
                  z   0.36302  0.18936 -0.00004
 16   h           x   0.04920  0.04059 -0.00000
                  y  -0.56169 -0.45906  0.00006
                  z   0.26196  0.21846 -0.00002
 17   h           x  -0.00009 -0.00625  0.00000
                  y   0.03710 -0.53040  0.00004
                  z   0.01971 -0.36943  0.00002
 18   h           x   0.05891 -0.04589  0.00001
                  y  -0.05294  0.04466  0.00000
                  z   0.67039 -0.52028  0.00005
 19   h           x   0.00941 -0.00405  0.00001
                  y  -0.11095  0.04882 -0.00016
                  z   0.04889 -0.02038  0.00002

reduced mass(g/mol)     1.093    1.098    1.066
 

         **************************************************************
         *                                                            *
         *  zero point VIBRATIONAL energy  :      0.1174435  Hartree  *
         *    SCF-energy                   :  -1483.1912120           *
         *    SCF + E(vib0)                :  -1483.0737686           *
         *                                                            *
         **************************************************************




 time elapsed for vibrational analysis     0.69 sec


    ------------------------------------------------------------------------
         total  cpu-time :   5 days  7 hours 56 minutes and  4 seconds
         total wall-time :  8 hours  5 minutes and 35 seconds
    ------------------------------------------------------------------------

   ****  force : all done  ****


    2019-12-17 18:15:21.647 

aoforce ended normally 
