#############################################################
#                                                           #
#                      N u m F o r c e                      #
#                Numerical Second Derivatives               #
#                                                           #
#############################################################

 running on u-0-11.local
 date: Thu Jan 25 10:07:45 CET 2018

NumForce has been started with the -mfile option, hence it can be
    run in parallel. This is most efficient if the serial binaries
    are used and started independently at a time. 

    -> Starting several serial single-point jobs for optimal speed up...
execute parallel run using NODEFILE: /var/spool/torque/aux//289735.phlam-s-sakura.univ-lille1.fr
There are 32 free nodes:  u-0-11:1 u-0-11:2 u-0-11:3 u-0-11:4 u-0-11:5 u-0-11:6 u-0-11:7 u-0-11:8 u-0-11:9 u-0-11:10 u-0-11:11 u-0-11:12 u-0-11:13 u-0-11:14 u-0-11:15 u-0-11:16 u-0-11:17 u-0-11:18 u-0-11:19 u-0-11:20 u-0-11:21 u-0-11:22 u-0-11:23 u-0-11:24 u-0-11:25 u-0-11:26 u-0-11:27 u-0-11:28 u-0-11:29 u-0-11:30 u-0-11:31 u-0-11:32 
all nodes will be used for calculation
ModuleCmd_Load.c(208):ERROR:105: Unable to locate a modulefile for 'turbomole/smp'
ModuleCmd_Load.c(208):ERROR:105: Unable to locate a modulefile for 'gcc'
ModuleCmd_Load.c(208):ERROR:105: Unable to locate a modulefile for 'gnuplot'
login test on u-0-11:1
ModuleCmd_Load.c(208):ERROR:105: Unable to locate a modulefile for 'turbomole/smp'
ModuleCmd_Load.c(208):ERROR:105: Unable to locate a modulefile for 'gcc'
ModuleCmd_Load.c(208):ERROR:105: Unable to locate a modulefile for 'gnuplot'
login test on u-0-11:2
ModuleCmd_Load.c(208):ERROR:105: Unable to locate a modulefile for 'turbomole/smp'
ModuleCmd_Load.c(208):ERROR:105: Unable to locate a modulefile for 'gcc'
ModuleCmd_Load.c(208):ERROR:105: Unable to locate a modulefile for 'gnuplot'
login test on u-0-11:3
ModuleCmd_Load.c(208):ERROR:105: Unable to locate a modulefile for 'turbomole/smp'
ModuleCmd_Load.c(208):ERROR:105: Unable to locate a modulefile for 'gcc'
ModuleCmd_Load.c(208):ERROR:105: Unable to locate a modulefile for 'gnuplot'
login test on u-0-11:4
ModuleCmd_Load.c(208):ERROR:105: Unable to locate a modulefile for 'turbomole/smp'
ModuleCmd_Load.c(208):ERROR:105: Unable to locate a modulefile for 'gcc'
ModuleCmd_Load.c(208):ERROR:105: Unable to locate a modulefile for 'gnuplot'
login test on u-0-11:5
ModuleCmd_Load.c(208):ERROR:105: Unable to locate a modulefile for 'turbomole/smp'
ModuleCmd_Load.c(208):ERROR:105: Unable to locate a modulefile for 'gcc'
ModuleCmd_Load.c(208):ERROR:105: Unable to locate a modulefile for 'gnuplot'
login test on u-0-11:6
ModuleCmd_Load.c(208):ERROR:105: Unable to locate a modulefile for 'turbomole/smp'
ModuleCmd_Load.c(208):ERROR:105: Unable to locate a modulefile for 'gcc'
ModuleCmd_Load.c(208):ERROR:105: Unable to locate a modulefile for 'gnuplot'
login test on u-0-11:7
ModuleCmd_Load.c(208):ERROR:105: Unable to locate a modulefile for 'turbomole/smp'
ModuleCmd_Load.c(208):ERROR:105: Unable to locate a modulefile for 'gcc'
ModuleCmd_Load.c(208):ERROR:105: Unable to locate a modulefile for 'gnuplot'
login test on u-0-11:8
ModuleCmd_Load.c(208):ERROR:105: Unable to locate a modulefile for 'turbomole/smp'
ModuleCmd_Load.c(208):ERROR:105: Unable to locate a modulefile for 'gcc'
ModuleCmd_Load.c(208):ERROR:105: Unable to locate a modulefile for 'gnuplot'
login test on u-0-11:9
ModuleCmd_Load.c(208):ERROR:105: Unable to locate a modulefile for 'turbomole/smp'
ModuleCmd_Load.c(208):ERROR:105: Unable to locate a modulefile for 'gcc'
ModuleCmd_Load.c(208):ERROR:105: Unable to locate a modulefile for 'gnuplot'
login test on u-0-11:10
ModuleCmd_Load.c(208):ERROR:105: Unable to locate a modulefile for 'turbomole/smp'
ModuleCmd_Load.c(208):ERROR:105: Unable to locate a modulefile for 'gcc'
ModuleCmd_Load.c(208):ERROR:105: Unable to locate a modulefile for 'gnuplot'
login test on u-0-11:11
ModuleCmd_Load.c(208):ERROR:105: Unable to locate a modulefile for 'turbomole/smp'
ModuleCmd_Load.c(208):ERROR:105: Unable to locate a modulefile for 'gcc'
ModuleCmd_Load.c(208):ERROR:105: Unable to locate a modulefile for 'gnuplot'
login test on u-0-11:12
ModuleCmd_Load.c(208):ERROR:105: Unable to locate a modulefile for 'turbomole/smp'
ModuleCmd_Load.c(208):ERROR:105: Unable to locate a modulefile for 'gcc'
ModuleCmd_Load.c(208):ERROR:105: Unable to locate a modulefile for 'gnuplot'
login test on u-0-11:13
ModuleCmd_Load.c(208):ERROR:105: Unable to locate a modulefile for 'turbomole/smp'
ModuleCmd_Load.c(208):ERROR:105: Unable to locate a modulefile for 'gcc'
ModuleCmd_Load.c(208):ERROR:105: Unable to locate a modulefile for 'gnuplot'
login test on u-0-11:14
ModuleCmd_Load.c(208):ERROR:105: Unable to locate a modulefile for 'turbomole/smp'
ModuleCmd_Load.c(208):ERROR:105: Unable to locate a modulefile for 'gcc'
ModuleCmd_Load.c(208):ERROR:105: Unable to locate a modulefile for 'gnuplot'
login test on u-0-11:15
ModuleCmd_Load.c(208):ERROR:105: Unable to locate a modulefile for 'turbomole/smp'
ModuleCmd_Load.c(208):ERROR:105: Unable to locate a modulefile for 'gcc'
ModuleCmd_Load.c(208):ERROR:105: Unable to locate a modulefile for 'gnuplot'
login test on u-0-11:16
ModuleCmd_Load.c(208):ERROR:105: Unable to locate a modulefile for 'turbomole/smp'
ModuleCmd_Load.c(208):ERROR:105: Unable to locate a modulefile for 'gcc'
ModuleCmd_Load.c(208):ERROR:105: Unable to locate a modulefile for 'gnuplot'
login test on u-0-11:17
ModuleCmd_Load.c(208):ERROR:105: Unable to locate a modulefile for 'turbomole/smp'
ModuleCmd_Load.c(208):ERROR:105: Unable to locate a modulefile for 'gcc'
ModuleCmd_Load.c(208):ERROR:105: Unable to locate a modulefile for 'gnuplot'
login test on u-0-11:18
ModuleCmd_Load.c(208):ERROR:105: Unable to locate a modulefile for 'turbomole/smp'
ModuleCmd_Load.c(208):ERROR:105: Unable to locate a modulefile for 'gcc'
ModuleCmd_Load.c(208):ERROR:105: Unable to locate a modulefile for 'gnuplot'
login test on u-0-11:19
ModuleCmd_Load.c(208):ERROR:105: Unable to locate a modulefile for 'turbomole/smp'
ModuleCmd_Load.c(208):ERROR:105: Unable to locate a modulefile for 'gcc'
ModuleCmd_Load.c(208):ERROR:105: Unable to locate a modulefile for 'gnuplot'
login test on u-0-11:20
ModuleCmd_Load.c(208):ERROR:105: Unable to locate a modulefile for 'turbomole/smp'
ModuleCmd_Load.c(208):ERROR:105: Unable to locate a modulefile for 'gcc'
ModuleCmd_Load.c(208):ERROR:105: Unable to locate a modulefile for 'gnuplot'
login test on u-0-11:21
ModuleCmd_Load.c(208):ERROR:105: Unable to locate a modulefile for 'turbomole/smp'
ModuleCmd_Load.c(208):ERROR:105: Unable to locate a modulefile for 'gcc'
ModuleCmd_Load.c(208):ERROR:105: Unable to locate a modulefile for 'gnuplot'
login test on u-0-11:22
ModuleCmd_Load.c(208):ERROR:105: Unable to locate a modulefile for 'turbomole/smp'
ModuleCmd_Load.c(208):ERROR:105: Unable to locate a modulefile for 'gcc'
ModuleCmd_Load.c(208):ERROR:105: Unable to locate a modulefile for 'gnuplot'
login test on u-0-11:23
ModuleCmd_Load.c(208):ERROR:105: Unable to locate a modulefile for 'turbomole/smp'
ModuleCmd_Load.c(208):ERROR:105: Unable to locate a modulefile for 'gcc'
ModuleCmd_Load.c(208):ERROR:105: Unable to locate a modulefile for 'gnuplot'
login test on u-0-11:24
ModuleCmd_Load.c(208):ERROR:105: Unable to locate a modulefile for 'turbomole/smp'
ModuleCmd_Load.c(208):ERROR:105: Unable to locate a modulefile for 'gcc'
ModuleCmd_Load.c(208):ERROR:105: Unable to locate a modulefile for 'gnuplot'
login test on u-0-11:25
ModuleCmd_Load.c(208):ERROR:105: Unable to locate a modulefile for 'turbomole/smp'
ModuleCmd_Load.c(208):ERROR:105: Unable to locate a modulefile for 'gcc'
ModuleCmd_Load.c(208):ERROR:105: Unable to locate a modulefile for 'gnuplot'
login test on u-0-11:26
ModuleCmd_Load.c(208):ERROR:105: Unable to locate a modulefile for 'turbomole/smp'
ModuleCmd_Load.c(208):ERROR:105: Unable to locate a modulefile for 'gcc'
ModuleCmd_Load.c(208):ERROR:105: Unable to locate a modulefile for 'gnuplot'
login test on u-0-11:27
ModuleCmd_Load.c(208):ERROR:105: Unable to locate a modulefile for 'turbomole/smp'
ModuleCmd_Load.c(208):ERROR:105: Unable to locate a modulefile for 'gcc'
ModuleCmd_Load.c(208):ERROR:105: Unable to locate a modulefile for 'gnuplot'
login test on u-0-11:28
ModuleCmd_Load.c(208):ERROR:105: Unable to locate a modulefile for 'turbomole/smp'
ModuleCmd_Load.c(208):ERROR:105: Unable to locate a modulefile for 'gcc'
ModuleCmd_Load.c(208):ERROR:105: Unable to locate a modulefile for 'gnuplot'
login test on u-0-11:29
ModuleCmd_Load.c(208):ERROR:105: Unable to locate a modulefile for 'turbomole/smp'
ModuleCmd_Load.c(208):ERROR:105: Unable to locate a modulefile for 'gcc'
ModuleCmd_Load.c(208):ERROR:105: Unable to locate a modulefile for 'gnuplot'
login test on u-0-11:30
ModuleCmd_Load.c(208):ERROR:105: Unable to locate a modulefile for 'turbomole/smp'
ModuleCmd_Load.c(208):ERROR:105: Unable to locate a modulefile for 'gcc'
ModuleCmd_Load.c(208):ERROR:105: Unable to locate a modulefile for 'gnuplot'
login test on u-0-11:31
ModuleCmd_Load.c(208):ERROR:105: Unable to locate a modulefile for 'turbomole/smp'
ModuleCmd_Load.c(208):ERROR:105: Unable to locate a modulefile for 'gcc'
ModuleCmd_Load.c(208):ERROR:105: Unable to locate a modulefile for 'gnuplot'
login test on u-0-11:32
#############################################################
                    
 NumForce Settings:
    differentiation increment = 0.01
    type                      = 'central'
    dimension of calculation  = 'norm'
    number of atoms           = 31
    #CPUs                     = 32
    machine file              = /var/spool/torque/aux//289735.phlam-s-sakura.univ-lille1.fr
    restart                   = 
    gradient check            = on
    stop after preparation    = 
    scripts directory         = /home/pcmt/COSMOlogic/turbomole/7.2.1/TURBOMOLE/scripts
    scratch path              = /state/partition2/vallet/289735.phlam-s-sakura
                    
 TURBOMOLE Settings:
    load directory            = /home/pcmt/COSMOlogic/turbomole/7.2.1/TURBOMOLE/bin/em64t-unknown-linux-gnu
    SCF-convergence $scfconv  = 8
    level of calculation      = ri scf
    program to generate MOs     /home/pcmt/COSMOlogic/turbomole/7.2.1/TURBOMOLE/bin/em64t-unknown-linux-gnu/ridft
    program for gradients       /home/pcmt/COSMOlogic/turbomole/7.2.1/TURBOMOLE/bin/em64t-unknown-linux-gnu/rdgrad
                    
#############################################################

CHECKING GRADIENT NORM
 ridft ended normally
 rdgrad ended normally
   gradient norm                  : 0.10935112E-03
GRADIENT NORM INDICATES STATIONARY POINT OF ENERGY.


 ruecker ended normally 
TYPE central IS USED.
number of single point calculations: 186

#############################################################

CALCULATIONS OF GRADIENTS IN DISPLACED GEOMETRIES WILL BE CARRIED OUT NOW
step xm01 started  (#1 of 186)
step xm02 started  (#2 of 186)
step xm03 started  (#3 of 186)
step xm04 started  (#4 of 186)
step xm05 started  (#5 of 186)
step xm06 started  (#6 of 186)
step xm07 started  (#7 of 186)
step xm08 started  (#8 of 186)
step xm09 started  (#9 of 186)
step xm10 started  (#10 of 186)
step xm11 started  (#11 of 186)
step xm12 started  (#12 of 186)
step xm13 started  (#13 of 186)
step xm14 started  (#14 of 186)
step xm15 started  (#15 of 186)
step xm16 started  (#16 of 186)
step xm17 started  (#17 of 186)
step xm18 started  (#18 of 186)
step xm19 started  (#19 of 186)
step xm20 started  (#20 of 186)
step xm21 started  (#21 of 186)
step xm22 started  (#22 of 186)
step xm23 started  (#23 of 186)
step xm24 started  (#24 of 186)
step xm25 started  (#25 of 186)
step xm26 started  (#26 of 186)
step xm27 started  (#27 of 186)
step xm28 started  (#28 of 186)
step xm29 started  (#29 of 186)
step xm30 started  (#30 of 186)
step xm31 started  (#31 of 186)
step xp01 started  (#32 of 186)
step xp02 started  (#33 of 186)
step xp03 started  (#34 of 186)
step xp04 started  (#35 of 186)
step xp05 started  (#36 of 186)
step xp06 started  (#37 of 186)
step xp07 started  (#38 of 186)
step xp08 started  (#39 of 186)
step xp09 started  (#40 of 186)
step xp10 started  (#41 of 186)
step xp11 started  (#42 of 186)
step xp12 started  (#43 of 186)
step xp13 started  (#44 of 186)
step xp14 started  (#45 of 186)
step xp15 started  (#46 of 186)
step xp16 started  (#47 of 186)
step xp17 started  (#48 of 186)
step xp18 started  (#49 of 186)
step xp19 started  (#50 of 186)
step xp20 started  (#51 of 186)
step xp21 started  (#52 of 186)
step xp22 started  (#53 of 186)
step xp23 started  (#54 of 186)
step xp24 started  (#55 of 186)
step xp25 started  (#56 of 186)
step xp26 started  (#57 of 186)
step xp27 started  (#58 of 186)
step xp28 started  (#59 of 186)
step xp29 started  (#60 of 186)
step xp30 started  (#61 of 186)
step xp31 started  (#62 of 186)
step ym01 started  (#63 of 186)
step ym02 started  (#64 of 186)
step ym03 started  (#65 of 186)
step ym04 started  (#66 of 186)
step ym05 started  (#67 of 186)
step ym06 started  (#68 of 186)
step ym07 started  (#69 of 186)
step ym08 started  (#70 of 186)
step ym09 started  (#71 of 186)
step ym10 started  (#72 of 186)
step ym11 started  (#73 of 186)
step ym12 started  (#74 of 186)
step ym13 started  (#75 of 186)
step ym14 started  (#76 of 186)
step ym15 started  (#77 of 186)
step ym16 started  (#78 of 186)
step ym17 started  (#79 of 186)
step ym18 started  (#80 of 186)
step ym19 started  (#81 of 186)
step ym20 started  (#82 of 186)
step ym21 started  (#83 of 186)
step ym22 started  (#84 of 186)
step ym23 started  (#85 of 186)
step ym24 started  (#86 of 186)
step ym25 started  (#87 of 186)
step ym26 started  (#88 of 186)
step ym27 started  (#89 of 186)
step ym28 started  (#90 of 186)
step ym29 started  (#91 of 186)
step ym30 started  (#92 of 186)
step ym31 started  (#93 of 186)
step yp01 started  (#94 of 186)
step yp02 started  (#95 of 186)
step yp03 started  (#96 of 186)
step yp04 started  (#97 of 186)
step yp05 started  (#98 of 186)
step yp06 started  (#99 of 186)
step yp07 started  (#100 of 186)
step yp08 started  (#101 of 186)
step yp09 started  (#102 of 186)
step yp10 started  (#103 of 186)
step yp11 started  (#104 of 186)
step yp12 started  (#105 of 186)
step yp13 started  (#106 of 186)
step yp14 started  (#107 of 186)
step yp15 started  (#108 of 186)
step yp16 started  (#109 of 186)
step yp17 started  (#110 of 186)
step yp18 started  (#111 of 186)
step yp19 started  (#112 of 186)
step yp20 started  (#113 of 186)
step yp21 started  (#114 of 186)
step yp22 started  (#115 of 186)
step yp23 started  (#116 of 186)
step yp24 started  (#117 of 186)
step yp25 started  (#118 of 186)
step yp26 started  (#119 of 186)
step yp27 started  (#120 of 186)
step yp28 started  (#121 of 186)
step yp29 started  (#122 of 186)
step yp30 started  (#123 of 186)
step yp31 started  (#124 of 186)
step zm01 started  (#125 of 186)
step zm02 started  (#126 of 186)
step zm03 started  (#127 of 186)
step zm04 started  (#128 of 186)
step zm05 started  (#129 of 186)
step zm06 started  (#130 of 186)
step zm07 started  (#131 of 186)
step zm08 started  (#132 of 186)
step zm09 started  (#133 of 186)
step zm10 started  (#134 of 186)
step zm11 started  (#135 of 186)
step zm12 started  (#136 of 186)
step zm13 started  (#137 of 186)
step zm14 started  (#138 of 186)
step zm15 started  (#139 of 186)
step zm16 started  (#140 of 186)
step zm17 started  (#141 of 186)
step zm18 started  (#142 of 186)
step zm19 started  (#143 of 186)
step zm20 started  (#144 of 186)
step zm21 started  (#145 of 186)
step zm22 started  (#146 of 186)
step zm23 started  (#147 of 186)
step zm24 started  (#148 of 186)
step zm25 started  (#149 of 186)
step zm26 started  (#150 of 186)
step zm27 started  (#151 of 186)
step zm28 started  (#152 of 186)
step zm29 started  (#153 of 186)
step zm30 started  (#154 of 186)
step zm31 started  (#155 of 186)
step zp01 started  (#156 of 186)
step zp02 started  (#157 of 186)
step zp03 started  (#158 of 186)
step zp04 started  (#159 of 186)
step zp05 started  (#160 of 186)
step zp06 started  (#161 of 186)
step zp07 started  (#162 of 186)
step zp08 started  (#163 of 186)
step zp09 started  (#164 of 186)
step zp10 started  (#165 of 186)
step zp11 started  (#166 of 186)
step zp12 started  (#167 of 186)
step zp13 started  (#168 of 186)
step zp14 started  (#169 of 186)
step zp15 started  (#170 of 186)
step zp16 started  (#171 of 186)
step zp17 started  (#172 of 186)
step zp18 started  (#173 of 186)
step zp19 started  (#174 of 186)
step zp20 started  (#175 of 186)
step zp21 started  (#176 of 186)
step zp22 started  (#177 of 186)
step zp23 started  (#178 of 186)
step zp24 started  (#179 of 186)
step zp25 started  (#180 of 186)
step zp26 started  (#181 of 186)
step zp27 started  (#182 of 186)
step zp28 started  (#183 of 186)
step zp29 started  (#184 of 186)
step zp30 started  (#185 of 186)
step zp31 started  (#186 of 186)
... all steps done!


#############################################################

CALCULATION OF HESSIAN



 sammler (u-0-11.local) : TURBOMOLE V7.2 ( 21454 ) 2 Oct 2017 at 16:43:05
 Copyright (C) 2017 TURBOMOLE GmbH, Karlsruhe


    2018-01-28 09:20:45.722 


 symmetry group of the molecule :   c1 

 the group has the following generators :
   c1(z)

    1 symmetry operations found
  sammler for frozen cart. coord....
 
         atomic coordinates
 
    0.7266290      7.9653189     -0.1087899      c       
    2.7628036      5.1971134     -0.1605114      s       
    1.9171028      3.7553112      2.1963677      o       
    0.0028697      0.0006412     -0.0035705      pu      
   -1.9119489     -3.7574611     -2.1982361      o       
   -2.7599072     -5.1935024      0.1612596      s       
   -0.7272155     -7.9642772      0.1153524      c       
    1.7390457      3.7116764     -2.4177230      o       
   -1.7345116     -3.7050986      2.4158528      o       
    2.9901644     -1.4536896     -0.1107153      o       
   -2.9846881      1.4546519      0.1019617      o       
   -1.8503744    -10.3217875      0.2593973      c       
   -0.3576241    -12.4835866      0.2360310      c       
    2.2467154    -12.2593174      0.0667060      c       
    3.3594396     -9.8804720     -0.0786750      c       
    1.8811854     -7.7202247     -0.0551412      c       
   -3.8927172    -10.4604108      0.3899290      h       
   -1.2272741    -14.3353209      0.3493161      h       
    3.4191701    -13.9394699      0.0471085      h       
    5.3971880     -9.7133777     -0.2111203      h       
    2.7145259     -5.8501397     -0.1637705      h       
    1.8485946     10.3254626     -0.2139463      c       
    0.3531285     12.4853283     -0.1835019      c       
   -2.2527586     12.2564866     -0.0473983      c       
   -3.3642853      9.8750068      0.0584897      c       
   -1.8833157      7.7167206      0.0286578      c       
    3.8921140     10.4676924     -0.3198657      h       
    1.2218579     14.3391295     -0.2658297      h       
   -3.4273763     13.9350710     -0.0232158      h       
   -5.4032559      9.7042283      0.1648389      h       
   -2.7156580      5.8447382      0.1081484      h       
 number of atoms                    31


    ------------------------------------------------------------------------
         total  cpu-time :   0.05 seconds
         total wall-time :   0.48 seconds
    ------------------------------------------------------------------------

   ****  sammler : all done  ****


    2018-01-28 09:20:46.185 

 sammler ended normally 



#############################################################

FREQUENCY ANALYSIS IS STARTED NOW


aoforce ended normally 
complete results are in numforce/aoforce.out
                                                 
         *  zero point VIBRATIONAL energy  :      0.2051533  Hartree  *
                                                 
                               Frequency Analysis
       mode               1        2        3        4        5        6
     frequency           0.00     0.00     0.00     0.00     0.00     0.00
     symmetry                                                             
        IR                -        -        -        -        -        - 
intensity (km/mol)       0.00     0.00     0.00     0.00     0.00     0.00
intensity (  %   )       0.00     0.00     0.00     0.00     0.00     0.00
       RAMAN              -        -        -        -        -        - 
       mode               7        8        9       10       11       12
     frequency          18.56    23.56    32.25    42.19    51.72    58.71
     symmetry            a        a        a        a        a        a   
        IR               YES      YES      YES      YES      YES      YES
intensity (km/mol)       0.03     0.96     0.01     0.07     2.13     0.00
intensity (  %   )       0.00     0.14     0.00     0.01     0.31     0.00
       RAMAN             YES      YES      YES      YES      YES      YES
       mode              13       14       15       16       17       18
     frequency          88.55    96.38   137.32   144.18   155.52   157.84
     symmetry            a        a        a        a        a        a   
        IR               YES      YES      YES      YES      YES      YES
intensity (km/mol)       0.28     0.00     0.00     0.64     0.00    50.99
intensity (  %   )       0.04     0.00     0.00     0.09     0.00     7.51
       RAMAN             YES      YES      YES      YES      YES      YES
       mode              19       20       21       22       23       24
     frequency         174.25   193.77   207.63   217.26   232.41   272.05
     symmetry            a        a        a        a        a        a   
        IR               YES      YES      YES      YES      YES      YES
intensity (km/mol)       0.00    12.24     9.26     0.00     0.00    15.06
intensity (  %   )       0.00     1.80     1.36     0.00     0.00     2.22
       RAMAN             YES      YES      YES      YES      YES      YES
       mode              25       26       27       28       29       30
     frequency         308.12   309.30   312.76   322.41   330.78   407.05
     symmetry            a        a        a        a        a        a   
        IR               YES      YES      YES      YES      YES      YES
intensity (km/mol)       3.40     5.27     0.04     0.00   132.76     0.02
intensity (  %   )       0.50     0.78     0.01     0.00    19.57     0.00
       RAMAN             YES      YES      YES      YES      YES      YES
       mode              31       32       33       34       35       36
     frequency         409.12   496.83   507.12   512.31   514.52   568.85
     symmetry            a        a        a        a        a        a   
        IR               YES      YES      YES      YES      YES      YES
intensity (km/mol)       0.00   280.10     0.05    10.60     9.73    53.07
intensity (  %   )       0.00    41.28     0.01     1.56     1.43     7.82
       RAMAN             YES      YES      YES      YES      YES      YES
       mode              37       38       39       40       41       42
     frequency         574.19   623.56   624.00   705.17   705.51   712.85
     symmetry            a        a        a        a        a        a   
        IR               YES      YES      YES      YES      YES      YES
intensity (km/mol)       0.00     3.86     0.00    52.71     0.07    28.96
intensity (  %   )       0.00     0.57     0.00     7.77     0.01     4.27
       RAMAN             YES      YES      YES      YES      YES      YES
       mode              43       44       45       46       47       48
     frequency         713.62   766.26   769.70   825.41   873.24   875.80
     symmetry            a        a        a        a        a        a   
        IR               YES      YES      YES      YES      YES      YES
intensity (km/mol)      32.63    35.98    37.70     0.00     0.25     0.36
intensity (  %   )       4.81     5.30     5.56     0.00     0.04     0.05
       RAMAN             YES      YES      YES      YES      YES      YES
       mode              49       50       51       52       53       54
     frequency         901.93   947.10   948.02   984.65   994.27  1002.31
     symmetry            a        a        a        a        a        a   
        IR               YES      YES      YES      YES      YES      YES
intensity (km/mol)     402.53     0.51     0.44   678.55     0.00     2.40
intensity (  %   )      59.32     0.07     0.06   100.00     0.00     0.35
       RAMAN             YES      YES      YES      YES      YES      YES
       mode              55       56       57       58       59       60
     frequency        1006.71  1019.05  1020.20  1021.62  1022.23  1026.68
     symmetry            a        a        a        a        a        a   
        IR               YES      YES      YES      YES      YES      YES
intensity (km/mol)       3.10     1.42   252.72    34.90     0.24    17.94
intensity (  %   )       0.46     0.21    37.24     5.14     0.04     2.64
       RAMAN             YES      YES      YES      YES      YES      YES
       mode              61       62       63       64       65       66
     frequency        1027.57  1052.11  1052.12  1101.12  1101.46  1109.27
     symmetry            a        a        a        a        a        a   
        IR               YES      YES      YES      YES      YES      YES
intensity (km/mol)      35.92     4.78     0.05    10.23     0.40    47.85
intensity (  %   )       5.29     0.70     0.01     1.51     0.06     7.05
       RAMAN             YES      YES      YES      YES      YES      YES
       mode              67       68       69       70       71       72
     frequency        1109.35  1171.03  1171.06  1196.54  1196.75  1338.27
     symmetry            a        a        a        a        a        a   
        IR               YES      YES      YES      YES      YES      YES
intensity (km/mol)       0.48     0.01     0.00     6.62     0.21     9.14
intensity (  %   )       0.07     0.00     0.00     0.98     0.03     1.35
       RAMAN             YES      YES      YES      YES      YES      YES
       mode              73       74       75       76       77       78
     frequency        1338.34  1369.50  1369.57  1477.67  1477.70  1516.60
     symmetry            a        a        a        a        a        a   
        IR               YES      YES      YES      YES      YES      YES
intensity (km/mol)       0.00     1.35     0.09     1.73    19.34    11.57
intensity (  %   )       0.00     0.20     0.01     0.25     2.85     1.71
       RAMAN             YES      YES      YES      YES      YES      YES
       mode              79       80       81       82       83       84
     frequency        1516.68  1645.18  1645.21  1647.36  1647.45  3163.71
     symmetry            a        a        a        a        a        a   
        IR               YES      YES      YES      YES      YES      YES
intensity (km/mol)       0.56     0.36     0.48     2.20     0.02     1.68
intensity (  %   )       0.08     0.05     0.07     0.32     0.00     0.25
       RAMAN             YES      YES      YES      YES      YES      YES
       mode              85       86       87       88       89       90
     frequency        3163.73  3172.42  3172.47  3181.09  3181.43  3188.64
     symmetry            a        a        a        a        a        a   
        IR               YES      YES      YES      YES      YES      YES
intensity (km/mol)       0.82     6.19     6.00    90.32    14.83    19.73
intensity (  %   )       0.12     0.91     0.88    13.31     2.19     2.91
       RAMAN             YES      YES      YES      YES      YES      YES
       mode              91       92       93
     frequency        3188.99  3196.92  3197.17
     symmetry            a        a        a   
        IR               YES      YES      YES
intensity (km/mol)       4.55   132.83     0.30
intensity (  %   )       0.67    19.58     0.04
       RAMAN             YES      YES      YES

#############################################################
#                END OF NumForce                            #
#############################################################
 date: Sun Jan 28 09:20:46 CET 2018
