
   OpenMP run-time library returned nthreads = 16

 force (u-0-12.local) : TURBOMOLE rev. V7.4.1 (b987a8a8) compiled 15 Oct 2019 at 12:10:21
 Copyright (C) 2019 TURBOMOLE GmbH, Karlsruhe


    2019-12-17 08:15:24.544 



                             T U R B O M O L E   

                          a o f o r c e - program

                        using direct algorithms for

                       SCF level calculations of
                         * harmonic force constants
                         * hyperpolarizabilities
                         * IR and RAMAN intensities
                         * VCD intensities

                       DFT level calculations of
                         * harmonic force constants
                         * IR intensities
                                                   
       Stephan Boecker, Peter Deglmann, Filipp Furche and Marco Haeser
                          Quantum Chemistry Group
                          Universitaet  Karlsruhe
                                   Germany

 
 

          OpenMP Shared-Memory Parallelization: 16 CPUs.

            By: Erik P. Almaraz and Filipp Furche
            Copyright 2009-2011 by UCI and TURBOMOLE GmbH.

 
 
     References :
 
       RI-J implementation:
         Peter Deglmann, Klaus May, Filipp Furche, Reinhart Ahlrichs
                 Chem. Phys. Lett. 384:103 (2004)
 
       Efficiency, technical details:
         Peter Deglmann, Filipp Furche, Reinhart Ahlrichs
                 Chem. Phys. Lett. 362:511 (2002)
 
       Search of lowest eigenvalues by iterative diagonalization:
         Peter Deglmann, Filipp Furche
                 J. Chem. Phys. 117:9535 (2002)
 
       Vibrational circular dichroism implementation:
        Kevin Reiter, Michael Kuehn, Florian Weigend
                 J. Chem. Phys. 146:054102 (2017)  
 
 


              +--------------------------------------------------+
              | Atomic coordinate, charge and isotop information |
              +--------------------------------------------------+

                    atomic coordinates            atom    charge  isotop
          0.32437992    6.38499024   -0.15709788    c      6.000     0
          2.60137512    3.81754519   -0.22345642    s     16.000     0
          1.92805453    2.32040907    2.15808038    o      8.000     0
          0.26459823   -1.62775843    0.03038704    u     92.000     0
         -1.45368705   -5.58478425   -2.12854931    o      8.000     0
         -1.97321073   -7.11080906    0.27164966    s     16.000     0
         -1.20696820   -5.48184255    2.53398933    o      8.000     0
          1.67785842    2.21259786   -2.44574819    o      8.000     0
          3.40900937   -2.92139497   -0.10306014    o      8.000     0
         -2.90610149   -0.35085426    0.17020406    o      8.000     0
          1.23000144    8.83508393   -0.29253947    c      6.000     0
         -0.45239551   10.85205784   -0.24297358    c      6.000     0
         -3.02419974   10.39021999   -0.05724876    c      6.000     0
         -3.91562075    7.91942930    0.07722202    c      6.000     0
         -2.24981727    5.90041317    0.02807588    c      6.000     0
          3.25037946    9.15912592   -0.43585616    h      1.000     0
          0.24472291   12.77593109   -0.34817906    h      1.000     0
         -4.34430997   11.95693490   -0.01635191    h      1.000     0
         -5.92879494    7.56696474    0.22206023    h      1.000     0
         -2.91188921    3.96075264    0.12966034    h      1.000     0
 
       center of nuclear mass  :   -0.00129521   -0.00044163    0.00745416
       center of nuclear charge:   -0.05744982    0.31089167    0.00342719

              +--------------------------------------------------+
              |               basis set information              |
              +--------------------------------------------------+

              we will work with the 1s 3p 5d 7f 9g ... basis set
              ...i.e. with spherical basis functions...

   type   atoms  prim   cont   basis
   ---------------------------------------------------------------------------
    c        6     66     46   aug-cc-pVTZ   [5s4p3d2f|19s6p3d2f]
    s        2    122     50   aug-cc-pVTZ   [6s5p3d2f|42s17p3d2f]
    o        6     66     46   aug-cc-pVTZ   [5s4p3d2f|19s6p3d2f]
    u        1    213    117   SVP(6g)   [10s9p5d4f3g|14s13p10d8f6g]
    h        5     25     23   aug-cc-pVTZ   [4s3p2d|6s3p2d]
   ---------------------------------------------------------------------------
   total:   20   1374    884
   ---------------------------------------------------------------------------

   total number of primitive shells          :  186
   total number of contracted shells         :  276
   total number of cartesian basis functions : 1055
   total number of SCF-basis functions       :  884

 number of unique ecp types :                     1

 symmetry group of the molecule :   c1 

 the group has the following generators :
   c1(z)

    1 symmetry operations found

 there are 1 real representations :   a   

 maximum number of shells which are related by symmetry :  1


 determining totally symmetric integral contributions 
    - equivalent to irreducible tensor elements - 
 which can be formed within each triple of representations :

             representation triple      contributions

              a     a     a               1
       UHF mode switched on !

    mo occupation :
   irrep   mo's   occupied
    a      884       78
 
 number of basis functions   :                    884
 number of occupied orbitals :                     78
 
 ALPHA-Occupation:                    78
 BETA-Occupation :                    76
  MOs are in ASCII format !


 reading orbital data $uhfmo_alpha  from file alpha
 orbital characterization : scfconv=8

 reading orbital data $uhfmo_beta  from file beta
 orbital characterization : scfconv=8
 time elapsed for calculating density matrices :   1.909 sec

 number of non-frozen orbitals          :   884
 number of non-frozen occupied orbitals :    78

 number of non-frozen orbitals          :   884
 number of non-frozen occupied orbitals :    76
 Blocking parameters 
 shells:
    index      start shell   last shell  start bf    last bf    #bf 
       1             1         276             1       1055   1055
          size of I/O Block in Byte:              534252000
  
           ------------------
           density functional
           ------------------
 PBE0 hybrid functional
 exchange:    3/4 (LDA+PBE) + 1/4 HF
 correlation: LDA (PW) + PBE

 iterations will be done with small grid
  
 spherical integration : Lebedev's spherical grid
 spherical gridsize    :                     5
    i.e. gridpoints    :                   590
 value for diffuse not defined
 radial integration    : Chebyshev 2nd kind (scaling 3)
 radial gridsize       :                     8
 integration cells     :                    20
 partition function    : becke
 partition sharpness   :                     3
  
 
 Derivatives of quadrature weights will be included
 
 preparing DFT   numerical integration ....
          Overall gridpoints after grid construction =        356748
 Ordering of quadrature gridpoints disabled.
 
 
 
 
 OCCUPIED-OCCUPIED TENSOR SPACES :

          IRREP   tensor space dimension   number of roots

           a             11860                  54
 
 OCCUPIED-VIRTUAL TENSOR SPACES :

          IRREP   tensor space dimension   number of roots

           a            124276                  54
 
 
 
 
 CONSTRUCTING integral bounds

 setting up bound for integral derivative estimation

 increment for numerical differentiation : 0.00050000
 W A R N I N G : d2ixjz =-.487536839414E-09
 
 machine precision:   2.220446049250313E-016

 integral neglect threshold       :  0.10E-09
 integral storage threshold THIZE :  0.10E-04
 integral storage threshold THIME :         5

 
 
 
 PREPARING NUMERICAL INTEGRATION
 
 Remaining core memory for DFT =                 62464 MB
 
 Memory needed per atom    =                 26111 KiB
 
     i. e.                    20 atoms per loop

 Calculating ground state density on molecular grid

 Integral of ground state total density: Na =   154.0000007311252    

 Integral of ground state spin density:  Nb =   2.000002452316364    


 
 
 CONSTRUCTING first deriv. of <mu|x,y,z|nu> -> Dip. deriv.
  dipole integral derivatives will be neglected if
  expon. factor <0.473934E-13
      ...terminated. cpu:       2.97       wall:       0.18
 
 
 
 
 CONSTRUCTING first deriv. of  <mu|nu>
                               <mu|h|nu>    -> RHS
              second deriv. of <mu|nu>      -> Hessian
                               <mu|h|nu>    -> Hessian
                               nucl. rep.   -> Hessian
     integrals are neglected if expon. factor <  4.739336492890995E-015
 
 CONSTRUCTING ECP contribution              -> RHS
 
                                            -> Hessian
      ...terminated. cpu:      46.03       wall:      39.33
 
 
 
 
 CONSTRUCTING second deriv. of 2e energy    -> Hessian
   treating Coulomb (and exchange) contribution
     integrals will be neglected if total contribution <  4.739336492890995E-011
      ...terminated. cpu:   27020.99       wall:    1688.51
   treating exchange-correlation contribution
      ...terminated. cpu:    6199.10       wall:     392.42
 
 
 
 
 CONSTRUCTING S(i,j)xi
      ...terminated. cpu:       3.29       wall:       0.39
 
 
 
 
 CONSTRUCTING <i|x,y,z|j>*S(i,j)xi          -> Dip. deriv.
      ...terminated. cpu:       3.41       wall:       0.22
 
 
 
 
 CONSTRUCTING epsilon(i)*S(i,j)xi*S(i,j)chi -> Hessian
      ...terminated. cpu:       0.14       wall:       0.01
 
 
 
 
 CONSTRUCTING G(a,i)[S(k,l)xi]              -> RHS
              G(i,j)[S(k,l)xi]*S(i,j)chi    -> Hessian
 
         Maximum core memory set to                  64000 MB
         This corresponds to                  3745 vectors in CAO basis
      ...terminated. cpu:   71315.34       wall:    4460.30
 
 
 
 
 CONSTRUCTING G(mu,nu)[D(kap,lam)]xi
 
          Maximum core memory set to                  64000 MB
          Atoms treated simultaneously :                    20
 max of dfo   378.699301177425     
      ...terminated. cpu:   28581.32       wall:    1791.47
 
 
 
 
 CONSTRUCTING F(a,i)xi                      -> RHS
              F(i,j)xi*S(i,j)chi            -> Hessian
 
        Maximum core memory set to                 64000 MB
        This corresponds to                  6773 vectors in CAO basis
      ...terminated. cpu:     118.19       wall:      13.78
 
 
 
 
 CONSTRUCTING epsilon(i)*S(a,i)xi           -> RHS
      ...terminated. cpu:       4.75       wall:       4.10
 
 
 
 
 SOLVING CPHF equations
 
 Residuum convergence criterium   :  1.000000000000000E-005
 
 Maximum number of Davidson iterations set to                    25
  Switching to small grid
        preparing DFT   numerical integration ....
          Overall gridpoints after grid construction =        116662

 Calculating ground state density on molecular grid

 Integral of ground state total density: Na =   153.9999890276356    

 Integral of ground state spin density:  Nb =   2.000006521832963    




                       Nonorthonormal Krylov Space Iteration


 total number of roots to be determined: 54


 maximum core memory set to 64000 MB,
 corresponding to     3745 vectors in CAO basis


 maximum number of simultaneously treated vectors (including degeneracy):       54


 Iteration IRREP Converged      Max. Euclidean
                 roots          residual norm

    1       a        0        1.809738286063796D-01
 
    2       a        0        2.429683829237179D-02
 
    3       a        0        6.914716636467130D-03
 
    4       a        0        4.737113422325352D-03
 
    5       a        0        2.133413325762310D-03
 
    6       a        4        2.943480388937246D-04
 
    7       a       33        4.266056194466124D-05
 
    8       a       54        9.773725686923606D-06
 

 converged!

  Switching to fine grid
        preparing numerical DFT   integration ....
          Overall gridpoints after grid construction =        356748

 Calculating ground state density on molecular grid

 Integral of ground state total density: Na =   154.0000007311236    

 Integral of ground state spin density:  Nb =   2.000002452316368    



 Iteration IRREP Converged      Max. Euclidean
                 roots          residual norm

    9       a        1        6.428175596778889D-05
 

 NOTE: Residual norms are larger than 1.00D-05 due to mgrid option!

      ...terminated. cpu:  478898.72       wall:   29947.34
 
 
 
 
 CONSTRUCTING <a|x,y,z|i>*U(a,i)xi          -> Dip. deriv.
      ...terminated. cpu:       4.00       wall:       0.25
 
 
 
 
 CONSTRUCTING RHS(a,i)xi*U(a,i)chi          -> Hessian
      ...terminated. cpu:       1.38       wall:       0.09
 
 
 
 

            -----------------------
            permanent dipole moment
            -----------------------

                                   x                y                z
    electronic part       :   27.7458286264  -162.3086236597     1.0716822560
     nuclear   part       :  -28.1127049862   163.8854316314    -1.0932312116
     total                :   -0.3668763599     1.5768079717    -0.0215489556

 with reference to the point :   0.0000000        0.0000000        0.0000000
 (given in atomic units)
    | dipole |       :    4.1152952530  debye

   ***  dipole moment & cartesian dipole gradients written onto
        $dipole, $dipgrad,  file=<dipgrad>  ***

             -----------------------------------
             rotational and vibrational analysis
             -----------------------------------


            ==============================================================
            ATOMIC WEIGHTS (average over the natural occurance of isotops)
            ==============================================================
            ('*' denotes special isotop !)
              1     c                12.01115
              2     s                32.06400
              3     o                15.99940
              4     u               238.03000
              5     o                15.99940
              6     s                32.06400
              7     o                15.99940
              8     o                15.99940
              9     o                15.99940
             10     o                15.99940
             11     c                12.01115
             12     c                12.01115
             13     c                12.01115
             14     c                12.01115
             15     c                12.01115
             16     h                 1.00797
             17     h                 1.00797
             18     h                 1.00797
             19     h                 1.00797
             20     h                 1.00797

          -------------------------------------------------
          CARTESIAN FORCE CONSTANT MATRIX (hartree/bohr**2)
         (translational & rotational space projected out)
          -------------------------------------------------

   ATOM              1 c                           2 s 
                  dx        dy        dz        dx        dy        dz
   1 c     dx  0.6082662
           dy  0.0857537 0.5876144
           dz -0.0334169-0.0196064 0.1439949
   2 s     dx -0.1343721 0.0103201 0.0055957 0.3553970
           dy  0.0496480-0.0712548-0.0017897 0.1039000 0.4198210
           dz  0.0046431 0.0005098-0.0311131 0.0050974-0.0039001 0.5004828
   3 o     dx  0.0183776 0.0146774-0.0112416-0.0925100-0.0650830 0.0770265
           dy -0.0070451-0.0162781 0.0231221-0.0491772-0.1486190 0.1386869
           dz -0.0009324 0.0101204-0.0069546 0.0599470 0.1262179-0.2601430
   4 u     dx -0.0007167 0.0001178-0.0001575 0.0021978-0.0274426 0.0020141
           dy -0.0000664 0.0008459-0.0001099-0.0165957-0.0364572 0.0023386
           dz -0.0001335-0.0001006-0.0033657 0.0017224 0.0029460 0.0261818
   5 o     dx  0.0000479-0.0000817 0.0000350-0.0000752 0.0014859-0.0004195
           dy  0.0000327-0.0002500 0.0000559 0.0005508 0.0027570-0.0010139
           dz  0.0000191-0.0000077 0.0001045 0.0002110 0.0006190-0.0007613
   6 s     dx -0.0000347 0.0000504 0.0000001 0.0000204-0.0008570 0.0000497
           dy -0.0000365 0.0001331-0.0000057-0.0004355-0.0016895 0.0000733
           dz  0.0000034-0.0000119-0.0000621 0.0000347 0.0001094 0.0005233
   7 o     dx  0.0000468-0.0000838-0.0000129-0.0000676 0.0014294 0.0002901
           dy  0.0000254-0.0002481-0.0000355 0.0006387 0.0027554 0.0007896
           dz -0.0000100 0.0000289 0.0001091-0.0003102-0.0009306-0.0007556
   8 o     dx  0.0194830 0.0138795 0.0077771-0.1088836-0.0822571-0.0892516
           dy -0.0094009-0.0176419-0.0215702-0.0673327-0.1608335-0.1366301
           dz -0.0014413-0.0111800-0.0063306-0.0731076-0.1223752-0.2314425
   9 o     dx  0.0005218 0.0007965 0.0000059-0.0044249-0.0015849-0.0000384
           dy -0.0000550-0.0005418 0.0000467 0.0014096 0.0052303-0.0003511
           dz  0.0000280-0.0000044 0.0009718-0.0000638-0.0001846-0.0051962
  10 o     dx  0.0005180 0.0004861-0.0000308-0.0008643 0.0112648-0.0004320
           dy -0.0008071-0.0003135 0.0000586 0.0020802-0.0042903-0.0000630
           dz -0.0000396-0.0000264 0.0000188-0.0002206-0.0006274-0.0038836
  11 c     dx -0.1520895-0.0996377 0.0090441 0.0133292 0.0068771-0.0010067
           dy -0.0502313-0.3136251 0.0110765-0.0026491-0.0189794 0.0007134
           dz  0.0075069 0.0143680-0.0625605-0.0007021 0.0001402 0.0011376
  12 c     dx  0.0604963 0.0434439-0.0047797 0.0011629-0.0004835 0.0003069
           dy -0.0054569-0.0572732 0.0023983-0.0053136-0.0016714 0.0006330
           dz -0.0032361-0.0008519 0.0087882 0.0004929 0.0003155 0.0061611
  13 c     dx -0.0422294-0.0347104 0.0033888-0.0009564-0.0033078 0.0001769
           dy -0.0333629-0.0277476 0.0028569-0.0027840-0.0003616 0.0001788
           dz  0.0033463 0.0029284-0.0072294 0.0001026 0.0002231-0.0004962
  14 c     dx -0.0459449 0.0166444 0.0031100-0.0076268-0.0036398 0.0007910
           dy  0.0640571 0.0484925-0.0054655-0.0033089 0.0042685 0.0001486
           dz  0.0016088-0.0023793 0.0083177 0.0009100 0.0002274 0.0033940
  15 c     dx -0.3147387-0.0260435 0.0173454-0.0216127 0.0128954 0.0008890
           dy -0.0692372-0.1275491 0.0066021 0.0319433 0.0044462-0.0020565
           dz  0.0187199 0.0036809-0.0656212 0.0004698-0.0008882 0.0004622
  16 h     dx -0.0076841-0.0033799 0.0008432 0.0001670 0.0015895-0.0002544
           dy -0.0288588-0.0002168 0.0020369-0.0036280 0.0011405 0.0000637
           dz  0.0015869 0.0003182 0.0034155-0.0001018-0.0002642-0.0032375
  17 h     dx -0.0017976 0.0036947 0.0004601 0.0006847 0.0001309-0.0000285
           dy  0.0048974-0.0026442-0.0000285-0.0013670 0.0010400 0.0000754
           dz  0.0004233 0.0000516 0.0068338 0.0000164-0.0000280 0.0003569
  18 h     dx -0.0006301-0.0011153 0.0000199-0.0000336-0.0003108-0.0000459
           dy -0.0012575-0.0001942 0.0000662-0.0000476 0.0001240-0.0000180
           dz  0.0000276 0.0000645-0.0008195-0.0000506-0.0000163-0.0008221
  19 h     dx -0.0013975 0.0041136 0.0004894-0.0010307-0.0014877 0.0001003
           dy  0.0039621-0.0030776 0.0000620 0.0016189 0.0007714-0.0001129
           dz  0.0004963 0.0000722 0.0077448 0.0000258 0.0000713 0.0000320
  20 h     dx -0.0061223-0.0289260 0.0015248-0.0005010-0.0027668 0.0000920
           dy -0.0025609 0.0017702 0.0002292 0.0001779 0.0018023-0.0000655
           dz  0.0008003 0.0020258 0.0037576-0.0000688 0.0001343-0.0008808

   ATOM              3 o                           4 u 
                  dx        dy        dz        dx        dy        dz
   3 o     dx  0.0587671
           dy  0.0435076 0.1643857
           dz -0.0525645-0.1384931 0.3172901
   4 u     dx -0.0154796 0.0042447-0.0066279 0.8006190
           dy  0.0015766-0.0150876-0.0109000-0.2492028 0.2983187
           dz  0.0008847-0.0032963-0.0214327-0.0320141 0.0082814 0.0790032
   5 o     dx -0.0005805-0.0026837-0.0001628-0.0155410 0.0009126-0.0004468
           dy -0.0026107-0.0058032-0.0004521 0.0010767-0.0126966-0.0005272
           dz -0.0004210-0.0008659 0.0002113-0.0041353-0.0094461-0.0205036
   6 s     dx  0.0000633 0.0008062 0.0001160 0.0013106-0.0161913 0.0015363
           dy  0.0008374 0.0017374 0.0003275-0.0159634-0.0320234 0.0020744
           dz -0.0003745-0.0009878-0.0007189 0.0015405 0.0020990 0.0232519
   7 o     dx  0.0000221-0.0010201 0.0000230-0.0152054 0.0019134-0.0003221
           dy -0.0009140-0.0019694-0.0001302 0.0012770-0.0121870-0.0000259
           dz  0.0003730 0.0009097 0.0017256 0.0033728 0.0088515-0.0213470
   8 o     dx  0.0230439 0.0116053 0.0040977-0.0150715 0.0026235-0.0018425
           dy  0.0125898 0.0267575 0.0100753 0.0047901-0.0144709 0.0024777
           dz -0.0110929-0.0143427-0.0356363 0.0055782 0.0103620-0.0225810
   9 o     dx  0.0088994 0.0072913 0.0019685-0.3772571 0.1386249 0.0154099
           dy  0.0002586-0.0062108-0.0005379 0.1417097-0.0888747-0.0058866
           dz  0.0006808-0.0033004 0.0024235 0.0152370-0.0056668-0.0198838
  10 o     dx -0.0037067-0.0134935-0.0006102-0.3612883 0.1376728 0.0149227
           dy -0.0028551 0.0072037-0.0004468 0.1291844-0.0867998-0.0054151
           dz -0.0032827-0.0007659 0.0027068 0.0151102-0.0058945-0.0203760
  11 c     dx -0.0018714 0.0062155-0.0046850-0.0024485-0.0021086 0.0001713
           dy  0.0010553-0.0008983 0.0008103 0.0000244 0.0000139 0.0000133
           dz -0.0005038 0.0008976 0.0000318 0.0001504 0.0001368-0.0000451
  12 c     dx -0.0004096 0.0000757 0.0009025-0.0006114 0.0000251 0.0000617
           dy  0.0016259-0.0008063 0.0008107-0.0004237 0.0004285 0.0000327
           dz  0.0007308-0.0022178 0.0001561 0.0000803-0.0000011 0.0004042
  13 c     dx  0.0009574 0.0003717-0.0002545 0.0001112-0.0005021 0.0000013
           dy  0.0008669-0.0013566 0.0002879 0.0010010 0.0009518-0.0000802
           dz -0.0000730 0.0002144-0.0001787-0.0000341 0.0000045-0.0000317
  14 c     dx  0.0024933-0.0003137-0.0009459-0.0012885 0.0008896 0.0000483
           dy -0.0003214 0.0006414-0.0005330-0.0025634 0.0001264 0.0001420
           dz -0.0002383-0.0014252 0.0009674 0.0001562-0.0000541-0.0000653
  15 c     dx  0.0007062-0.0018854 0.0002366 0.0014165-0.0011661-0.0000657
           dy -0.0052251-0.0013088 0.0023963 0.0035140 0.0001478-0.0002281
           dz -0.0007588-0.0003652 0.0009899-0.0002938 0.0000650 0.0000581
  16 h     dx -0.0002797-0.0001639 0.0007007-0.0000698 0.0004130-0.0000200
           dy  0.0010802 0.0004776-0.0005490-0.0006648-0.0002839 0.0000364
           dz -0.0001696 0.0011660-0.0003289 0.0000167-0.0000253-0.0001998
  17 h     dx -0.0001122 0.0003156-0.0003102-0.0002204-0.0000528 0.0000165
           dy  0.0000930-0.0008044 0.0006037 0.0001650 0.0006451-0.0000205
           dz  0.0001591-0.0002299 0.0000500 0.0000107-0.0000152 0.0000559
  18 h     dx  0.0001049 0.0002534-0.0001458-0.0000937-0.0002106 0.0000118
           dy  0.0000506-0.0001147 0.0000712-0.0002766 0.0004648 0.0000054
           dz  0.0000188 0.0002954-0.0000971 0.0000166-0.0000001 0.0000202
  19 h     dx  0.0004694 0.0005672-0.0004949-0.0005872-0.0005156 0.0000471
           dy -0.0004746-0.0002229 0.0003374 0.0006577 0.0000804-0.0000381
           dz -0.0000424 0.0001850-0.0000995 0.0000244 0.0000314 0.0000205
  20 h     dx  0.0010450 0.0005283-0.0002578 0.0002239 0.0019606 0.0000111
           dy -0.0007354-0.0017232-0.0000164 0.0087748-0.0031422-0.0003908
           dz  0.0008892 0.0008131-0.0009630-0.0000452-0.0000571 0.0008357

   ATOM              5 o                           6 s 
                  dx        dy        dz        dx        dy        dz
   5 o     dx  0.0304567
           dy  0.0515129 0.1533598
           dz -0.0472577-0.1497639 0.3322289
   6 s     dx -0.0281376-0.0603123 0.0505016 0.0701944
           dy -0.0609432-0.1708140 0.1531188 0.1537050 0.3820746
           dz  0.0563370 0.1674447-0.2841094 0.0208235-0.0048610 0.5266284
   7 o     dx  0.0089643 0.0130151 0.0011904-0.0418266-0.0800109-0.0782332
           dy  0.0138207 0.0365419 0.0069054-0.0806460-0.1849082-0.1641761
           dz -0.0063315-0.0114407-0.0338050-0.0723778-0.1498321-0.2565025
   8 o     dx -0.0000012-0.0008971-0.0001384 0.0000767 0.0008035 0.0002638
           dy -0.0010871-0.0019956-0.0006210 0.0008938 0.0017526 0.0007797
           dz  0.0002153 0.0003967 0.0017711-0.0002358-0.0005345-0.0007601
   9 o     dx -0.0027790-0.0093566-0.0022235 0.0008348 0.0039059-0.0003583
           dy -0.0034625 0.0045930 0.0011480 0.0018594 0.0001308-0.0001697
           dz -0.0031209-0.0010036 0.0026674-0.0003052-0.0002930-0.0041304
  10 o     dx  0.0074329 0.0065979 0.0022254-0.0023883-0.0016695-0.0000464
           dy  0.0007192-0.0056631-0.0011021 0.0006467 0.0036470-0.0002260
           dz  0.0011810-0.0037104 0.0022621-0.0001003-0.0000821-0.0041972
  11 c     dx  0.0001648 0.0003357 0.0000223-0.0000828-0.0001706 0.0000064
           dy -0.0000040-0.0000299 0.0000076 0.0000017 0.0000140 0.0000003
           dz -0.0000127-0.0000249 0.0000039-0.0000013 0.0000101-0.0000220
  12 c     dx  0.0000102-0.0000112 0.0000015-0.0000073 0.0000122-0.0000008
           dy -0.0000129-0.0000638-0.0000098 0.0000122 0.0000404-0.0000049
           dz -0.0000104-0.0000173 0.0000056-0.0000006-0.0000026-0.0000231
  13 c     dx  0.0000386 0.0001004 0.0000116-0.0000225-0.0000547-0.0000010
           dy -0.0000827-0.0001381-0.0000175 0.0000343 0.0000725-0.0000026
           dz -0.0000067-0.0000106 0.0000179-0.0000043 0.0000015-0.0000190
  14 c     dx -0.0000462-0.0001513-0.0000075 0.0000239 0.0000980-0.0000087
           dy  0.0000216-0.0000738-0.0000050-0.0000003 0.0000675-0.0000022
           dz -0.0000135-0.0000172 0.0000398-0.0000044-0.0000090-0.0000664
  15 c     dx  0.0000392 0.0001801 0.0000205-0.0000271-0.0001275-0.0000017
           dy -0.0001558-0.0001433-0.0000240 0.0000615 0.0000728-0.0000073
           dz -0.0000029-0.0000103 0.0000235-0.0000096 0.0000108-0.0000122
  16 h     dx -0.0000217-0.0000669-0.0000079 0.0000145 0.0000411 0.0000008
           dy  0.0000346 0.0000544 0.0000001-0.0000169-0.0000267 0.0000030
           dz  0.0000073 0.0000187-0.0000120 0.0000023-0.0000019 0.0000254
  17 h     dx  0.0000059 0.0000025 0.0000010-0.0000012 0.0000018 0.0000015
           dy -0.0000453-0.0001172-0.0000089 0.0000260 0.0000674-0.0000019
           dz  0.0000032 0.0000091-0.0000124-0.0000007-0.0000017 0.0000154
  18 h     dx  0.0000175 0.0000438 0.0000010-0.0000111-0.0000253 0.0000020
           dy -0.0000315-0.0000912-0.0000069 0.0000190 0.0000572-0.0000019
           dz  0.0000013 0.0000117-0.0000134-0.0000003 0.0000009 0.0000215
  19 h     dx  0.0000519 0.0000872 0.0000066-0.0000230-0.0000451 0.0000060
           dy -0.0000185 0.0000009-0.0000025 0.0000037-0.0000069-0.0000005
           dz -0.0000047 0.0000131-0.0000336 0.0000024 0.0000046 0.0000490
  20 h     dx -0.0000476-0.0001294-0.0000205 0.0000236 0.0000773 0.0000052
           dy  0.0001012 0.0005728 0.0000824-0.0000961-0.0003986 0.0000175
           dz  0.0000102 0.0000422-0.0000853 0.0000084 0.0000016 0.0001083

   ATOM              7 o                           8 o 
                  dx        dy        dz        dx        dy        dz
   7 o     dx  0.0434611
           dy  0.0701618 0.1666121
           dz  0.0746245 0.1505184 0.3060941
   8 o     dx -0.0004812-0.0025003 0.0006172 0.0728649
           dy -0.0025490-0.0057173 0.0014014 0.0616781 0.1770762
           dz  0.0003742 0.0010122 0.0000475 0.0761268 0.1389055 0.2901114
   9 o     dx -0.0021178-0.0090632 0.0031521 0.0085213 0.0075515-0.0029754
           dy -0.0034313 0.0045777-0.0008862 0.0002697-0.0059825 0.0009116
           dz  0.0037904 0.0018635 0.0020152-0.0013512 0.0029203 0.0025949
  10 o     dx  0.0069803 0.0068165-0.0030438-0.0031630-0.0133005 0.0018925
           dy  0.0007619-0.0054263 0.0013700-0.0026691 0.0073038 0.0005240
           dz -0.0017276 0.0033298 0.0024867 0.0040929 0.0020146 0.0021042
  11 c     dx  0.0001643 0.0003336-0.0000520-0.0012423 0.0061648 0.0044910
           dy -0.0000067-0.0000310-0.0000065 0.0009719-0.0009655-0.0008186
           dz -0.0000052-0.0000121 0.0000123 0.0006143-0.0016161-0.0005397
  12 c     dx  0.0000149-0.0000113-0.0000003-0.0006241 0.0003105-0.0007683
           dy -0.0000128-0.0000618 0.0000112 0.0014529-0.0006588-0.0009778
           dz  0.0000154 0.0000226 0.0000038-0.0007656 0.0022492 0.0003162
  13 c     dx  0.0000422 0.0001011-0.0000169 0.0009783 0.0003961 0.0000585
           dy -0.0000755-0.0001347 0.0000364 0.0008402-0.0013512-0.0003485
           dz  0.0000057 0.0000067 0.0000149-0.0001071-0.0002041-0.0001618
  14 c     dx -0.0000385-0.0001449 0.0000277 0.0025759-0.0000413 0.0007808
           dy  0.0000247-0.0000745 0.0000080-0.0002940 0.0006853 0.0006148
           dz  0.0000208 0.0000406 0.0000293-0.0000463 0.0014969 0.0007507
  15 c     dx  0.0000351 0.0001782-0.0000308 0.0008701-0.0018368 0.0000104
           dy -0.0001465-0.0001361 0.0000560-0.0053876-0.0014164-0.0017211
           dz  0.0000007-0.0000110 0.0000248 0.0010394 0.0007509 0.0010090
  16 h     dx -0.0000207-0.0000689 0.0000117-0.0003436-0.0003617-0.0007015
           dy  0.0000338 0.0000527-0.0000070 0.0011235 0.0004079 0.0003820
           dz -0.0000055-0.0000129-0.0000114 0.0001112-0.0011830-0.0002496
  17 h     dx  0.0000058 0.0000014-0.0000029-0.0000953 0.0003508 0.0003114
           dy -0.0000438-0.0001168 0.0000178 0.0000159-0.0008097-0.0005699
           dz -0.0000029-0.0000030-0.0000119-0.0001388 0.0002306 0.0000557
  18 h     dx  0.0000165 0.0000421-0.0000065 0.0001146 0.0002151 0.0001081
           dy -0.0000304-0.0000913 0.0000133 0.0000342-0.0001369-0.0000816
           dz -0.0000045-0.0000123-0.0000131-0.0000389-0.0003304-0.0000951
  19 h     dx  0.0000501 0.0000831-0.0000212 0.0005195 0.0005627 0.0003987
           dy -0.0000189 0.0000006 0.0000032-0.0005043-0.0002550-0.0002794
           dz -0.0000068-0.0000259-0.0000318-0.0000118-0.0002499-0.0001381
  20 h     dx -0.0000458-0.0001311 0.0000249 0.0008575 0.0004068-0.0000232
           dy  0.0000895 0.0005620-0.0001227-0.0007888-0.0017477 0.0001203
           dz -0.0000144-0.0000439-0.0000848-0.0010481-0.0008973-0.0008262

   ATOM              9 o                          10 o 
                  dx        dy        dz        dx        dy        dz
   9 o     dx  0.3701398
           dy -0.1422749 0.0820194
           dz -0.0152430 0.0058781 0.0133823
  10 o     dx -0.0022570 0.0032286 0.0003464 0.3568553
           dy  0.0053320 0.0052302-0.0002713-0.1313820 0.0796874
           dz  0.0002758-0.0001546 0.0052439-0.0151441 0.0055611 0.0144356
  11 c     dx -0.0003010 0.0004811 0.0000118 0.0017084-0.0010622-0.0000924
           dy  0.0000906-0.0000128-0.0000055 0.0000829-0.0000589-0.0000179
           dz  0.0000147-0.0000309 0.0000237-0.0001228 0.0000781-0.0000975
  12 c     dx  0.0001534 0.0000064-0.0000115 0.0004113-0.0002921-0.0000267
           dy  0.0001625-0.0001087-0.0000082 0.0002307-0.0003183-0.0000061
           dz -0.0000167 0.0000030-0.0000851-0.0000363 0.0000265-0.0000022
  13 c     dx -0.0001544 0.0000936 0.0000096-0.0000112 0.0004557-0.0000082
           dy  0.0000325-0.0001835 0.0000019-0.0006857 0.0000484 0.0000350
           dz  0.0000136 0.0000074 0.0000212 0.0000101-0.0000348-0.0000602
  14 c     dx  0.0003603-0.0001480-0.0000166 0.0005891-0.0015657 0.0000029
           dy  0.0004845-0.0000175-0.0000250 0.0013143-0.0020184-0.0000510
           dz -0.0000316 0.0000180-0.0000273-0.0000681 0.0001525 0.0002105
  15 c     dx -0.0002891 0.0001514 0.0000148 0.0004599 0.0023375 0.0000016
           dy -0.0004985-0.0001812 0.0000302-0.0015747 0.0001610 0.0001254
           dz  0.0000508-0.0000042-0.0000190 0.0001320-0.0002777 0.0009103
  16 h     dx  0.0001198-0.0000929-0.0000029 0.0000373-0.0001155 0.0000019
           dy  0.0000582 0.0000529-0.0000040 0.0004499-0.0003294-0.0000193
           dz -0.0000091 0.0000056 0.0000233-0.0000163 0.0000181 0.0000168
  17 h     dx  0.0000171 0.0000102-0.0000017 0.0001536-0.0000980-0.0000064
           dy  0.0001454-0.0001450-0.0000052-0.0001231-0.0000692 0.0000076
           dz -0.0000064 0.0000033-0.0000143-0.0000052 0.0000063 0.0000103
  18 h     dx -0.0000358 0.0000481 0.0000014 0.0000469-0.0000197-0.0000062
           dy  0.0001369-0.0000927-0.0000049 0.0001537-0.0003685-0.0000047
           dz -0.0000022-0.0000002-0.0000012-0.0000117 0.0000114-0.0000418
  19 h     dx  0.0000050 0.0000943-0.0000022 0.0004224-0.0000366-0.0000276
           dy -0.0001105-0.0000030 0.0000068-0.0005149 0.0002639 0.0000224
           dz  0.0000017-0.0000048 0.0000012-0.0000219-0.0000090-0.0000762
  20 h     dx  0.0000435-0.0001564-0.0000014-0.0019365-0.0006146 0.0000160
           dy -0.0017242 0.0005198 0.0000761-0.0055543 0.0021102 0.0002646
           dz  0.0000117 0.0000043-0.0000110 0.0000604 0.0000392-0.0016713

   ATOM             11 c                          12 c 
                  dx        dy        dz        dx        dy        dz
  11 c     dx  0.7312483
           dy  0.0078152 0.6719835
           dz -0.0395347-0.0169566 0.1403874
  12 c     dx -0.2124907 0.0723067 0.0075732 0.6810761
           dy  0.1393273-0.2504499-0.0035479 0.0244030 0.7294495
           dz  0.0055395 0.0008510-0.0649478-0.0371487-0.0198852 0.1374340
  13 c     dx -0.0453732 0.0653782 0.0015252-0.3409303-0.0718788 0.0206964
           dy  0.0150444 0.0491877-0.0022668-0.0060389-0.1335712 0.0025428
           dz  0.0030882-0.0055670 0.0079456 0.0187152 0.0068995-0.0654980
  14 c     dx -0.0023137 0.0099897-0.0006143-0.0073735-0.0366779 0.0021397
           dy  0.0141784-0.0676240 0.0009486-0.0856453 0.0132363 0.0055306
           dz -0.0007250 0.0011849-0.0068156 0.0036580 0.0022883 0.0076359
  15 c     dx -0.0051418-0.0799691 0.0033460-0.0621961 0.0225168 0.0030305
           dy -0.0386165 0.0140563 0.0023296 0.0224560-0.0068085-0.0014633
           dz  0.0020393 0.0051482 0.0073859 0.0030361-0.0014537-0.0060055
  16 h     dx -0.3232686-0.0425244 0.0201771-0.0147375-0.0061753 0.0013892
           dy -0.0435521-0.0655463 0.0037552 0.0243204 0.0083730-0.0017665
           dz  0.0201995 0.0037180-0.0387574 0.0004690 0.0002347 0.0032710
  17 h     dx  0.0106427 0.0197374-0.0010921-0.0903498-0.0882545 0.0063130
           dy -0.0112154-0.0181617 0.0013969-0.0886923-0.3020373 0.0140341
           dz -0.0001566-0.0006518 0.0032678 0.0063270 0.0140006-0.0368822
  18 h     dx -0.0054831-0.0023774 0.0009348-0.0143284 0.0261720 0.0003945
           dy -0.0014849 0.0015442 0.0002728-0.0053469 0.0070557 0.0002510
           dz  0.0009075 0.0003469 0.0073400 0.0013388-0.0018619 0.0034089
  19 h     dx  0.0006268 0.0005705-0.0001207 0.0015918-0.0023154 0.0004400
           dy  0.0004143-0.0014217-0.0000119-0.0014328-0.0053445 0.0004736
           dz -0.0001162-0.0000296-0.0008916 0.0003989 0.0005361 0.0070511
  20 h     dx -0.0057779-0.0002626 0.0008671-0.0008580 0.0006187-0.0000479
           dy  0.0006605 0.0010049 0.0001331 0.0005946 0.0005902-0.0000942
           dz  0.0008478 0.0001830 0.0071413-0.0000527-0.0000897-0.0011921

   ATOM             13 c                          14 c 
                  dx        dy        dz        dx        dy        dz
  13 c     dx  0.7056037
           dy -0.0344731 0.7071075
           dz -0.0369477-0.0149909 0.1397997
  14 c     dx -0.1525175-0.1011156 0.0089638 0.7357134
           dy -0.0344108-0.3112484 0.0097839 0.0069723 0.6733765
           dz  0.0069111 0.0141961-0.0651678-0.0400785-0.0167423 0.1399716
  15 c     dx  0.0622403 0.0465758-0.0051010-0.2149041 0.0753211 0.0077701
           dy -0.0007850-0.0540378 0.0019162 0.1430102-0.2635311-0.0034332
           dz -0.0036218-0.0012239 0.0072881 0.0056669 0.0010235-0.0644413
  16 h     dx -0.0002390 0.0040404 0.0003623 0.0007191 0.0001179-0.0001200
           dy  0.0032074-0.0033783 0.0001076 0.0003937-0.0013584-0.0000132
           dz  0.0003790 0.0000498 0.0071062-0.0001364 0.0000216-0.0010395
  17 h     dx -0.0050390-0.0306605 0.0014757-0.0058213 0.0000075 0.0008884
           dy  0.0008851-0.0021262 0.0000997-0.0011453 0.0020792 0.0002409
           dz  0.0005131 0.0021998 0.0030137 0.0009242 0.0001604 0.0074011
  18 h     dx -0.1732168 0.1360291 0.0049971 0.0099869-0.0093303-0.0001484
           dy  0.1361864-0.2201597-0.0035588 0.0221215-0.0169000-0.0008557
           dz  0.0050000-0.0035495-0.0371903-0.0011004 0.0012372 0.0035737
  19 h     dx -0.0067404 0.0013323 0.0006104-0.3259118-0.0478011 0.0206258
           dy -0.0300681-0.0003515 0.0021074-0.0473323-0.0664460 0.0040097
           dz  0.0015750 0.0000269 0.0029840 0.0206146 0.0040190-0.0396045
  20 h     dx -0.0025416 0.0034820 0.0005830 0.0113250 0.0211762-0.0010749
           dy  0.0030153-0.0012217 0.0000660-0.0078436-0.0136814 0.0010737
           dz  0.0006036 0.0000677 0.0078418-0.0001616-0.0008142 0.0049361

   ATOM             15 c                          16 h 
                  dx        dy        dz        dx        dy        dz
  15 c     dx  0.6597313
           dy  0.0166831 0.7464142
           dz -0.0347617-0.0194031 0.1445461
  16 h     dx  0.0007398-0.0021601 0.0004830 0.3452349
           dy -0.0016521-0.0058645 0.0005037 0.0486889 0.0648317
           dz  0.0004938 0.0005525 0.0070775-0.0225715-0.0044037 0.0275766
  17 h     dx -0.0012531 0.0006313-0.0000134 0.0009481-0.0007572-0.0003033
           dy  0.0007438 0.0003867-0.0000982 0.0001987 0.0010191-0.0001677
           dz -0.0000164-0.0000927-0.0011760-0.0003311-0.0001016-0.0039437
  18 h     dx  0.0006093-0.0025907 0.0004990-0.0007976 0.0012617 0.0000313
           dy -0.0034442-0.0049955 0.0005846-0.0003328 0.0002074 0.0000234
           dz  0.0005202 0.0005380 0.0068245 0.0000823-0.0000830 0.0002914
  19 h     dx -0.0160601-0.0054242 0.0015249-0.0001055-0.0000398-0.0000704
           dy  0.0245848 0.0079415-0.0017375-0.0000143 0.0001144-0.0000374
           dz  0.0006031 0.0002568 0.0043911-0.0000697-0.0000370-0.0011672
  20 h     dx -0.0906247-0.0864974 0.0058001-0.0004130-0.0014827 0.0000870
           dy -0.0860434-0.3076542 0.0137054 0.0003671 0.0002728-0.0000304
           dz  0.0056954 0.0136264-0.0437158 0.0000267 0.0000957 0.0001436

   ATOM             17 h                          18 h 
                  dx        dy        dz        dx        dy        dz
  17 h     dx  0.0914508
           dy  0.0958801 0.3212297
           dz -0.0073442-0.0154323 0.0260379
  18 h     dx  0.0011047-0.0004962-0.0003387 0.1814656
           dy  0.0005829 0.0008443-0.0001909-0.1477785 0.2322387
           dz -0.0003737-0.0001222-0.0041803-0.0059673 0.0036151 0.0256575
  19 h     dx -0.0004279 0.0001307 0.0000468 0.0008102-0.0004557-0.0003016
           dy -0.0015178-0.0002423 0.0001181 0.0006127 0.0010902-0.0001906
           dz  0.0000964 0.0000091 0.0003133-0.0003322-0.0001180-0.0038486
  20 h     dx  0.0001044-0.0000527-0.0000827 0.0003531 0.0012013-0.0000618
           dy -0.0000061-0.0000375-0.0000327-0.0004232-0.0004818 0.0000453
           dz -0.0000874-0.0000299-0.0011910-0.0000099-0.0000615-0.0000153

   ATOM             19 h                          20 h 
                  dx        dy        dz        dx        dy        dz
  19 h     dx  0.3468709
           dy  0.0507645 0.0660652
           dz -0.0229112-0.0046043 0.0275948
  20 h     dx  0.0008660-0.0006116-0.0003215 0.0940265
           dy -0.0001850 0.0010425-0.0001468 0.0921802 0.3198406
           dz -0.0003461-0.0001257-0.0042908-0.0071194-0.0149141 0.0301629
 

   *** projected hessian written onto $hessian (projected), file=<hessian> ***

 dipole moment in principle axis system (a.u.) :
    -0.3674291502     1.5768111522    -0.0069577663
 norm :   1.61906948599273     

 rotational constants b for rotations around axis of inertia
 and optical intensities for (1 <-- 0) transition

   b   :     0.0059437338     0.0367190871     0.0054339882   (cm**(-1))
   b   :         178.1887        1100.8105         162.9069     (MHz)
  int. :     0.1350041804     2.4863334096     0.0000484105     (a.u.)

   x   :     0.9983173433     0.0002143502     0.0579865174
   y   :    -0.0015342624     0.9997407167     0.0227188358
   z   :    -0.0579666127    -0.0227695744     0.9980588251

   ***  normal modes written onto $vibrational normal modes, file=<vib_normal_modes>  ***

   ***  vibrational spectroscopic data written onto$vibrational spectrum   
        file=<vibspectrum>  ***

          ---------------------------------------------------
          NORMAL MODES and VIBRATIONAL FREQUENCIES (cm**(-1))
          ---------------------------------------------------

 imaginary wave numbers indicate a negative curvature of the energy surface.
 zero frequency modes have no physical meaning except being generators of
 translations and rotations. each vibrational normal mode - given in terms of
 cartesian displacement vectors of all atoms - has been normalized to unity.
 to obtain mass-weigthed normal coordinates in a.u. divide the tabulated
 modes by sqrt(reduced mass * 1822.88853).
 band intensities or cross sections refer to independent non-degenerate normal
 modes, that is, the intensities of degenerate modes have yet to be added.
 dDIP/dQ is the normal mode derivative of the dipole moment.


       mode               1        2        3        4        5        6

     frequency           0.00     0.00     0.00     0.00     0.00     0.00

     symmetry                                                             

        IR                -        -        -        -        -        - 
|dDIP/dQ|   (a.u.)     0.0000   0.0000   0.0000   0.0000   0.0000   0.0000
intensity (km/mol)       0.00     0.00     0.00     0.00     0.00     0.00
intensity (  %   )       0.00     0.00     0.00     0.00     0.00     0.00
 
       RAMAN              -        -        -        -        -        - 
 
  1   c           x  -0.19421  0.11995 -0.00248 -0.13698  0.11392 -0.00098
                  y   0.00675  0.16982 -0.01686  0.03565 -0.14178  0.00870
                  z   0.10286  0.06408 -0.06442 -0.11408  0.07504  0.16131
  2   s           x  -0.14297  0.11568 -0.01976 -0.06928  0.13634 -0.00094
                  y   0.05050  0.16443 -0.02965  0.09709 -0.12349  0.01206
                  z   0.16804  0.12586 -0.16225 -0.16841  0.13692  0.03257
  3   o           x  -0.18696  0.05819  0.13228  0.04451  0.08945  0.07623
                  y   0.03358  0.17525  0.02446  0.09326 -0.12388 -0.04060
                  z   0.14496  0.11640 -0.08524 -0.13865  0.12341  0.02128
  4   u           x  -0.04634  0.09765 -0.02998  0.08643  0.17413  0.01172
                  y   0.00528  0.17068 -0.01256  0.03516 -0.14186  0.00455
                  z   0.08754  0.09403  0.11031 -0.06361  0.09059 -0.01207
  5   o           x   0.09541  0.13780 -0.19438  0.12762  0.25965 -0.05377
                  y  -0.02402  0.16612 -0.04997 -0.02462 -0.16036  0.05033
                  z   0.02842  0.07044  0.30972  0.01317  0.05642 -0.04387
  6   s           x   0.05140  0.07982 -0.04123  0.24277  0.21253  0.02401
                  y  -0.03802  0.17667  0.00376 -0.02416 -0.15946 -0.00261
                  z   0.00999  0.06459  0.37703  0.03838  0.04679 -0.06069
  7   o           x  -0.04887  0.03207  0.11846  0.26799  0.14329  0.09476
                  y  -0.02714  0.18378  0.04814  0.01038 -0.14845 -0.05146
                  z   0.03612  0.07564  0.29100  0.00497  0.06232 -0.04948
  8   o           x  -0.04438  0.16257 -0.17665 -0.09392  0.20440 -0.07042
                  y   0.03655  0.15783 -0.07239  0.05852 -0.13569  0.05990
                  z   0.13714  0.11114 -0.06619 -0.13031  0.11744  0.02690
  9   o           x  -0.01747  0.09777 -0.04539  0.11747  0.18790  0.00855
                  y   0.06578  0.16308 -0.03112  0.11976 -0.11669  0.01011
                  z   0.18133  0.17054 -0.07276 -0.15231  0.17125 -0.14059
 10   o           x  -0.07508  0.09735 -0.01423  0.05603  0.16033  0.01511
                  y  -0.05573  0.17837  0.00627 -0.05012 -0.16723 -0.00117
                  z  -0.00709  0.01698  0.29549  0.02599  0.00931  0.11693
 11   c           x  -0.23704  0.12855  0.00069 -0.20770  0.09744 -0.00735
                  y   0.02433  0.16725 -0.02427  0.05942 -0.13473  0.01242
                  z   0.13463  0.07508 -0.17729 -0.15676  0.09227  0.18605
 12   c           x  -0.27722  0.13197  0.01409 -0.26096  0.07989 -0.00747
                  y  -0.00800  0.17123 -0.01480  0.01402 -0.14825  0.00993
                  z   0.08668  0.02897 -0.10757 -0.11735  0.04629  0.28380
 13   c           x  -0.27403  0.12671  0.02423 -0.24271  0.07902 -0.00116
                  y  -0.05761  0.17775  0.00201 -0.05471 -0.16867  0.00370
                  z   0.00741 -0.02767  0.07455 -0.03558 -0.01645  0.35566
 14   c           x  -0.23078  0.11809  0.02088 -0.17147  0.09569  0.00520
                  y  -0.07493  0.18028  0.00933 -0.07811 -0.17560  0.00001
                  z  -0.02396 -0.03828  0.18690  0.00679 -0.03329  0.33002
 15   c           x  -0.19057  0.11466  0.00750 -0.11814  0.11325  0.00533
                  y  -0.04291  0.17634 -0.00004 -0.03315 -0.16222  0.00249
                  z   0.02348  0.00747  0.11834 -0.03210  0.01228  0.23276
 16   h           x  -0.23888  0.13254 -0.00729 -0.22090  0.09837 -0.01219
                  y   0.06330  0.16214 -0.03742  0.11343 -0.11869  0.01725
                  z   0.19685  0.11973 -0.31953 -0.22076  0.14164  0.12874
 17   h           x  -0.31089  0.13869  0.01666 -0.31645  0.06692 -0.01243
                  y   0.00554  0.16925 -0.02053  0.03232 -0.14283  0.01281
                  z   0.11120  0.03729 -0.19526 -0.15043  0.05948  0.30366
 18   h           x  -0.30531  0.12930  0.03480 -0.28402  0.06533 -0.00117
                  y  -0.08299  0.18088  0.00948 -0.09032 -0.17927  0.00170
                  z  -0.03024 -0.06380  0.12959 -0.00455 -0.05249  0.43201
 19   h           x  -0.22844  0.11400  0.02882 -0.15745  0.09495  0.01011
                  y  -0.11376  0.18538  0.02248 -0.13191 -0.19158 -0.00484
                  z  -0.08601 -0.08265  0.32927  0.07074 -0.08242  0.38648
 20   h           x  -0.15649  0.10798  0.00461 -0.06233  0.12643  0.01020
                  y  -0.05577  0.17823  0.00543 -0.05052 -0.16736 -0.00029
                  z   0.00000  0.00000  0.20401  0.00000  0.00000  0.21143

reduced mass(g/mol)    11.394   23.107   16.599   13.647   27.039    7.082


       mode               7        8        9       10       11       12

     frequency          21.81    35.20    35.48    62.23    72.45   122.59

     symmetry            a        a        a        a        a        a   

        IR               YES      YES      YES      YES      YES      YES
|dDIP/dQ|   (a.u.)     0.0004   0.0004   0.0004   0.0004   0.0005   0.0009
intensity (km/mol)       0.27     0.35     0.35     0.34     0.44     1.31
intensity (  %   )       0.05     0.07     0.07     0.07     0.09     0.27
 
       RAMAN             YES      YES      YES      YES      YES      YES
 
  1   c           x   0.00130  0.02279  0.04128  0.00834 -0.09928 -0.15008
                  y   0.00057  0.02752  0.04187  0.00504  0.11238  0.05525
                  z   0.03571 -0.08423  0.06888  0.14024 -0.00058  0.00401
  2   s           x   0.00163 -0.02902 -0.02391  0.00747 -0.17502 -0.05309
                  y   0.00105 -0.01542 -0.01504  0.00387  0.04062  0.09947
                  z   0.02973 -0.12773  0.11523  0.17457  0.00599  0.00141
  3   o           x  -0.04727  0.03603 -0.15591  0.00420 -0.20245  0.08509
                  y  -0.03628  0.04466 -0.02780 -0.06442  0.05714  0.02146
                  z  -0.00531 -0.07212  0.06966  0.12851  0.00653 -0.01232
  4   u           x  -0.00269 -0.03832 -0.05810 -0.00029  0.06378  0.03567
                  y  -0.00151  0.00151 -0.00003 -0.00101 -0.06444 -0.04219
                  z  -0.06364  0.04518 -0.03549 -0.01649 -0.00178 -0.00068
  5   o           x   0.00758  0.04915  0.12283 -0.26237  0.06218 -0.29504
                  y  -0.14703  0.02528 -0.13156  0.08233 -0.07323  0.08811
                  z   0.15451 -0.04423  0.03416  0.01899 -0.00139  0.01458
  6   s           x   0.01101  0.18712  0.26945 -0.00207 -0.21825  0.17852
                  y   0.00669 -0.09788 -0.13140  0.00103  0.04088 -0.10867
                  z   0.25144 -0.09186  0.06524  0.02291  0.01028 -0.00785
  7   o           x   0.00512  0.09324  0.08121  0.26723  0.05358 -0.26978
                  y   0.15543 -0.12229  0.00246 -0.08531 -0.07032  0.07643
                  z   0.14794 -0.04338  0.03333 -0.00542 -0.00191  0.01089
  8   o           x   0.04737 -0.15350  0.01182  0.00117 -0.19947  0.09431
                  y   0.03588 -0.03747  0.04446  0.07219  0.05394  0.01935
                  z  -0.01207 -0.06003  0.05819  0.12544  0.00892  0.00221
  9   o           x  -0.00112 -0.02284 -0.03146 -0.01413  0.13073 -0.12735
                  y  -0.00172  0.04562  0.06190 -0.00260  0.08940 -0.44403
                  z  -0.02454 -0.00655  0.00568 -0.32873 -0.00374  0.02057
 10   o           x  -0.00884 -0.04761 -0.07867  0.01147  0.02399  0.17937
                  y  -0.00329 -0.02944 -0.04419  0.00019 -0.18189  0.29356
                  z  -0.18588  0.12116 -0.10066  0.23842 -0.00115 -0.01913
 11   c           x   0.01530  0.08028  0.08789  0.00987  0.00944 -0.08977
                  y   0.00777  0.01856  0.01318  0.00319  0.07294  0.03866
                  z   0.25969  0.14343 -0.13248  0.11707 -0.00537  0.00265
 12   c           x   0.01661  0.11891  0.13297 -0.00156  0.10428 -0.01843
                  y   0.00815  0.04922  0.05201 -0.00124  0.15112  0.09718
                  z   0.28983  0.20489 -0.19070 -0.09279 -0.00773 -0.00082
 13   c           x   0.00360  0.09953  0.13203 -0.01464  0.08392 -0.03373
                  y   0.00106  0.08703  0.11820 -0.00400  0.26644  0.18279
                  z   0.09169  0.02946 -0.03937 -0.28066 -0.00453 -0.00111
 14   c           x  -0.01049  0.04154  0.08515 -0.01465 -0.02827 -0.10484
                  y  -0.00616  0.09500  0.14584 -0.00159  0.30575  0.20860
                  z  -0.13408 -0.20173  0.16499 -0.23593 -0.00013  0.00012
 15   c           x  -0.01175  0.00343  0.04034 -0.00297 -0.11996 -0.17044
                  y  -0.00649  0.06499  0.10752  0.00282  0.22706  0.14558
                  z  -0.16341 -0.25903  0.21946 -0.02327  0.00182  0.00311
 16   h           x   0.02519  0.09442  0.08854  0.01817  0.02477 -0.07901
                  y   0.01302 -0.01292 -0.04002  0.00428 -0.02289 -0.02455
                  z   0.41108  0.27207 -0.24311  0.23665 -0.00673  0.00407
 17   h           x   0.02761  0.16333  0.16851 -0.00133  0.19228  0.04990
                  y   0.01380  0.04296  0.03041 -0.00300  0.11898  0.07241
                  z   0.46618  0.38517 -0.34994 -0.12336 -0.01123 -0.00257
 18   h           x   0.00437  0.12880  0.16696 -0.02493  0.15333  0.01396
                  y   0.00116  0.11053  0.14863 -0.00795  0.32483  0.22314
                  z   0.11306  0.07272 -0.08035 -0.46183 -0.00515 -0.00230
 19   h           x  -0.02047  0.02659  0.08405 -0.02459 -0.04493 -0.11645
                  y  -0.01151  0.12619  0.19916 -0.00339  0.40178  0.27272
                  z  -0.28588 -0.33384  0.27897 -0.37849  0.00243  0.00001
 20   h           x  -0.02199 -0.03863  0.00519 -0.00356 -0.19622 -0.22974
                  y  -0.01162  0.07078  0.12675  0.00408  0.25240  0.16582
                  z  -0.32710 -0.41705  0.35984 -0.00176  0.00608  0.00477

reduced mass(g/mol)     8.252    7.938    9.609    9.413   11.238   13.359


       mode              13       14       15       16       17       18

     frequency         130.51   150.60   163.57   183.53   187.78   189.08

     symmetry            a        a        a        a        a        a   

        IR               YES      YES      YES      YES      YES      YES
|dDIP/dQ|   (a.u.)     0.0003   0.0020   0.0007   0.0041   0.0035   0.0022
intensity (km/mol)       0.16     6.81     0.83    29.51    21.45     8.90
intensity (  %   )       0.03     1.39     0.17     6.03     4.38     1.82
 
       RAMAN             YES      YES      YES      YES      YES      YES
 
  1   c           x   0.01077  0.16296  0.01038 -0.05374  0.01176  0.17790
                  y   0.00864  0.22428  0.00130 -0.06154  0.00406  0.08181
                  z   0.20759 -0.01230  0.21821  0.00449 -0.00555 -0.01028
  2   s           x  -0.00112  0.15069 -0.00647 -0.00723 -0.00316 -0.05260
                  y   0.00330  0.16394 -0.00473 -0.00509 -0.00482 -0.06836
                  z  -0.01917 -0.01232 -0.06123 -0.00065  0.03165  0.00197
  3   o           x   0.30209  0.09055  0.29778  0.04830 -0.10897 -0.29280
                  y  -0.08992  0.16489 -0.09942 -0.03327 -0.01992  0.04923
                  z   0.00245 -0.03305 -0.04039  0.00362 -0.02307  0.01722
  4   u           x   0.00035 -0.02534 -0.00040  0.03809 -0.00108  0.03790
                  y  -0.00167 -0.04499  0.00078  0.10120  0.00049 -0.00602
                  z  -0.00620  0.00218 -0.01229 -0.00174 -0.10068  0.00330
  5   o           x   0.36964 -0.00143 -0.21073 -0.19866 -0.01272 -0.33074
                  y  -0.15118 -0.10831  0.08641 -0.43313 -0.02449  0.13719
                  z  -0.01438  0.00902  0.01126  0.05768  0.01253  0.01287
  6   s           x   0.00295 -0.06141 -0.00024 -0.18707  0.00713  0.11740
                  y  -0.00202 -0.09318  0.00218 -0.47917 -0.01426 -0.04573
                  z   0.00162  0.00565  0.00503  0.01921  0.04027 -0.00756
  7   o           x  -0.38124  0.00816  0.21826 -0.20724 -0.04768 -0.32736
                  y   0.15439 -0.11285 -0.08598 -0.44114  0.02538  0.13537
                  z   0.01865 -0.00386 -0.00744 -0.01311  0.01160  0.01345
  8   o           x  -0.29677  0.09045 -0.30634  0.04004  0.06061 -0.29876
                  y   0.09541  0.16716  0.09237 -0.03597  0.02410  0.04892
                  z   0.03160  0.01496 -0.01285 -0.00406 -0.03410  0.01182
  9   o           x  -0.01200 -0.03937  0.02308  0.10171  0.04228  0.12000
                  y  -0.01360 -0.04594  0.01172  0.30829  0.02917  0.15471
                  z  -0.18145  0.01080  0.43041 -0.03070  0.62012 -0.03713
 10   o           x   0.01202 -0.03731 -0.01600  0.11671  0.04176  0.01243
                  y   0.00694 -0.11189 -0.00552  0.25834  0.01136 -0.09234
                  z   0.17158 -0.00022 -0.30288 -0.03258  0.74970 -0.03614
 11   c           x   0.00793 -0.00276  0.01097 -0.01188  0.00827  0.08736
                  y   0.00653  0.29248 -0.00231 -0.07899  0.00661  0.11263
                  z   0.14770 -0.00526  0.16089  0.00199  0.02247 -0.00776
 12   c           x  -0.00430 -0.15212  0.00125  0.02897  0.00088 -0.03397
                  y   0.00137  0.17789 -0.00562 -0.04870  0.00052  0.01758
                  z  -0.05832  0.00387 -0.04658 -0.00114  0.03148 -0.00014
 13   c           x  -0.01392 -0.12364 -0.00828  0.02165 -0.00003 -0.01072
                  y  -0.00127  0.01016 -0.00521 -0.00333 -0.00994 -0.12152
                  z  -0.19816  0.00442 -0.17846 -0.00075 -0.00530  0.00210
 14   c           x  -0.00678  0.04891 -0.00241 -0.02379  0.00608  0.10564
                  y   0.00305 -0.05027  0.00115  0.01316 -0.01309 -0.16256
                  z  -0.07094 -0.00174 -0.02096  0.00158 -0.02389 -0.00069
 15   c           x   0.00556  0.19522  0.00699 -0.06376  0.01416  0.21361
                  y   0.00802  0.07430  0.00396 -0.02147 -0.00575 -0.05793
                  z   0.13407 -0.01074  0.17881  0.00411 -0.00637 -0.00843
 16   h           x   0.01126 -0.02795  0.01384 -0.00538  0.00853  0.06893
                  y   0.00663  0.45013 -0.00568 -0.12069  0.01415  0.22148
                  z   0.19486 -0.00770  0.19389  0.00227  0.04415 -0.01084
 17   h           x  -0.00866 -0.28367 -0.00189  0.06522 -0.00458 -0.14739
                  y  -0.00172  0.22631 -0.00994 -0.06233  0.00426  0.05891
                  z  -0.14368  0.00887 -0.14622 -0.00349  0.06390  0.00305
 18   h           x  -0.02684 -0.22844 -0.02027  0.04992 -0.00511 -0.08796
                  y  -0.00678 -0.07825 -0.00956  0.02038 -0.01420 -0.18671
                  z  -0.40438  0.00937 -0.39908 -0.00257 -0.00594  0.00553
 19   h           x  -0.01353  0.07516 -0.00889 -0.03059  0.00682  0.12487
                  y   0.00135 -0.19918  0.00254  0.05236 -0.02008 -0.26877
                  z  -0.16880 -0.00073 -0.10775  0.00120 -0.03136  0.00026
 20   h           x   0.00620  0.31327  0.00455 -0.09763  0.02571  0.33121
                  y   0.00933  0.03454  0.00558 -0.00851 -0.00722 -0.09906
                  z   0.16350 -0.01504  0.19252  0.00369  0.04390 -0.01542

reduced mass(g/mol)    11.314    8.397   11.519   22.182   18.125   11.122


       mode              19       20       21       22       23       24

     frequency         207.90   219.51   220.14   252.68   310.98   324.55

     symmetry            a        a        a        a        a        a   

        IR               YES      YES      YES      YES      YES      YES
|dDIP/dQ|   (a.u.)     0.0027   0.0012   0.0004   0.0085   0.0008   0.0044
intensity (km/mol)      13.05     2.50     0.23   128.42     1.26    34.58
intensity (  %   )       2.67     0.51     0.05    26.24     0.26     7.07
 
       RAMAN             YES      YES      YES      YES      YES      YES
 
  1   c           x  -0.00875 -0.13444 -0.02801 -0.01980  0.00305  0.08324
                  y  -0.00403 -0.07587 -0.01662 -0.04812  0.00348  0.11591
                  z  -0.15005 -0.01767  0.11975  0.00213  0.03540 -0.00930
  2   s           x   0.00557  0.08588  0.01877 -0.04064 -0.00611  0.07112
                  y   0.00293  0.07088  0.01641  0.03182 -0.01148 -0.28762
                  z   0.08935  0.00666 -0.05928  0.00174 -0.13255  0.00915
  3   o           x   0.24901  0.32862 -0.12171 -0.05730 -0.09081  0.03947
                  y   0.25936  0.01834 -0.17239  0.03502  0.30436 -0.32856
                  z   0.28770  0.02748 -0.20588  0.00803  0.03571 -0.02697
  4   u           x  -0.00331 -0.00836 -0.00261  0.04865 -0.00002  0.01104
                  y  -0.00177 -0.02069 -0.00562  0.11312  0.00096  0.02990
                  z  -0.06291  0.00301 -0.00617 -0.00416 -0.00773 -0.00096
  5   o           x   0.11507 -0.26787  0.12104 -0.05471 -0.00707 -0.00568
                  y   0.29128  0.01012  0.43008 -0.08540 -0.01817 -0.00308
                  z   0.19223 -0.05449  0.25276  0.00818 -0.01091 -0.00566
  6   s           x   0.00240  0.07257  0.01796 -0.03063  0.00023  0.00292
                  y   0.00122 -0.01074 -0.00180 -0.08844  0.00019  0.00535
                  z   0.00850  0.00107 -0.02007  0.00338  0.00299 -0.00039
  7   o           x  -0.10058 -0.18444 -0.20557 -0.05385  0.00531 -0.00539
                  y  -0.27613  0.20689 -0.35973 -0.08401  0.01739 -0.00398
                  z   0.21657 -0.06095  0.28855 -0.00004 -0.01195  0.00716
  8   o           x  -0.21399  0.24184  0.24543 -0.05783  0.09906  0.03253
                  y  -0.24385 -0.05360  0.15151  0.03873 -0.32241 -0.29886
                  z   0.32496  0.04028 -0.23198 -0.00506  0.04154  0.03538
  9   o           x   0.00198  0.14349  0.03361 -0.23039 -0.00149  0.00214
                  y   0.00284  0.35514  0.08938 -0.57059 -0.00211 -0.02587
                  z   0.01336 -0.00007 -0.05967  0.02044 -0.02279  0.00148
 10   o           x  -0.00474 -0.15304 -0.04119 -0.25355 -0.00170 -0.04201
                  y  -0.00777 -0.39893 -0.10453 -0.65378 -0.00358 -0.06819
                  z  -0.04026  0.02107 -0.01640  0.02242  0.00356  0.00348
 11   c           x  -0.00986 -0.06719 -0.00883  0.03505  0.01017 -0.09677
                  y  -0.00413 -0.10119 -0.02293 -0.07837  0.01137  0.22935
                  z  -0.15854 -0.02468  0.13424 -0.00161  0.20721 -0.00907
 12   c           x  -0.00066  0.03624  0.01057  0.06878  0.00151 -0.19664
                  y  -0.00001 -0.02207 -0.00561 -0.06086  0.00790  0.19217
                  z  -0.00994 -0.00491  0.01345 -0.00349  0.10242  0.00245
 13   c           x   0.00923  0.02023 -0.00268  0.06699 -0.02015 -0.19784
                  y   0.00363  0.09158  0.02087 -0.04320 -0.00123  0.18115
                  z   0.13545  0.02365 -0.11230 -0.00131 -0.21981  0.01678
 14   c           x   0.00122 -0.07555 -0.02054  0.01839 -0.00013 -0.04654
                  y  -0.00061  0.12268  0.03287 -0.02828  0.00569  0.13722
                  z   0.00555  0.00207  0.00011  0.00032  0.03599 -0.00302
 15   c           x  -0.00929 -0.16453 -0.03469 -0.01626  0.01699  0.05848
                  y  -0.00510  0.03563  0.01395 -0.05166  0.01349  0.19493
                  z  -0.16037 -0.02337  0.13896  0.00120  0.26300 -0.02104
 16   h           x  -0.01335 -0.05243 -0.00180  0.04271  0.01515 -0.12695
                  y  -0.00521 -0.19270 -0.04601 -0.13245  0.01814  0.42696
                  z  -0.21009 -0.03325  0.17835 -0.00109  0.29183 -0.01791
 17   h           x   0.00152  0.13022  0.03366  0.08527  0.00472 -0.21466
                  y   0.00148 -0.05606 -0.01570 -0.06789  0.00916  0.20016
                  z   0.03167 -0.00271 -0.01784 -0.00476  0.14614  0.00030
 18   h           x   0.02107  0.08408  0.00347  0.08638 -0.04215 -0.24613
                  y   0.00879  0.14439  0.03010 -0.02757 -0.01145  0.14001
                  z   0.31958  0.05612 -0.26874 -0.00077 -0.53845  0.03411
 19   h           x   0.00530 -0.09062 -0.02792  0.01194 -0.00196 -0.02156
                  y   0.00065  0.21080  0.05500  0.01379  0.00179 -0.00484
                  z   0.06530  0.01258 -0.04708  0.00050  0.00115  0.00011
 20   h           x  -0.01329 -0.27040 -0.05881 -0.03943  0.02699  0.03345
                  y  -0.00710  0.07169  0.02532 -0.04467  0.01909  0.20036
                  z  -0.22368 -0.03095  0.19652  0.00210  0.43382 -0.02758

reduced mass(g/mol)    13.607   12.637   13.456   18.788    6.781   10.340


       mode              25       26       27       28       29       30

     frequency         406.20   499.76   511.98   522.53   571.33   623.09

     symmetry            a        a        a        a        a        a   

        IR               YES      YES      YES      YES      YES      YES
|dDIP/dQ|   (a.u.)     0.0001   0.0096   0.0024   0.0050   0.0036   0.0010
intensity (km/mol)       0.01   162.64    10.27    44.62    23.58     1.92
intensity (  %   )       0.00    33.23     2.10     9.12     4.82     0.39
 
       RAMAN             YES      YES      YES      YES      YES      YES
 
  1   c           x  -0.00122  0.03799  0.02190 -0.00954 -0.03515  0.11179
                  y  -0.00032 -0.18727  0.01306  0.07022 -0.15154  0.07670
                  z  -0.01963  0.02725  0.35751  0.01075 -0.00172 -0.00982
  2   s           x  -0.00076  0.26344 -0.00440 -0.11404  0.37155  0.02536
                  y   0.00029 -0.27804  0.00402  0.05588  0.12147  0.01911
                  z  -0.00537 -0.01239 -0.05224  0.00350 -0.02261 -0.00192
  3   o           x  -0.00680 -0.07456 -0.03761  0.04467 -0.27992 -0.01573
                  y   0.01285  0.33893  0.07368 -0.09482 -0.06995 -0.00168
                  z  -0.00038  0.28744 -0.01820 -0.04721 -0.41374 -0.04691
  4   u           x  -0.00002 -0.00112 -0.00002 -0.00052  0.00047 -0.00064
                  y  -0.00002 -0.00288  0.00002 -0.00210  0.00043  0.00017
                  z  -0.00059  0.00001 -0.00133  0.00002 -0.00001  0.00003
  5   o           x   0.00003  0.03612 -0.00191  0.15832  0.01290  0.00126
                  y  -0.00033  0.07741 -0.00421  0.33020  0.02852  0.00283
                  z  -0.00023  0.12752 -0.00644  0.52016  0.04242  0.00431
  6   s           x   0.00001 -0.03018  0.00132 -0.11100 -0.00731 -0.00049
                  y   0.00001 -0.07537  0.00319 -0.27183 -0.01865 -0.00126
                  z   0.00020  0.00328  0.00039  0.01188  0.00079  0.00006
  7   o           x  -0.00004  0.02218 -0.00096  0.10162  0.00827  0.00080
                  y   0.00032  0.07168 -0.00274  0.30639  0.02658  0.00264
                  z  -0.00024 -0.13397  0.00535 -0.54776 -0.04474 -0.00453
  8   o           x   0.00703 -0.10105  0.03572  0.05196 -0.23393 -0.01068
                  y  -0.01389  0.31193 -0.08544 -0.09707 -0.04812  0.00027
                  z   0.00027 -0.29505 -0.00384  0.04586  0.44417  0.04803
  9   o           x   0.00003 -0.02004  0.00028  0.03974  0.03888  0.00582
                  y   0.00009 -0.02406  0.00041 -0.01818 -0.02402 -0.00292
                  z  -0.00007  0.00172  0.00046 -0.00169 -0.00148 -0.00024
 10   o           x   0.00013  0.04620 -0.00044 -0.06240 -0.01729  0.00646
                  y   0.00023 -0.00892  0.00046  0.00594  0.02664 -0.00234
                  z   0.00630 -0.00171  0.00504  0.00321  0.00014 -0.00022
 11   c           x   0.01467 -0.14483  0.00271  0.05252 -0.17481  0.30755
                  y   0.00695 -0.15139  0.00181  0.06280 -0.15275 -0.05510
                  z   0.21910  0.01654  0.02610 -0.00452  0.01365 -0.01852
 12   c           x  -0.01215 -0.09230 -0.00886  0.02741 -0.01582 -0.02553
                  y  -0.00544 -0.08043 -0.00390  0.03613 -0.02800 -0.35237
                  z  -0.18338 -0.00329 -0.15772 -0.00794  0.00628  0.01224
 13   c           x  -0.00172 -0.11723  0.01612  0.03688 -0.01298 -0.11230
                  y  -0.00106  0.16489  0.00444 -0.05478  0.11790 -0.08980
                  z  -0.02860  0.01701  0.20981  0.00633 -0.00854  0.01035
 14   c           x   0.01474 -0.05361 -0.00808  0.01766  0.01678 -0.34373
                  y   0.00637  0.14189 -0.00533 -0.04813  0.08399  0.03985
                  z   0.21831 -0.00803 -0.12469 -0.00424  0.00003  0.02145
 15   c           x  -0.01267 -0.07055 -0.00201  0.02893 -0.11099  0.01201
                  y  -0.00611  0.06875 -0.00238 -0.01825 -0.07157  0.32009
                  z  -0.19263 -0.00177 -0.01804 -0.00078  0.00845 -0.01105
 16   h           x   0.03237 -0.16346 -0.01629  0.05751 -0.17031  0.27886
                  y   0.01499 -0.03310 -0.01007  0.02515 -0.16247  0.10447
                  z   0.48682 -0.00390 -0.26846 -0.01468  0.02303 -0.02085
 17   h           x  -0.02854  0.09635 -0.03463 -0.04638  0.18246 -0.18378
                  y  -0.01277 -0.14907 -0.01438  0.06237 -0.10087 -0.29246
                  z  -0.42594 -0.03854 -0.51976 -0.01652  0.00806  0.02152
 18   h           x  -0.00546 -0.05440  0.02328  0.01188  0.00009  0.21931
                  y  -0.00279  0.21740  0.00750 -0.07545  0.12859  0.19063
                  z  -0.08319  0.02015  0.32421  0.01166 -0.01019 -0.01942
 19   h           x   0.03251 -0.04720 -0.03064  0.01452  0.00458 -0.30872
                  y   0.01462  0.08350 -0.01321 -0.03249  0.14522 -0.14604
                  z   0.48579 -0.02599 -0.45785 -0.01735  0.01056  0.02594
 20   h           x  -0.02676 -0.29071 -0.01987  0.11054 -0.26879  0.14395
                  y  -0.01263  0.14897 -0.01262 -0.05105 -0.01839  0.27722
                  z  -0.40644 -0.01096 -0.32547 -0.01634  0.02476 -0.01648

reduced mass(g/mol)     2.870   14.367    3.692   17.062   14.841    6.453


       mode              31       32       33       34       35       36

     frequency         706.00   711.66   765.83   835.41   873.44   887.03

     symmetry            a        a        a        a        a        a   

        IR               YES      YES      YES      YES      YES      YES
|dDIP/dQ|   (a.u.)     0.0037   0.0041   0.0046   0.0023   0.0003   0.0166
intensity (km/mol)      24.37    29.95    37.25     9.52     0.18   489.41
intensity (  %   )       4.98     6.12     7.61     1.95     0.04   100.00
 
       RAMAN             YES      YES      YES      YES      YES      YES
 
  1   c           x  -0.19791  0.01188 -0.01111 -0.00397  0.00041 -0.00629
                  y   0.22769  0.00013 -0.00480 -0.00196  0.00024 -0.00308
                  z   0.01364  0.12772 -0.16481  0.00123  0.00346  0.00204
  2   s           x   0.12613 -0.00244  0.00125 -0.02673  0.00015 -0.01273
                  y  -0.09094  0.00166  0.00004 -0.02518  0.00001  0.00278
                  z  -0.00494 -0.00095  0.01083  0.00191  0.00260  0.00083
  3   o           x  -0.02997 -0.00449  0.00481  0.00366 -0.00001  0.01942
                  y   0.01848  0.00301 -0.01216 -0.00828  0.00262 -0.00068
                  z   0.01473  0.00065  0.00192 -0.08316 -0.00352  0.00148
  4   u           x  -0.00004  0.00003  0.00002 -0.01649  0.00032 -0.08745
                  y   0.00046 -0.00003 -0.00000  0.00777 -0.00013  0.03574
                  z  -0.00002 -0.00018  0.00014  0.00073 -0.00005  0.00376
  5   o           x  -0.00056  0.00006  0.00003  0.01125  0.00003  0.00997
                  y  -0.00093  0.00010  0.00004  0.01596  0.00013 -0.00606
                  z  -0.00183 -0.00020 -0.00006  0.05071 -0.00010 -0.01120
  6   s           x   0.00008  0.00002  0.00000  0.00422  0.00003 -0.00405
                  y   0.00006  0.00001 -0.00000  0.01170  0.00003 -0.00275
                  z  -0.00000  0.00025  0.00006 -0.00057  0.00020  0.00035
  7   o           x  -0.00039 -0.00009 -0.00004  0.00583 -0.00011  0.01111
                  y  -0.00086 -0.00013 -0.00005  0.01370 -0.00007 -0.00567
                  z   0.00189 -0.00015 -0.00002 -0.05205 -0.00028  0.01021
  8   o           x  -0.03102  0.00585 -0.00514  0.01282 -0.00051  0.01905
                  y   0.01747 -0.00364  0.01278 -0.00441 -0.00279 -0.00145
                  z  -0.01226  0.00034  0.00240  0.08278 -0.00327 -0.00421
  9   o           x  -0.00207  0.00001  0.00001 -0.51337 -0.00371  0.76911
                  y  -0.00208  0.00008 -0.00003  0.20914  0.00153 -0.31629
                  z   0.00020  0.00030 -0.00032  0.02188  0.00010 -0.03262
 10   o           x   0.00672 -0.00051 -0.00010  0.75642 -0.00078  0.49668
                  y  -0.00075  0.00025  0.00006 -0.30373  0.00032 -0.19463
                  z  -0.00023  0.00268  0.00059 -0.03319  0.00166 -0.02182
 11   c           x   0.11939 -0.00832  0.00579 -0.01666 -0.00461 -0.02075
                  y   0.19000 -0.00634  0.00287 -0.00518 -0.00225 -0.00215
                  z  -0.02056 -0.09844  0.08394  0.00217 -0.07392 -0.00358
 12   c           x   0.15392  0.00839  0.00095  0.00449 -0.00508  0.00320
                  y   0.19967  0.00132  0.00066  0.00921 -0.00237  0.01323
                  z  -0.00641  0.16598  0.01056  0.00116 -0.07452 -0.00443
 13   c           x   0.20011 -0.00956  0.00824  0.01077  0.00108  0.01570
                  y  -0.23243  0.00134  0.00322 -0.01305  0.00073 -0.02292
                  z  -0.01291 -0.08969  0.11822 -0.00007  0.01745  0.00178
 14   c           x  -0.26212  0.01464 -0.00090  0.01063  0.00582  0.01202
                  y  -0.10442  0.00648 -0.00031 -0.01002  0.00270 -0.01067
                  z   0.02993  0.15202 -0.00503 -0.00117  0.08822  0.00525
 15   c           x  -0.25901 -0.00230  0.00453  0.01261  0.00305  0.01182
                  y  -0.09901 -0.00139  0.00218  0.00935  0.00133  0.01803
                  z   0.01317 -0.10266  0.07689 -0.00368  0.04852 -0.00108
 16   h           x   0.16912 -0.03827 -0.00969 -0.01155  0.03286 -0.01428
                  y  -0.09569 -0.01489 -0.00470 -0.03741  0.01542 -0.03101
                  z  -0.03753 -0.53850 -0.15166 -0.00698  0.49425  0.03275
 17   h           x  -0.19837 -0.00564 -0.04114 -0.00016  0.03204 -0.00469
                  y   0.32984 -0.01018 -0.01814  0.01032  0.01482  0.01654
                  z   0.00166 -0.13653 -0.61237 -0.01099  0.48580  0.02508
 18   h           x   0.21736 -0.04457 -0.03326 -0.00796 -0.00810 -0.01162
                  y  -0.21124 -0.01469 -0.01553 -0.02931 -0.00331 -0.04725
                  z  -0.04031 -0.61053 -0.50351 -0.00170 -0.12372 -0.01266
 19   h           x  -0.33589 -0.00073 -0.03607  0.00962 -0.03851  0.00942
                  y   0.29094 -0.00807 -0.01557 -0.00115 -0.01760 -0.00568
                  z   0.01429 -0.09765 -0.53104  0.00661 -0.57735 -0.03582
 20   h           x  -0.02060 -0.02988 -0.00571  0.01732 -0.02560 -0.01705
                  y  -0.19044 -0.01054 -0.00263  0.02212 -0.01161  0.04624
                  z  -0.01804 -0.45604 -0.07998  0.00943 -0.37975 -0.01211

reduced mass(g/mol)     6.836    2.065    1.617   16.037    1.247   17.834


       mode              37       38       39       40       41       42

     frequency         948.16   986.80  1001.00  1012.41  1013.16  1020.88

     symmetry            a        a        a        a        a        a   

        IR               YES      YES      YES      YES      YES      YES
|dDIP/dQ|   (a.u.)     0.0006   0.0139   0.0015   0.0072   0.0090   0.0027
intensity (km/mol)       0.64   345.43     3.81    91.00   142.52    13.04
intensity (  %   )       0.13    70.58     0.78    18.59    29.12     2.66
 
       RAMAN             YES      YES      YES      YES      YES      YES
 
  1   c           x   0.00370  0.00384  0.00028  0.00907  0.00053  0.04580
                  y   0.00183 -0.03000  0.00006 -0.01767 -0.00050 -0.06129
                  z   0.05806  0.00170  0.00513  0.00002  0.00449 -0.00058
  2   s           x  -0.00042 -0.19715 -0.00082 -0.02267  0.01870  0.02613
                  y  -0.00010 -0.32881 -0.00007 -0.03764  0.00689  0.05532
                  z  -0.00667  0.01609 -0.01926 -0.00409  0.36182 -0.00254
  3   o           x  -0.00122  0.15268 -0.00501  0.01764  0.09543 -0.02486
                  y   0.00261  0.31493 -0.01311  0.03778  0.22632 -0.05059
                  z   0.00125 -0.43566  0.02176 -0.04018 -0.38948  0.06584
  4   u           x   0.00008  0.00407  0.00002 -0.00001  0.00019  0.00176
                  y  -0.00003  0.00099 -0.00002 -0.00164  0.00004 -0.00080
                  z  -0.00003 -0.00026 -0.00012 -0.00002  0.00272 -0.00007
  5   o           x  -0.00007  0.01286 -0.00001 -0.12575 -0.00334  0.00824
                  y  -0.00015  0.04033 -0.00005 -0.35956 -0.00913  0.02421
                  z   0.00030 -0.07134  0.00035  0.49219  0.00890 -0.03071
  6   s           x  -0.00001 -0.01998  0.00006  0.15180  0.00130 -0.00969
                  y  -0.00000 -0.04928  0.00014  0.37243  0.00375 -0.02398
                  z  -0.00028  0.00238 -0.00008 -0.01772 -0.00530  0.00113
  7   o           x   0.00008  0.02009 -0.00009 -0.17533  0.00056  0.01132
                  y   0.00015  0.04310 -0.00021 -0.37876  0.00159  0.02540
                  z   0.00025  0.06731 -0.00003 -0.45693 -0.00136  0.02839
  8   o           x   0.00134  0.20000  0.00688  0.02639 -0.13468 -0.03198
                  y  -0.00283  0.33744  0.01334  0.04778 -0.24063 -0.05387
                  z   0.00095  0.40607  0.01961  0.04863 -0.36219 -0.06081
  9   o           x  -0.00042  0.03579 -0.00013  0.03613 -0.00015 -0.01636
                  y   0.00018 -0.01937  0.00008 -0.01245 -0.00036  0.00675
                  z   0.00018 -0.00138  0.00046 -0.00143 -0.00820  0.00069
 10   o           x  -0.00085 -0.08262 -0.00027 -0.04205 -0.00116 -0.00833
                  y   0.00032  0.03333  0.00012  0.02053  0.00018  0.00381
                  z  -0.00131  0.00377 -0.00036  0.00196 -0.00737  0.00032
 11   c           x  -0.00776 -0.10940  0.00434 -0.08149 -0.00136 -0.38859
                  y  -0.00361 -0.03149  0.00227 -0.01557  0.00038 -0.06831
                  z  -0.11257  0.00854  0.07778  0.00514  0.02594  0.02813
 12   c           x   0.00239  0.02278 -0.00747  0.00878 -0.00265  0.03690
                  y   0.00114  0.07108 -0.00345  0.02404 -0.00044  0.06637
                  z   0.03544 -0.00468 -0.11323  0.00004 -0.04297 -0.00315
 13   c           x   0.00670  0.06469  0.00635  0.05217  0.00614  0.24456
                  y   0.00289 -0.11758  0.00210 -0.07199 -0.00132 -0.29886
                  z   0.09870 -0.00032  0.08767 -0.00323  0.06122 -0.01054
 14   c           x  -0.00276  0.00207 -0.00056 -0.01128 -0.00406 -0.07710
                  y  -0.00129 -0.02867 -0.00018 -0.00504 -0.00199 -0.00887
                  z  -0.04162  0.00137 -0.00737  0.00294 -0.06291  0.01146
 15   c           x  -0.00423  0.07521 -0.00317  0.03314  0.00291  0.14248
                  y  -0.00175  0.14312 -0.00093  0.08464  0.00415  0.35857
                  z  -0.06593 -0.01046 -0.05216 -0.00576  0.02593 -0.02575
 16   h           x   0.04111 -0.08131 -0.03160 -0.08000 -0.01580 -0.40316
                  y   0.01872 -0.18203 -0.01437 -0.03168 -0.00727 -0.05009
                  z   0.62706  0.00875 -0.46606  0.01161 -0.19361  0.02939
 17   h           x  -0.01260 -0.04095  0.04256 -0.00432  0.01790  0.06185
                  y  -0.00596  0.09402  0.01940  0.02448  0.00995  0.03692
                  z  -0.19354  0.00508  0.63718 -0.00917  0.28588 -0.01465
 18   h           x  -0.03676 -0.03384 -0.03399  0.03281 -0.02439  0.25312
                  y  -0.01687 -0.20218 -0.01623 -0.09170 -0.01598 -0.30559
                  z  -0.54863  0.00597 -0.51407  0.01211 -0.36943  0.01202
 19   h           x   0.01525  0.01396  0.00584 -0.00648  0.02603 -0.06000
                  y   0.00695 -0.07503  0.00297 -0.01473  0.01177 -0.02305
                  z   0.22873 -0.00164  0.08870 -0.01123  0.38659 -0.02936
 20   h           x   0.02857  0.00426  0.01808  0.00250 -0.01384  0.14575
                  y   0.01284  0.18074  0.00843  0.10345 -0.00047  0.38548
                  z   0.42133 -0.00189  0.26124  0.00249 -0.17424  0.01044

reduced mass(g/mol)     1.376   16.194    1.363   18.103   11.500    6.631


       mode              43       44       45       46       47       48

     frequency        1030.09  1047.50  1051.85  1101.99  1109.62  1170.39

     symmetry            a        a        a        a        a        a   

        IR               YES      YES      YES      YES      YES      YES
|dDIP/dQ|   (a.u.)     0.0015   0.0103   0.0011   0.0012   0.0039   0.0000
intensity (km/mol)       3.91   189.94     2.33     2.53    26.50     0.00
intensity (  %   )       0.80    38.81     0.48     0.52     5.42     0.00
 
       RAMAN             YES      YES      YES      YES      YES      YES
 
  1   c           x  -0.00024 -0.00002 -0.06177 -0.02453  0.22999  0.00298
                  y  -0.00118  0.00008  0.07172 -0.04422 -0.26461 -0.00179
                  z  -0.01575  0.00087  0.00195  0.00301 -0.00666 -0.00012
  2   s           x  -0.00081  0.00039  0.00641  0.01158 -0.03047 -0.00124
                  y   0.00004  0.00014 -0.01176  0.01011  0.02350 -0.00020
                  z  -0.01877  0.00747 -0.00012 -0.00103  0.00112  0.00011
  3   o           x  -0.00632  0.00092  0.00109 -0.00794  0.00364  0.00050
                  y  -0.01381  0.00183  0.00314 -0.00589  0.00325 -0.00051
                  z   0.02263 -0.01010 -0.00414  0.00824 -0.00673  0.00026
  4   u           x  -0.00005  0.00020  0.00012  0.00042 -0.00018 -0.00001
                  y   0.00001  0.00007 -0.00010 -0.00028 -0.00010  0.00002
                  z  -0.00019  0.00344 -0.00000 -0.00002  0.00001  0.00000
  5   o           x   0.00055  0.10059  0.00015  0.00027  0.00034 -0.00003
                  y   0.00156  0.30153  0.00051  0.00096  0.00078 -0.00008
                  z  -0.00235 -0.52091 -0.00051 -0.00065 -0.00053  0.00004
  6   s           x   0.00010  0.02670 -0.00016 -0.00026 -0.00024  0.00002
                  y   0.00000  0.01221 -0.00043 -0.00070 -0.00057  0.00005
                  z   0.00227  0.49462  0.00005  0.00003  0.00004 -0.00000
  7   o           x  -0.00073 -0.15558  0.00018  0.00033  0.00038 -0.00003
                  y  -0.00154 -0.32658  0.00049  0.00098  0.00078 -0.00008
                  z  -0.00209 -0.49690  0.00040  0.00057  0.00043 -0.00004
  8   o           x   0.00815 -0.00198  0.00152 -0.00862  0.00441  0.00046
                  y   0.01402 -0.00222  0.00333 -0.00615  0.00352 -0.00051
                  z   0.02014 -0.00980  0.00388 -0.00685  0.00612 -0.00033
  9   o           x   0.00013 -0.00059 -0.00070 -0.00310 -0.00001  0.00015
                  y  -0.00002 -0.00016  0.00029  0.00126  0.00043 -0.00008
                  z   0.00041 -0.00994  0.00003  0.00014 -0.00001 -0.00001
 10   o           x   0.00065 -0.00059 -0.00027 -0.00192  0.00248  0.00018
                  y  -0.00022 -0.00020  0.00015  0.00132 -0.00064 -0.00003
                  z   0.00241 -0.01018 -0.00000  0.00009 -0.00014 -0.00001
 11   c           x  -0.00507  0.00028 -0.00333  0.10345  0.06093 -0.01239
                  y  -0.00093  0.00001  0.07627 -0.05152  0.04229 -0.01234
                  z  -0.01783  0.00130 -0.00204 -0.00530 -0.00537  0.00121
 12   c           x  -0.00030  0.00003 -0.13070 -0.01377 -0.01991 -0.04935
                  y   0.00013  0.00005 -0.19519  0.08423  0.11418  0.01155
                  z  -0.00297 -0.00046  0.01482 -0.00169 -0.00214  0.00296
 13   c           x   0.00549 -0.00027  0.09374 -0.05225  0.04396  0.05104
                  y  -0.00237  0.00021 -0.11260 -0.05457 -0.03327  0.03889
                  z   0.03906 -0.00091 -0.00312  0.00509 -0.00194 -0.00457
 14   c           x  -0.00746  0.00028  0.20189  0.08354 -0.11167  0.00592
                  y  -0.00295  0.00007  0.11063  0.00428  0.03130 -0.02984
                  z  -0.10709  0.00485 -0.01615 -0.00562  0.00674  0.00049
 15   c           x   0.00913 -0.00055 -0.07141 -0.03793 -0.06157  0.00173
                  y   0.00734 -0.00043  0.00262  0.09900 -0.06231 -0.01006
                  z   0.11995 -0.00800  0.00388 -0.00057  0.00543  0.00015
 16   h           x  -0.00102  0.00004 -0.07112  0.18179 -0.01934  0.02223
                  y   0.00320 -0.00053  0.43080 -0.47213  0.58518 -0.22065
                  z   0.05052 -0.00346 -0.00834  0.00228 -0.01690  0.00502
 17   h           x   0.00298  0.00032 -0.47497 -0.34513 -0.30660 -0.52893
                  y   0.00250 -0.00001 -0.08338  0.21206  0.22331  0.18576
                  z   0.06650  0.00007  0.03323  0.01635  0.01342  0.02949
 18   h           x  -0.01329  0.00024  0.11151 -0.40618  0.05645  0.53373
                  y  -0.01102  0.00043 -0.12259 -0.35469 -0.01766  0.44643
                  z  -0.24461  0.00793 -0.00190  0.03819 -0.00314 -0.04932
 19   h           x   0.03941 -0.00174  0.14111  0.12192 -0.17937  0.06457
                  y   0.01968 -0.00104  0.52532 -0.17267  0.38488 -0.36271
                  z   0.59700 -0.02568 -0.02909 -0.00313 -0.00120  0.00688
 20   h           x  -0.04967  0.00398 -0.30427 -0.37665 -0.39799 -0.07041
                  y  -0.01758  0.00133  0.08974  0.22964  0.04505  0.01529
                  z  -0.73602  0.05483  0.02265  0.01833  0.02842  0.00465

reduced mass(g/mol)     1.351   19.890    2.666    1.540    2.885    1.097


       mode              49       50       51       52       53       54

     frequency        1198.54  1338.85  1368.76  1476.92  1517.13  1644.82

     symmetry            a        a        a        a        a        a   

        IR               YES      YES      YES      YES      YES      YES
|dDIP/dQ|   (a.u.)     0.0014   0.0015   0.0007   0.0025   0.0018   0.0005
intensity (km/mol)       3.40     4.00     0.96    11.24     5.84     0.48
intensity (  %   )       0.69     0.82     0.20     2.30     1.19     0.10
 
       RAMAN             YES      YES      YES      YES      YES      YES
 
  1   c           x  -0.01723 -0.14203  0.10587 -0.13499 -0.06812  0.19095
                  y   0.00291 -0.10551  0.11599 -0.09630  0.09347  0.25640
                  z   0.00111  0.01262 -0.01058  0.01188  0.00161 -0.02052
  2   s           x   0.00158  0.00835 -0.00407  0.00953  0.00307 -0.00958
                  y  -0.00152 -0.00010 -0.00223  0.00106 -0.00091 -0.00164
                  z  -0.00010 -0.00048  0.00036 -0.00059 -0.00017  0.00062
  3   o           x  -0.00021 -0.00355  0.00481 -0.00412 -0.00063  0.00594
                  y   0.00074  0.00371 -0.00091  0.00228 -0.00229 -0.00248
                  z  -0.00128 -0.00151 -0.00024 -0.00064  0.00193  0.00069
  4   u           x   0.00008 -0.00014 -0.00008  0.00007  0.00019 -0.00023
                  y  -0.00015  0.00008  0.00013 -0.00002 -0.00009  0.00008
                  z  -0.00000  0.00001  0.00000 -0.00000 -0.00001  0.00001
  5   o           x   0.00016 -0.00004 -0.00008 -0.00001  0.00002  0.00001
                  y   0.00044 -0.00017 -0.00026  0.00004  0.00017 -0.00014
                  z  -0.00018  0.00003  0.00003 -0.00001 -0.00002  0.00001
  6   s           x  -0.00010  0.00003  0.00004 -0.00000 -0.00002  0.00001
                  y  -0.00027  0.00009  0.00013 -0.00002 -0.00008  0.00007
                  z   0.00002 -0.00000 -0.00001 -0.00000  0.00000 -0.00000
  7   o           x   0.00017 -0.00004 -0.00008 -0.00001  0.00002  0.00001
                  y   0.00044 -0.00017 -0.00025  0.00004  0.00017 -0.00014
                  z   0.00013 -0.00001 -0.00001  0.00001  0.00001 -0.00000
  8   o           x  -0.00002 -0.00340  0.00472 -0.00402 -0.00080  0.00577
                  y   0.00083  0.00360 -0.00083  0.00219 -0.00235 -0.00240
                  z   0.00131  0.00164 -0.00035  0.00092 -0.00171 -0.00118
  9   o           x  -0.00079  0.00040  0.00066 -0.00046 -0.00063  0.00098
                  y   0.00044 -0.00020 -0.00036  0.00011  0.00021 -0.00027
                  z   0.00003 -0.00002 -0.00003  0.00002  0.00003 -0.00005
 10   o           x   0.00069  0.00044 -0.00045 -0.00088 -0.00089  0.00202
                  y   0.00027 -0.00086 -0.00089  0.00005  0.00121 -0.00154
                  z  -0.00004 -0.00001  0.00004  0.00005  0.00004 -0.00010
 11   c           x   0.00416  0.02697  0.04453  0.10652 -0.02868 -0.03646
                  y   0.04540 -0.00918 -0.25223 -0.03776 -0.12507 -0.32024
                  z  -0.00166 -0.00151  0.00482 -0.00591  0.00577  0.01228
 12   c           x   0.03722  0.08647 -0.17449 -0.08260  0.13766  0.11477
                  y  -0.01062 -0.00340  0.06052  0.12341 -0.01069  0.13912
                  z  -0.00214 -0.00567  0.00981  0.00169 -0.00884 -0.01189
 13   c           x   0.01187 -0.00608  0.19339 -0.10855 -0.05290 -0.24072
                  y  -0.00283  0.00368  0.16060 -0.08896  0.08356 -0.26436
                  z  -0.00068  0.00030 -0.01783  0.00995  0.00099  0.02409
 14   c           x   0.02658  0.00077  0.03908  0.09995 -0.02653  0.05915
                  y  -0.05285  0.07957 -0.18210 -0.10846 -0.14434  0.27516
                  z  -0.00013 -0.00245  0.00288 -0.00335  0.00614 -0.01229
 15   c           x  -0.06487  0.02194 -0.21890  0.00484  0.13721 -0.11205
                  y   0.02815  0.02077  0.10315  0.10619 -0.00051 -0.10706
                  z   0.00334 -0.00202  0.01140 -0.00351 -0.00909  0.01062
 16   h           x  -0.06340 -0.06003 -0.07414  0.07769 -0.12803 -0.15719
                  y   0.44113  0.51356  0.46081  0.23032  0.40059  0.37954
                  z  -0.00937 -0.01140 -0.00988 -0.01216 -0.00389 -0.00156
 17   h           x   0.33291 -0.40085 -0.05559  0.40033 -0.40397  0.00521
                  y  -0.11848  0.17923  0.01637 -0.03347  0.19767  0.20203
                  z  -0.01848  0.02119  0.00316 -0.02555  0.02083 -0.00650
 18   h           x   0.05025 -0.15264 -0.30947  0.49925 -0.10553  0.36556
                  y   0.02826 -0.11878 -0.26514  0.42603  0.06670  0.24392
                  z  -0.00431  0.01374  0.02884 -0.04636  0.00506 -0.03196
 19   h           x   0.12699  0.07975  0.01161  0.02152 -0.13962  0.16699
                  y  -0.61216 -0.35646 -0.02538  0.43095  0.43202 -0.24621
                  z   0.01013  0.00552  0.00046 -0.01446 -0.00386 -0.00370
 20   h           x  -0.48530  0.54159  0.54899  0.20104 -0.49282  0.03558
                  y   0.18152 -0.16324 -0.16452  0.05718  0.23625 -0.18704
                  z   0.02744 -0.03186 -0.03137 -0.01567  0.02561  0.00409

reduced mass(g/mol)     1.146    1.529    4.107    2.281    2.101    6.197


       mode              55       56       57       58       59       60

     frequency        1647.26  3162.90  3169.34  3174.96  3185.93  3196.60

     symmetry            a        a        a        a        a        a   

        IR               YES      YES      YES      YES      YES      YES
|dDIP/dQ|   (a.u.)     0.0006   0.0024   0.0050   0.0033   0.0035   0.0055
intensity (km/mol)       0.75     9.94    44.49    19.10    22.29    53.05
intensity (  %   )       0.15     2.03     9.09     3.90     4.55    10.84
 
       RAMAN             YES      YES      YES      YES      YES      YES
 
  1   c           x  -0.17379 -0.00108 -0.00187  0.00104 -0.00157 -0.00018
                  y   0.05189  0.00097 -0.00168 -0.00076 -0.00161  0.00041
                  z   0.00987  0.00004  0.00018 -0.00005  0.00015  0.00000
  2   s           x   0.00471  0.00003  0.00019 -0.00002  0.00015 -0.00002
                  y  -0.00067 -0.00002 -0.00007 -0.00009 -0.00004  0.00012
                  z  -0.00027 -0.00000 -0.00001  0.00000 -0.00001 -0.00000
  3   o           x  -0.00164  0.00002 -0.00001  0.00001 -0.00003 -0.00003
                  y   0.00076  0.00008  0.00023 -0.00001  0.00011 -0.00012
                  z  -0.00051  0.00007 -0.00006 -0.00013 -0.00006  0.00012
  4   u           x   0.00000 -0.00004 -0.00007  0.00004 -0.00002 -0.00001
                  y  -0.00010  0.00001  0.00002 -0.00002  0.00001  0.00001
                  z   0.00000  0.00000  0.00000 -0.00000  0.00000  0.00000
  5   o           x   0.00009 -0.00000 -0.00001  0.00001 -0.00000 -0.00001
                  y   0.00023 -0.00003 -0.00006  0.00005 -0.00002 -0.00004
                  z  -0.00002 -0.00000 -0.00001  0.00001 -0.00000 -0.00000
  6   s           x  -0.00003  0.00000  0.00001 -0.00000  0.00000  0.00000
                  y  -0.00009  0.00001  0.00002 -0.00002  0.00001  0.00001
                  z   0.00000 -0.00000 -0.00000  0.00000 -0.00000 -0.00000
  7   o           x   0.00009 -0.00000 -0.00001  0.00001 -0.00000 -0.00001
                  y   0.00023 -0.00003 -0.00005  0.00005 -0.00002 -0.00004
                  z  -0.00001  0.00001  0.00001 -0.00001  0.00000  0.00001
  8   o           x  -0.00153  0.00001  0.00000  0.00002 -0.00002 -0.00004
                  y   0.00073  0.00008  0.00023 -0.00000  0.00011 -0.00012
                  z   0.00064 -0.00007  0.00006  0.00013  0.00005 -0.00011
  9   o           x  -0.00033  0.00011  0.00020 -0.00015  0.00005  0.00006
                  y   0.00024 -0.00003 -0.00005  0.00005 -0.00001 -0.00004
                  z   0.00001 -0.00001 -0.00001  0.00001 -0.00000 -0.00000
 10   o           x   0.00083  0.00040  0.00076 -0.00046  0.00024  0.00008
                  y   0.00064 -0.00012 -0.00021  0.00014 -0.00009 -0.00008
                  z  -0.00005 -0.00002 -0.00004  0.00003 -0.00001 -0.00000
 11   c           x   0.14209 -0.04526  0.04309  0.04508  0.03155 -0.01750
                  y  -0.17781 -0.00830  0.00755  0.00743  0.00338 -0.00106
                  z  -0.00392  0.00324 -0.00308 -0.00321 -0.00219  0.00119
 12   c           x  -0.30702  0.01491 -0.00893  0.00293  0.01700 -0.01737
                  y   0.12702  0.03918 -0.02033  0.01663  0.05091 -0.04278
                  z   0.01654 -0.00219  0.00122 -0.00070 -0.00269  0.00246
 13   c           x   0.19683  0.02421  0.00599  0.03335 -0.00250  0.03765
                  y  -0.02311 -0.02889 -0.00565 -0.03945 -0.00315 -0.04441
                  z  -0.01245 -0.00074 -0.00023 -0.00104  0.00026 -0.00117
 14   c           x  -0.16068 -0.02624 -0.02629 -0.02353  0.05680  0.04620
                  y   0.19901 -0.00546 -0.00712 -0.00057  0.00856  0.00989
                  z   0.00466  0.00192  0.00197  0.00158 -0.00404 -0.00338
 15   c           x   0.30456  0.01091  0.02157 -0.01442  0.00620  0.00174
                  y  -0.15181  0.02945  0.06092 -0.04181  0.02345  0.01009
                  z  -0.01558 -0.00161 -0.00327  0.00222 -0.00112 -0.00042
 16   h           x   0.08544  0.53419 -0.50797 -0.51142 -0.34745  0.18481
                  y   0.23816  0.09105 -0.08692 -0.08603 -0.05657  0.02859
                  z  -0.01305 -0.03805  0.03620  0.03640  0.02467 -0.01308
 17   h           x   0.35945 -0.17334  0.09128 -0.06245 -0.20558  0.17527
                  y  -0.11782 -0.47612  0.24725 -0.18278 -0.57214  0.47659
                  z  -0.02036  0.02608 -0.01364  0.00975  0.03116 -0.02623
 18   h           x  -0.02673 -0.29117 -0.06058 -0.39133 -0.00175 -0.41382
                  y  -0.23465  0.34523  0.06892  0.46469  0.00963  0.49078
                  z   0.00894  0.00901  0.00196  0.01210 -0.00017  0.01281
 19   h           x  -0.08834  0.32027  0.31984  0.27021 -0.64531 -0.51554
                  y  -0.29145  0.05647  0.05769  0.04392 -0.11168 -0.09308
                  z   0.01462 -0.02304 -0.02306 -0.01932  0.04636  0.03716
 20   h           x  -0.46326 -0.12185 -0.24678  0.16468 -0.08383 -0.03156
                  y   0.10811 -0.33902 -0.69220  0.46095 -0.24236 -0.09487
                  z   0.02763  0.01834  0.03731 -0.02488  0.01291  0.00498

reduced mass(g/mol)     5.591    1.085    1.090    1.091    1.094    1.098
 

         **************************************************************
         *                                                            *
         *  zero point VIBRATIONAL energy  :      0.1124975  Hartree  *
         *    SCF-energy                   :  -1955.8481692           *
         *    SCF + E(vib0)                :  -1955.7356717           *
         *                                                            *
         **************************************************************




 time elapsed for vibrational analysis     0.31 sec


    ------------------------------------------------------------------------
         total  cpu-time :   7 days  2 hours 23 minutes and  0 seconds
         total wall-time : 10 hours 42 minutes and 46 seconds
    ------------------------------------------------------------------------

   ****  force : all done  ****


    2019-12-17 18:58:10.708 

aoforce ended normally 
