
OPTIMIZATION CYCLE 25
Tue Dec 17 11:14:27 CET 2019

   OpenMP run-time library returned nthreads = 16

 grad (u-0-3.local) : TURBOMOLE rev. V7.4.1 (b987a8a8) compiled 15 Oct 2019 at 12:10:21
 Copyright (C) 2019 TURBOMOLE GmbH, Karlsruhe


    2019-12-17 11:14:27.567 


 UHF modus switched on !


                             g r a d - program

                reinhart ahlrichs, hans horn & ansgar schaefer
                 density functional version : oliver treutler


                          quantum chemistry group
                          universitaet  karlsruhe
                                   germany




                                                 
                                 References:     
                                                 
          Density Functional:                              
              O. Treutler and R. Ahlrichs                      
              Efficient Molecular Numerical Integration Schemes
              J. chem. Phys. 102: 346 (1995)                   
          Parallel Version:                                
              Performance of parallel TURBOMOLE for Density    
              Functional Calculations                          
              M. v.Arnim and R. Ahlrichs                      
              J. comp. Chem. 19: 1746 (1998)                   
                                         




              +--------------------------------------------------+
              | Atomic coordinate, charge and isotop information |
              +--------------------------------------------------+

                    atomic coordinates            atom    charge  isotop
          7.94737077    0.73402404   -0.01281877    c      6.000     0
          5.20566655    2.79576780   -0.00736161    s     16.000     0
          3.72306188    1.87679695   -2.31778857    o      8.000     0
          0.00021536    0.00100382   -0.00808067    u     92.000     0
         -3.72743688   -1.87710282    2.29438581    o      8.000     0
         -5.20468269   -2.79476273   -0.01989232    s     16.000     0
         -7.94687006   -0.73364174   -0.01984547    c      6.000     0
          3.72712817    1.86924725    2.30271125    o      8.000     0
         -3.72121965   -1.86627809   -2.32611595    o      8.000     0
         -1.53950365    3.03344975   -0.00285959    o      8.000     0
          1.53986520   -3.03147072   -0.01165798    o      8.000     0
        -10.31517917   -1.84405805   -0.02520230    c      6.000     0
        -12.46342036   -0.33212419   -0.02627302    c      6.000     0
        -12.21247550    2.27540522   -0.02185779    c      6.000     0
         -9.82203632    3.37238782   -0.01629546    c      6.000     0
         -7.67230538    1.87807516   -0.01523025    c      6.000     0
        -10.47334071   -3.88916928   -0.02867749    h      1.000     0
        -14.32443761   -1.18933787   -0.03067630    h      1.000     0
        -13.88224178    3.46324075   -0.02289933    h      1.000     0
         -9.63524329    5.41276042   -0.01297491    h      1.000     0
         -5.79094808    2.69925196   -0.01118296    h      1.000     0
         10.31586326    1.84410266   -0.01756782    c      6.000     0
         12.46388230    0.33185692   -0.02221303    c      6.000     0
         12.21255127   -2.27564392   -0.02195035    c      6.000     0
          9.82194999   -3.37226729   -0.01702595    c      6.000     0
          7.67244284   -1.87764325   -0.01238985    c      6.000     0
         10.47434985    3.88919033   -0.01770201    h      1.000     0
         14.32501954    1.18881378   -0.02593361    h      1.000     0
         13.88214193   -3.46372227   -0.02543844    h      1.000     0
          9.63486755   -5.41261608   -0.01679411    h      1.000     0
          5.79096260   -2.69854914   -0.00879995    h      1.000     0
 
       center of nuclear mass  :    0.00024544    0.00063543   -0.01217983
       center of nuclear charge:    0.00024601    0.00058376   -0.01276844

              +--------------------------------------------------+
              |               basis set information              |
              +--------------------------------------------------+

              we will work with the 1s 3p 5d 7f 9g ... basis set
              ...i.e. with spherical basis functions...

   type   atoms  prim   cont   basis
   ---------------------------------------------------------------------------
    c       12     66     46   aug-cc-pVTZ   [5s4p3d2f|19s6p3d2f]
    s        2    122     50   aug-cc-pVTZ   [6s5p3d2f|42s17p3d2f]
    o        6     66     46   aug-cc-pVTZ   [5s4p3d2f|19s6p3d2f]
    u        1    213    117   SVP(6g)   [10s9p5d4f3g|14s13p10d8f6g]
    h       10     25     23   aug-cc-pVTZ   [4s3p2d|6s3p2d]
   ---------------------------------------------------------------------------
   total:   31   1895   1275
   ---------------------------------------------------------------------------

   total number of primitive shells          :  186
   total number of contracted shells         :  405
   total number of cartesian basis functions : 1510
   total number of SCF-basis functions       : 1275


 integral neglect threshold       :  0.22E-12
 integral storage threshold THIZE :  0.10E-04
 integral storage threshold THIME :         5


 WARNING : cannot change filename for statistics 
 number of unique ecp types :                     1

 symmetry group of the molecule :   c1 

 the group has the following generators :
   c1(z)

    1 symmetry operations found

 there are 1 real representations :   a   

 maximum number of shells which are related by symmetry :  1


    mo occupation :
   irrep   mo's   occupied
    a     1275       98
 
 number of basis functions   :                   1275
 number of occupied orbitals :                     98
 
  MOs are in ASCII format !


 reading orbital data $uhfmo_alpha  from file alpha
 orbital characterization : scfconv=8

 reading orbital data $uhfmo_beta  from file beta
 orbital characterization : scfconv=8
 time elapsed for calculating density matrices :   4.569 sec

  grad preliminaries : cpu elapsed         9.803 s
                       wall                2.981 s
  
           ------------------
           density functional
           ------------------
 PBE0 hybrid functional
 exchange:    3/4 (LDA+PBE) + 1/4 HF
 correlation: LDA (PW) + PBE

 iterations will be done with small grid
  
 spherical integration : Lebedev's spherical grid
 spherical gridsize    :                     5
    i.e. gridpoints    :                   590
 value for diffuse not defined
 radial integration    : Chebyshev 2nd kind (scaling 3)
 radial gridsize       :                     8
 integration cells     :                    31
 partition function    : becke
 partition sharpness   :                     3
  
 
 Derivatives of quadrature weights will be included
 

 <rpardf> : input of entry tasksize
           from data group '$pardft' failed !

               Default values taken

 <rpardf> : input of entry memdiv
           from data group '$pardft' failed !

               Default values taken



                    and now featuring
                             the super-duper gradient    ..... wow .....


 ------------------------------------------------------------------------------

            SCF ENERGY GRADIENT with respect to NUCLEAR COORDINATES            

 ------------------------------------------------------------------------------



    ----------------------------------------
     S+T+V CONTRIBUTIONS TO ENERGY GRADIENT 
    ----------------------------------------

 1e-integral 1st. derivatives will be neglected if expon. factor < 0.100000E-11

  cpu time for 1e-part of gradient :     26.33 sec


    -----------------------------------------------
     TWO ELECTRON CONTRIBUTIONS TO ENERGY GRADIENT 
    -----------------------------------------------

 biggest 1-particle AO density matrix element is expected to be    5.1810761862

 setting up bound for integral derivative estimation

 increment for numerical differentiation : 0.00050000

 biggest AO integral is expected to be    25.028879086
 biggest cartesian 1st derivative AO integral is expected to be    98.509992119

 2e-integral 1st. derivatives will be neglected if expon. factor < 0.100000E-07
 outer boundary for 2e-integral derivative neglection is 0.620882E-10

  cpu time for 2e-part of gradient :    135.00 min

          Overall gridpoints after grid construction =        524011
 Ordering of quadrature gridpoints disabled.
 number of electrons: 0.77453347634     of atom    1
 number of electrons: 0.33786979694     of atom    1
 number of electrons: 0.39731594336     of atom    1
 number of electrons: 0.39320329538     of atom    1
 number of electrons: 0.40247018150     of atom    1
 number of electrons: 0.35058127740     of atom    1
 number of electrons: 0.40349415422     of atom    1
 number of electrons: 0.34372282526     of atom    1
 number of electrons: 0.36205336350     of atom    1
 number of electrons: 0.31492753392     of atom    1
 number of electrons: 0.32206351622     of atom    1
 number of electrons: 0.23359959987     of atom    1
 number of electrons: 0.53562281902     of atom    1
 number of electrons: 0.33470616268     of atom    1
 number of electrons: 0.37085827474     of atom    1
 number of electrons: 0.21910493215     of atom    1
 number of electrons:  1.1406170966     of atom    2
 number of electrons:  1.0303286648     of atom    2
 number of electrons:  1.0953082601     of atom    2
 number of electrons: 0.92326984903     of atom    2
 number of electrons:  1.0650965056     of atom    2
 number of electrons:  1.6272802506     of atom    2
 number of electrons: 0.43258959548     of atom    2
 number of electrons: 0.81281906000     of atom    2
 number of electrons: 0.75453836019     of atom    2
 number of electrons: 0.94519802971     of atom    2
 number of electrons:  1.0612066346     of atom    2
 number of electrons: 0.81084627052     of atom    2
 number of electrons: 0.96959719797     of atom    2
 number of electrons:  1.4419227647     of atom    2
 number of electrons: 0.42845718299     of atom    2
 number of electrons:  1.0531084253     of atom    2
 number of electrons: 0.46870715380     of atom    3
 number of electrons: 0.39056342572     of atom    3
 number of electrons: 0.51076228151     of atom    3
 number of electrons: 0.51247829523     of atom    3
 number of electrons: 0.49448331962     of atom    3
 number of electrons: 0.77955846582     of atom    3
 number of electrons: 0.47861205694     of atom    3
 number of electrons: 0.42428464140     of atom    3
 number of electrons: 0.36153803769     of atom    3
 number of electrons: 0.49641323026     of atom    3
 number of electrons: 0.59495058115     of atom    3
 number of electrons: 0.48924624572     of atom    3
 number of electrons: 0.53300509697     of atom    3
 number of electrons: 0.52087382688     of atom    3
 number of electrons: 0.33997192801     of atom    3
 number of electrons: 0.98177527597     of atom    3
 number of electrons:  3.1085510594     of atom    4
 number of electrons:  2.4136815287     of atom    4
 number of electrons:  2.5557931077     of atom    4
 number of electrons:  1.4630055268     of atom    4
 number of electrons:  1.5903918312     of atom    4
 number of electrons:  2.9264700613     of atom    4
 number of electrons:  1.6467858715     of atom    4
 number of electrons:  2.5130308265     of atom    4
 number of electrons:  1.6604395999     of atom    4
 number of electrons:  2.2146137541     of atom    4
 number of electrons:  1.3495411066     of atom    4
 number of electrons:  1.4531431935     of atom    4
 number of electrons:  1.7885200467     of atom    4
 number of electrons:  1.5510855934     of atom    4
 number of electrons:  2.6214210946     of atom    4
 number of electrons:  1.5154162798     of atom    4
 number of electrons: 0.61230170626     of atom    5
 number of electrons: 0.47202274697     of atom    5
 number of electrons: 0.49751444150     of atom    5
 number of electrons: 0.98328141163     of atom    5
 number of electrons: 0.54211926893     of atom    5
 number of electrons: 0.54717664065     of atom    5
 number of electrons: 0.46013572740     of atom    5
 number of electrons: 0.34486531946     of atom    5
 number of electrons: 0.54920078807     of atom    5
 number of electrons: 0.67002743266     of atom    5
 number of electrons: 0.50825102841     of atom    5
 number of electrons: 0.47939631055     of atom    5
 number of electrons: 0.49718801947     of atom    5
 number of electrons: 0.45825755734     of atom    5
 number of electrons: 0.36564243440     of atom    5
 number of electrons: 0.38999802906     of atom    5
 number of electrons:  1.0831841969     of atom    6
 number of electrons:  1.4722829202     of atom    6
 number of electrons:  1.0545539421     of atom    6
 number of electrons: 0.88999528343     of atom    6
 number of electrons:  1.0811853544     of atom    6
 number of electrons: 0.92912593140     of atom    6
 number of electrons: 0.84920396708     of atom    6
 number of electrons:  1.1021517085     of atom    6
 number of electrons:  1.1488656398     of atom    6
 number of electrons:  1.0310801339     of atom    6
 number of electrons:  1.0921837588     of atom    6
 number of electrons:  1.1017610338     of atom    6
 number of electrons: 0.63377170636     of atom    6
 number of electrons: 0.55964956469     of atom    6
 number of electrons: 0.88310932429     of atom    6
 number of electrons: 0.68008100977     of atom    6
 number of electrons: 0.45523962506     of atom    7
 number of electrons: 0.22342337677     of atom    7
 number of electrons: 0.33715644828     of atom    7
 number of electrons: 0.35268466615     of atom    7
 number of electrons: 0.32467205943     of atom    7
 number of electrons: 0.32829652500     of atom    7
 number of electrons: 0.36420992564     of atom    7
 number of electrons: 0.34932121572     of atom    7
 number of electrons: 0.23247072619     of atom    7
 number of electrons: 0.77855036869     of atom    7
 number of electrons: 0.26247889174     of atom    7
 number of electrons: 0.39755728594     of atom    7
 number of electrons: 0.57284091318     of atom    7
 number of electrons: 0.41142458958     of atom    7
 number of electrons: 0.40801260010     of atom    7
 number of electrons: 0.29779027346     of atom    7
 number of electrons: 0.48248732077     of atom    8
 number of electrons: 0.52348498524     of atom    8
 number of electrons: 0.53606687777     of atom    8
 number of electrons: 0.96756286405     of atom    8
 number of electrons: 0.47228947824     of atom    8
 number of electrons: 0.50917712774     of atom    8
 number of electrons: 0.47432971809     of atom    8
 number of electrons: 0.68298923252     of atom    8
 number of electrons: 0.49869047733     of atom    8
 number of electrons: 0.52621572356     of atom    8
 number of electrons: 0.47076647287     of atom    8
 number of electrons: 0.31513076973     of atom    8
 number of electrons: 0.47394144078     of atom    8
 number of electrons: 0.58036328093     of atom    8
 number of electrons: 0.48463494793     of atom    8
 number of electrons: 0.37926076678     of atom    8
 number of electrons: 0.61202860826     of atom    9
 number of electrons: 0.64721814963     of atom    9
 number of electrons: 0.48510705858     of atom    9
 number of electrons: 0.49101578400     of atom    9
 number of electrons: 0.44352282493     of atom    9
 number of electrons: 0.38400902878     of atom    9
 number of electrons: 0.52687840061     of atom    9
 number of electrons: 0.48933406039     of atom    9
 number of electrons: 0.41016776712     of atom    9
 number of electrons: 0.54161597123     of atom    9
 number of electrons: 0.51982394631     of atom    9
 number of electrons: 0.34882077870     of atom    9
 number of electrons: 0.48568728344     of atom    9
 number of electrons: 0.97837173797     of atom    9
 number of electrons: 0.55179447687     of atom    9
 number of electrons: 0.46183517863     of atom    9
 number of electrons: 0.45814075318     of atom   10
 number of electrons: 0.48818216536     of atom   10
 number of electrons: 0.46612928496     of atom   10
 number of electrons: 0.41937438467     of atom   10
 number of electrons: 0.32412259194     of atom   10
 number of electrons: 0.95384257439     of atom   10
 number of electrons: 0.49382219090     of atom   10
 number of electrons: 0.50089681808     of atom   10
 number of electrons: 0.62999539342     of atom   10
 number of electrons: 0.56996706612     of atom   10
 number of electrons: 0.52444139746     of atom   10
 number of electrons: 0.51073688867     of atom   10
 number of electrons: 0.52673804134     of atom   10
 number of electrons: 0.37454168681     of atom   10
 number of electrons: 0.67932182430     of atom   10
 number of electrons: 0.46728944074     of atom   10
 number of electrons: 0.47937346058     of atom   11
 number of electrons: 0.48207834084     of atom   11
 number of electrons: 0.53668607289     of atom   11
 number of electrons: 0.53129672585     of atom   11
 number of electrons: 0.48296210282     of atom   11
 number of electrons: 0.96867536105     of atom   11
 number of electrons: 0.56917839160     of atom   11
 number of electrons: 0.32461419155     of atom   11
 number of electrons: 0.61924106985     of atom   11
 number of electrons: 0.53849906330     of atom   11
 number of electrons: 0.34405299511     of atom   11
 number of electrons: 0.39465886446     of atom   11
 number of electrons: 0.50949803556     of atom   11
 number of electrons: 0.60050915167     of atom   11
 number of electrons: 0.51732940893     of atom   11
 number of electrons: 0.48885852523     of atom   11
 number of electrons: 0.33253202177     of atom   12
 number of electrons: 0.37972479402     of atom   12
 number of electrons: 0.35446127648     of atom   12
 number of electrons: 0.33931027938     of atom   12
 number of electrons: 0.34854006976     of atom   12
 number of electrons: 0.32862584978     of atom   12
 number of electrons: 0.33483879629     of atom   12
 number of electrons: 0.22534918410     of atom   12
 number of electrons: 0.35679734084     of atom   12
 number of electrons: 0.39293620691     of atom   12
 number of electrons: 0.74899251315     of atom   12
 number of electrons: 0.32792259679     of atom   12
 number of electrons: 0.37694509386     of atom   12
 number of electrons: 0.51584409831     of atom   12
 number of electrons: 0.23927733888     of atom   12
 number of electrons: 0.22397558034     of atom   12
 number of electrons: 0.24831595399     of atom   13
 number of electrons: 0.37647641669     of atom   13
 number of electrons: 0.38279930219     of atom   13
 number of electrons: 0.33181353254     of atom   13
 number of electrons: 0.30138746803     of atom   13
 number of electrons: 0.26994484223     of atom   13
 number of electrons: 0.30332656816     of atom   13
 number of electrons: 0.35779906893     of atom   13
 number of electrons: 0.25196418900     of atom   13
 number of electrons: 0.49749779686     of atom   13
 number of electrons: 0.77313922466     of atom   13
 number of electrons: 0.31941794662     of atom   13
 number of electrons: 0.34010736139     of atom   13
 number of electrons: 0.32624001526     of atom   13
 number of electrons: 0.37057944323     of atom   13
 number of electrons: 0.38664340580     of atom   13
 number of electrons: 0.24293097044     of atom   14
 number of electrons: 0.21070408406     of atom   14
 number of electrons: 0.53122027708     of atom   14
 number of electrons: 0.30047623804     of atom   14
 number of electrons: 0.38356937780     of atom   14
 number of electrons: 0.32612852188     of atom   14
 number of electrons: 0.34588090047     of atom   14
 number of electrons: 0.73107225997     of atom   14
 number of electrons: 0.33546631678     of atom   14
 number of electrons: 0.32259357581     of atom   14
 number of electrons: 0.38239938595     of atom   14
 number of electrons: 0.35444496408     of atom   14
 number of electrons: 0.33772788391     of atom   14
 number of electrons: 0.39364900061     of atom   14
 number of electrons: 0.32762727132     of atom   14
 number of electrons: 0.30841307347     of atom   14
 number of electrons: 0.30978346490     of atom   15
 number of electrons: 0.31517662688     of atom   15
 number of electrons: 0.37914835929     of atom   15
 number of electrons: 0.25077963058     of atom   15
 number of electrons: 0.32204552870     of atom   15
 number of electrons: 0.35098164505     of atom   15
 number of electrons: 0.31287592724     of atom   15
 number of electrons: 0.74275346250     of atom   15
 number of electrons: 0.38619549906     of atom   15
 number of electrons: 0.51118576422     of atom   15
 number of electrons: 0.33422787516     of atom   15
 number of electrons: 0.20001064455     of atom   15
 number of electrons: 0.41581882797     of atom   15
 number of electrons: 0.38763189437     of atom   15
 number of electrons: 0.25001503756     of atom   15
 number of electrons: 0.35791242985     of atom   15
 number of electrons: 0.34608044071     of atom   16
 number of electrons: 0.40198302065     of atom   16
 number of electrons: 0.81819258761     of atom   16
 number of electrons: 0.25336049044     of atom   16
 number of electrons: 0.32566181304     of atom   16
 number of electrons: 0.52293377399     of atom   16
 number of electrons: 0.20124162506     of atom   16
 number of electrons: 0.34005295652     of atom   16
 number of electrons: 0.36499273744     of atom   16
 number of electrons: 0.31960706247     of atom   16
 number of electrons: 0.40224273170     of atom   16
 number of electrons: 0.17726126002     of atom   16
 number of electrons: 0.39070879558     of atom   16
 number of electrons: 0.34043401691     of atom   16
 number of electrons: 0.31686065254     of atom   16
 number of electrons: 0.28208066109     of atom   16
 number of electrons: 0.84181410473E-01 of atom   17
 number of electrons: 0.67016705243E-01 of atom   17
 number of electrons: 0.67259158170E-01 of atom   17
 number of electrons: 0.76906038504E-01 of atom   17
 number of electrons: 0.61895227201E-01 of atom   17
 number of electrons: 0.76112577210E-01 of atom   17
 number of electrons: 0.71458962368E-01 of atom   17
 number of electrons: 0.65202614962E-01 of atom   17
 number of electrons: 0.75998632353E-01 of atom   17
 number of electrons: 0.72506207598E-01 of atom   17
 number of electrons: 0.71374249518E-01 of atom   17
 number of electrons: 0.84625299013E-01 of atom   17
 number of electrons: 0.66162665691E-01 of atom   17
 number of electrons: 0.69526029399E-01 of atom   17
 number of electrons: 0.65440617813E-01 of atom   17
 number of electrons: 0.94401802053E-01 of atom   17
 number of electrons: 0.68732932775E-01 of atom   18
 number of electrons: 0.94512456028E-01 of atom   18
 number of electrons: 0.91237316576E-01 of atom   18
 number of electrons: 0.68467541077E-01 of atom   18
 number of electrons: 0.75745741815E-01 of atom   18
 number of electrons: 0.68866351675E-01 of atom   18
 number of electrons: 0.78625345897E-01 of atom   18
 number of electrons: 0.73379775482E-01 of atom   18
 number of electrons: 0.62951454694E-01 of atom   18
 number of electrons: 0.81698103978E-01 of atom   18
 number of electrons: 0.64935602624E-01 of atom   18
 number of electrons: 0.77274019086E-01 of atom   18
 number of electrons: 0.69543811035E-01 of atom   18
 number of electrons: 0.76862161096E-01 of atom   18
 number of electrons: 0.70670650093E-01 of atom   18
 number of electrons: 0.59271311615E-01 of atom   18
 number of electrons: 0.67926624052E-01 of atom   19
 number of electrons: 0.83439926637E-01 of atom   19
 number of electrons: 0.82420682242E-01 of atom   19
 number of electrons: 0.88896673814E-01 of atom   19
 number of electrons: 0.91076328458E-01 of atom   19
 number of electrons: 0.60052809020E-01 of atom   19
 number of electrons: 0.61857366216E-01 of atom   19
 number of electrons: 0.75898147903E-01 of atom   19
 number of electrons: 0.68566671985E-01 of atom   19
 number of electrons: 0.65483533622E-01 of atom   19
 number of electrons: 0.66657214080E-01 of atom   19
 number of electrons: 0.66118802467E-01 of atom   19
 number of electrons: 0.81478029882E-01 of atom   19
 number of electrons: 0.89317593741E-01 of atom   19
 number of electrons: 0.70879659858E-01 of atom   19
 number of electrons: 0.63201103167E-01 of atom   19
 number of electrons: 0.71238900714E-01 of atom   20
 number of electrons: 0.78714056161E-01 of atom   20
 number of electrons: 0.71855415289E-01 of atom   20
 number of electrons: 0.73128585439E-01 of atom   20
 number of electrons: 0.77716632864E-01 of atom   20
 number of electrons: 0.69435923085E-01 of atom   20
 number of electrons: 0.65159946848E-01 of atom   20
 number of electrons: 0.60238806315E-01 of atom   20
 number of electrons: 0.65655141231E-01 of atom   20
 number of electrons: 0.10258828576     of atom   20
 number of electrons: 0.69029079545E-01 of atom   20
 number of electrons: 0.81135859369E-01 of atom   20
 number of electrons: 0.80497442587E-01 of atom   20
 number of electrons: 0.66019414332E-01 of atom   20
 number of electrons: 0.68806094188E-01 of atom   20
 number of electrons: 0.70270855889E-01 of atom   20
 number of electrons: 0.68051838680E-01 of atom   21
 number of electrons: 0.71800575343E-01 of atom   21
 number of electrons: 0.80714001001E-01 of atom   21
 number of electrons: 0.94644234656E-01 of atom   21
 number of electrons: 0.70595516763E-01 of atom   21
 number of electrons: 0.79055928210E-01 of atom   21
 number of electrons: 0.67645720496E-01 of atom   21
 number of electrons: 0.60029370747E-01 of atom   21
 number of electrons: 0.76633522747E-01 of atom   21
 number of electrons: 0.78701908058E-01 of atom   21
 number of electrons: 0.66846835663E-01 of atom   21
 number of electrons: 0.55544893230E-01 of atom   21
 number of electrons: 0.85039967464E-01 of atom   21
 number of electrons: 0.67845728865E-01 of atom   21
 number of electrons: 0.59627659151E-01 of atom   21
 number of electrons: 0.65153627164E-01 of atom   21
 number of electrons: 0.31850325877     of atom   22
 number of electrons: 0.30914334437     of atom   22
 number of electrons: 0.51987385804     of atom   22
 number of electrons: 0.43678744360     of atom   22
 number of electrons: 0.53498630322     of atom   22
 number of electrons: 0.22471525895     of atom   22
 number of electrons: 0.32090401382     of atom   22
 number of electrons: 0.39823036837     of atom   22
 number of electrons: 0.35095862766     of atom   22
 number of electrons: 0.32848986229     of atom   22
 number of electrons: 0.21313957875     of atom   22
 number of electrons: 0.20529390110     of atom   22
 number of electrons: 0.21861084091     of atom   22
 number of electrons: 0.78458751322     of atom   22
 number of electrons: 0.36713765925     of atom   22
 number of electrons: 0.29471380545     of atom   22
 number of electrons: 0.30856420217     of atom   23
 number of electrons: 0.31833221875     of atom   23
 number of electrons: 0.25595746755     of atom   23
 number of electrons: 0.26132469400     of atom   23
 number of electrons: 0.18521832911     of atom   23
 number of electrons: 0.30920597042     of atom   23
 number of electrons: 0.31397340290     of atom   23
 number of electrons: 0.34789184931     of atom   23
 number of electrons: 0.41447855964     of atom   23
 number of electrons: 0.37236162286     of atom   23
 number of electrons: 0.42358738675     of atom   23
 number of electrons: 0.33931551078     of atom   23
 number of electrons: 0.38777739594     of atom   23
 number of electrons: 0.75576384352     of atom   23
 number of electrons: 0.35110240791     of atom   23
 number of electrons: 0.49259958501     of atom   23
 number of electrons: 0.19796529759     of atom   24
 number of electrons: 0.45175712688     of atom   24
 number of electrons: 0.40694073507     of atom   24
 number of electrons: 0.39833367132     of atom   24
 number of electrons: 0.22847401911     of atom   24
 number of electrons: 0.72823800041     of atom   24
 number of electrons: 0.36123243235     of atom   24
 number of electrons: 0.36489864271     of atom   24
 number of electrons: 0.50131852297     of atom   24
 number of electrons: 0.20160595791     of atom   24
 number of electrons: 0.36257698507     of atom   24
 number of electrons: 0.31488629154     of atom   24
 number of electrons: 0.32233991570     of atom   24
 number of electrons: 0.33266859517     of atom   24
 number of electrons: 0.33705301609     of atom   24
 number of electrons: 0.32401510137     of atom   24
 number of electrons: 0.29889236945     of atom   25
 number of electrons: 0.24212754397     of atom   25
 number of electrons: 0.34750175692     of atom   25
 number of electrons: 0.31716291592     of atom   25
 number of electrons: 0.41172123669     of atom   25
 number of electrons: 0.34764035376     of atom   25
 number of electrons: 0.32520844238     of atom   25
 number of electrons: 0.38107882490     of atom   25
 number of electrons: 0.32831751126     of atom   25
 number of electrons: 0.32156134248     of atom   25
 number of electrons: 0.23024903044     of atom   25
 number of electrons: 0.74188152838     of atom   25
 number of electrons: 0.39597580679     of atom   25
 number of electrons: 0.46659692725     of atom   25
 number of electrons: 0.32038712953     of atom   25
 number of electrons: 0.35024040375     of atom   25
 number of electrons: 0.33765857143     of atom   26
 number of electrons: 0.39039997389     of atom   26
 number of electrons: 0.40091183183     of atom   26
 number of electrons: 0.32878842600     of atom   26
 number of electrons: 0.23571694850     of atom   26
 number of electrons: 0.29633567990     of atom   26
 number of electrons: 0.32328454871     of atom   26
 number of electrons: 0.23668194446     of atom   26
 number of electrons: 0.31394537550     of atom   26
 number of electrons: 0.77822452834     of atom   26
 number of electrons: 0.33489446814     of atom   26
 number of electrons: 0.38357406845     of atom   26
 number of electrons: 0.50266101963     of atom   26
 number of electrons: 0.35939561185     of atom   26
 number of electrons: 0.28940545125     of atom   26
 number of electrons: 0.29181543700     of atom   26
 number of electrons: 0.71271561528E-01 of atom   27
 number of electrons: 0.79669958406E-01 of atom   27
 number of electrons: 0.55692573064E-01 of atom   27
 number of electrons: 0.53688681324E-01 of atom   27
 number of electrons: 0.73527888093E-01 of atom   27
 number of electrons: 0.74657980286E-01 of atom   27
 number of electrons: 0.74509997229E-01 of atom   27
 number of electrons: 0.64386466486E-01 of atom   27
 number of electrons: 0.80173990007E-01 of atom   27
 number of electrons: 0.71686414097E-01 of atom   27
 number of electrons: 0.71290144794E-01 of atom   27
 number of electrons: 0.93376703578E-01 of atom   27
 number of electrons: 0.87372487899E-01 of atom   27
 number of electrons: 0.83284268789E-01 of atom   27
 number of electrons: 0.60113644506E-01 of atom   27
 number of electrons: 0.75367837331E-01 of atom   27
 number of electrons: 0.74033174945E-01 of atom   28
 number of electrons: 0.83127615593E-01 of atom   28
 number of electrons: 0.69239070274E-01 of atom   28
 number of electrons: 0.80749382609E-01 of atom   28
 number of electrons: 0.56103500385E-01 of atom   28
 number of electrons: 0.78622023810E-01 of atom   28
 number of electrons: 0.76655499935E-01 of atom   28
 number of electrons: 0.80406884375E-01 of atom   28
 number of electrons: 0.75146489536E-01 of atom   28
 number of electrons: 0.70987331712E-01 of atom   28
 number of electrons: 0.71287732495E-01 of atom   28
 number of electrons: 0.93718535572E-01 of atom   28
 number of electrons: 0.59900175295E-01 of atom   28
 number of electrons: 0.63838431957E-01 of atom   28
 number of electrons: 0.77587092989E-01 of atom   28
 number of electrons: 0.71372737205E-01 of atom   28
 number of electrons: 0.78478179189E-01 of atom   29
 number of electrons: 0.74374594376E-01 of atom   29
 number of electrons: 0.67463247413E-01 of atom   29
 number of electrons: 0.65098191326E-01 of atom   29
 number of electrons: 0.62270898669E-01 of atom   29
 number of electrons: 0.68823777562E-01 of atom   29
 number of electrons: 0.88119019708E-01 of atom   29
 number of electrons: 0.75338794866E-01 of atom   29
 number of electrons: 0.80816545105E-01 of atom   29
 number of electrons: 0.70927564213E-01 of atom   29
 number of electrons: 0.72604336047E-01 of atom   29
 number of electrons: 0.87678302509E-01 of atom   29
 number of electrons: 0.68355341259E-01 of atom   29
 number of electrons: 0.59833334941E-01 of atom   29
 number of electrons: 0.80628503909E-01 of atom   29
 number of electrons: 0.82461060966E-01 of atom   29
 number of electrons: 0.57359701555E-01 of atom   30
 number of electrons: 0.85353282253E-01 of atom   30
 number of electrons: 0.83054583389E-01 of atom   30
 number of electrons: 0.70713741440E-01 of atom   30
 number of electrons: 0.73408614699E-01 of atom   30
 number of electrons: 0.70230882885E-01 of atom   30
 number of electrons: 0.67800101957E-01 of atom   30
 number of electrons: 0.92305972545E-01 of atom   30
 number of electrons: 0.67565572128E-01 of atom   30
 number of electrons: 0.79732079771E-01 of atom   30
 number of electrons: 0.75252684144E-01 of atom   30
 number of electrons: 0.67081845491E-01 of atom   30
 number of electrons: 0.76853084069E-01 of atom   30
 number of electrons: 0.66255208940E-01 of atom   30
 number of electrons: 0.57680388514E-01 of atom   30
 number of electrons: 0.80843804504E-01 of atom   30
 number of electrons: 0.89878543117E-01 of atom   31
 number of electrons: 0.75187171885E-01 of atom   31
 number of electrons: 0.64198645832E-01 of atom   31
 number of electrons: 0.66155146155E-01 of atom   31
 number of electrons: 0.69037691418E-01 of atom   31
 number of electrons: 0.68919427905E-01 of atom   31
 number of electrons: 0.73259131102E-01 of atom   31
 number of electrons: 0.96261126284E-01 of atom   31
 number of electrons: 0.61814099591E-01 of atom   31
 number of electrons: 0.79610739992E-01 of atom   31
 number of electrons: 0.57934550576E-01 of atom   31
 number of electrons: 0.61499907648E-01 of atom   31
 number of electrons: 0.71576022403E-01 of atom   31
 number of electrons: 0.76841212535E-01 of atom   31
 number of electrons: 0.70161474486E-01 of atom   31
 number of electrons: 0.65597300475E-01 of atom   31

 Integrated ground state density     :   195.0000115114550    

 Integrated ground state spin density:   1.000000507925650    


          ------------------------------------------------
           cartesian gradient of the energy (hartree/bohr)
          ------------------------------------------------

  ATOM      1 c           2 s           3 o           4 u           5 o 
dE/dx -0.8271468D-05  0.5905958D-05 -0.4535841D-05 -0.3170208D-05  0.4900945D-05
dE/dy  0.6494671D-05 -0.5691864D-05  0.1858035D-04  0.1046749D-04 -0.2758295D-04
dE/dz  0.6162565D-05 -0.3828148D-04  0.1836438D-04 -0.3318956D-05 -0.9856956D-05

  ATOM      6 s           7 c           8 o           9 o          10 o 
dE/dx -0.4584536D-05 -0.7867398D-05 -0.1179134D-05  0.9382004D-05 -0.3637694D-05
dE/dy  0.1792362D-04 -0.2376586D-04 -0.1437877D-04  0.8834797D-05  0.9145791D-08
dE/dz  0.3180827D-04 -0.1554625D-04  0.9352840D-05 -0.5348152D-05 -0.7504777D-05

  ATOM     11 o          12 c          13 c          14 c          15 c 
dE/dx  0.3475091D-05  0.6345418D-05 -0.1780419D-05 -0.6546140D-06 -0.1704762D-04
dE/dy -0.3506307D-06  0.1295584D-04  0.3468644D-06 -0.1737975D-07 -0.8180883D-05
dE/dz  0.6027282D-05  0.2247379D-05 -0.8911784D-06  0.2642733D-05  0.7975973D-06

  ATOM     16 c          17 h          18 h          19 h          20 h 
dE/dx  0.6997538D-05 -0.6702805D-05  0.5405263D-05  0.3404952D-05  0.7060222D-05
dE/dy  0.1443048D-04 -0.1763208D-05 -0.1103581D-04  0.1794679D-05 -0.7298268D-06
dE/dz  0.6878678D-05  0.2826132D-05 -0.1247683D-05 -0.2845660D-05 -0.3744874D-05

  ATOM     21 h          22 c          23 c          24 c          25 c 
dE/dx  0.1674060D-06 -0.5698805D-05  0.3799943D-05 -0.1259352D-06  0.1358696D-04
dE/dy -0.2969771D-05 -0.5752604D-05 -0.6527744D-06 -0.2887634D-05  0.9424728D-05
dE/dz -0.3126717D-05  0.4896946D-05 -0.2540854D-05 -0.6408493D-05 -0.1925606D-05

  ATOM     26 c          27 h          28 h          29 h          30 h 
dE/dx  0.2028546D-05  0.8160207D-05 -0.5724912D-05 -0.3013650D-05 -0.5891286D-05
dE/dy -0.9599884D-05  0.1392655D-05  0.1165445D-04 -0.1628786D-05  0.6425901D-06
dE/dz  0.6198208D-05 -0.9129470D-06  0.1608134D-05  0.3034923D-05  0.1380436D-05

  ATOM     31 h 
dE/dx -0.7341468D-06
dE/dy  0.2036279D-05
dE/dz -0.7259291D-06
 
 resulting FORCE  (fx,fy,fz) = (-.184D-10,-.922D-11,-.813D-12)
 resulting MOMENT (mx,my,mz) = (-.107D-04,-.193D-05,0.310D-03)


 exx =      -0.000020 eyy =      -0.000012 ezz =      -0.000032
 eyz =      -0.000166 exz =      -0.000002 exy =       0.000149


 **********************************************************************
  |maximum component of gradient| : 0.38281476E-04  (atom  2 s )       
   gradient norm                  : 0.91134932E-04
 **********************************************************************
   ***  cartesian gradients written onto <gradient>  ***


     --- calculation of the energy gradient finished ---



    ------------------------------------------------------------------------
         total  cpu-time :  2 hours 25 minutes and 25 seconds
         total wall-time :  9 minutes and 30 seconds
    ------------------------------------------------------------------------

   ****  grad : all done  ****


    2019-12-17 11:23:57.721 

fine, there is no data group "$actual step"
next step = relax

 statpt (u-0-3.local) : TURBOMOLE rev. V7.4.1 (b987a8a8) compiled 15 Oct 2019 at 12:03:25
 Copyright (C) 2019 TURBOMOLE GmbH, Karlsruhe


    2019-12-17 11:23:57.829 



                           this is S T A T P T   


                     hessian and coordinate update for
                          stationary point search 

                     by barbara unterreiner, marek sierka,
                           and reinhart ahlrichs

                          quantum chemistry group
                          universitaet  karlsruhe
                                  germany




              +--------------------------------------------------+
              | Atomic coordinate, charge and isotop information |
              +--------------------------------------------------+

                    atomic coordinates            atom    charge  isotop
          7.94737077    0.73402404   -0.01281877    c      6.000     0
          5.20566655    2.79576780   -0.00736161    s     16.000     0
          3.72306188    1.87679695   -2.31778857    o      8.000     0
          0.00021536    0.00100382   -0.00808067    u     92.000     0
         -3.72743688   -1.87710282    2.29438581    o      8.000     0
         -5.20468269   -2.79476273   -0.01989232    s     16.000     0
         -7.94687006   -0.73364174   -0.01984547    c      6.000     0
          3.72712817    1.86924725    2.30271125    o      8.000     0
         -3.72121965   -1.86627809   -2.32611595    o      8.000     0
         -1.53950365    3.03344975   -0.00285959    o      8.000     0
          1.53986520   -3.03147072   -0.01165798    o      8.000     0
        -10.31517917   -1.84405805   -0.02520230    c      6.000     0
        -12.46342036   -0.33212419   -0.02627302    c      6.000     0
        -12.21247550    2.27540522   -0.02185779    c      6.000     0
         -9.82203632    3.37238782   -0.01629546    c      6.000     0
         -7.67230538    1.87807516   -0.01523025    c      6.000     0
        -10.47334071   -3.88916928   -0.02867749    h      1.000     0
        -14.32443761   -1.18933787   -0.03067630    h      1.000     0
        -13.88224178    3.46324075   -0.02289933    h      1.000     0
         -9.63524329    5.41276042   -0.01297491    h      1.000     0
         -5.79094808    2.69925196   -0.01118296    h      1.000     0
         10.31586326    1.84410266   -0.01756782    c      6.000     0
         12.46388230    0.33185692   -0.02221303    c      6.000     0
         12.21255127   -2.27564392   -0.02195035    c      6.000     0
          9.82194999   -3.37226729   -0.01702595    c      6.000     0
          7.67244284   -1.87764325   -0.01238985    c      6.000     0
         10.47434985    3.88919033   -0.01770201    h      1.000     0
         14.32501954    1.18881378   -0.02593361    h      1.000     0
         13.88214193   -3.46372227   -0.02543844    h      1.000     0
          9.63486755   -5.41261608   -0.01679411    h      1.000     0
          5.79096260   -2.69854914   -0.00879995    h      1.000     0
 
       center of nuclear mass  :    0.00024544    0.00063543   -0.01217983
       center of nuclear charge:    0.00024601    0.00058376   -0.01276844
  Keyword $statpt not found - using default options
 
        ***************  Stationary point options ******************
        ************************************************************
           Maximum allowed trust radius:           3.000000E-01
           Minimum allowed trust radius:           1.000000E-03
           Initial trust radius:                   1.500000E-01
           GDIIS used if gradient norm <           1.000000E-02
           Number of previous steps for GDIIS:       5
           Hessian update method:                  BFGS
                        *** Convergence criteria ***                
           Threshold for energy change:            1.000000E-06
           Threshold for max displacement element: 1.000000E-03
           Threshold for max gradient element :    1.000000E-04
           Threshold for RMS of displacement:      5.000000E-04
           Threshold for RMS of gradient:          5.000000E-04
        ************************************************************
 

 keyword $statp missing in file <control>

  Keyword $statpt not found - using default options
     Number of symmetry restricted degrees of freedom:    93
     Constituted by:     3 translational degrees of freedom
                         3 rotational degrees of freedom
                      87 internal degrees of freedom

  *************************************************************************
   ATOM                      CARTESIAN COORDINATES
    1 c       7.94737077341031      0.73402404035427     -0.01281876960000
    2 s       5.20566654616479      2.79576780447022     -0.00736161277100
    3 o       3.72306187977541      1.87679695258475     -2.31778856820316
    4 u       0.00021535784612      0.00100382424064     -0.00808067413002
    5 o      -3.72743687591968     -1.87710281745862      2.29438581239455
    6 s      -5.20468268599712     -2.79476272561994     -0.01989231728311
    7 c      -7.94687006229487     -0.73364174061356     -0.01984547314817
    8 o       3.72712816816815      1.86924724786454      2.30271125199768
    9 o      -3.72121965224869     -1.86627809317220     -2.32611595469315
   10 o      -1.53950365460146      3.03344975081703     -0.00285958625946
   11 o       1.53986520278950     -3.03147071932349     -0.01165798318268
   12 c     -10.31517916836439     -1.84405805443067     -0.02520229847417
   13 c     -12.46342035503463     -0.33212419424524     -0.02627302458706
   14 c     -12.21247549675449      2.27540521565355     -0.02185779277361
   15 c      -9.82203632374919      3.37238781522214     -0.01629545508398
   16 c      -7.67230538216171      1.87807516193879     -0.01523024669587
   17 h     -10.47334070544729     -3.88916928310661     -0.02867749172673
   18 h     -14.32443760703170     -1.18933786895217     -0.03067630434461
   19 h     -13.88224178048530      3.46324074956817     -0.02289932566339
   20 h      -9.63524329018378      5.41276041556588     -0.01297491066405
   21 h      -5.79094808125911      2.69925195751353     -0.01118296371179
   22 c      10.31586325829081      1.84410265651620     -0.01756782202254
   23 c      12.46388230026260      0.33185691702822     -0.02221302941778
   24 c      12.21255127295900     -2.27564392367307     -0.02195034829528
   25 c       9.82194999304827     -3.37226728623101     -0.01702594860445
   26 c       7.67244283516392     -1.87764325076591     -0.01238985329268
   27 h      10.47434984944863      3.88919032787280     -0.01770200601704
   28 h      14.32501953682018      1.18881377590395     -0.02593360573448
   29 h      13.88214193285077     -3.46372226532959     -0.02543843927871
   30 h       9.63486754963614     -5.41261607975661     -0.01679410604582
   31 h       5.79096260255146     -2.69854913705275     -0.00879995425836
  *************************************************************************
   ATOM                      CARTESIAN GRADIENTS  
    1 c      -0.00000827146849      0.00000649467116      0.00000616256503
    2 s       0.00000590595819     -0.00000569186445     -0.00003828147587
    3 o      -0.00000453584100      0.00001858034548      0.00001836438253
    4 u      -0.00000317020846      0.00001046748507     -0.00000331895564
    5 o       0.00000490094541     -0.00002758295038     -0.00000985695553
    6 s      -0.00000458453631      0.00001792361832      0.00003180826676
    7 c      -0.00000786739841     -0.00002376585923     -0.00001554624621
    8 o      -0.00000117913410     -0.00001437877031      0.00000935283969
    9 o       0.00000938200442      0.00000883479687     -0.00000534815225
   10 o      -0.00000363769431      0.00000000914579     -0.00000750477687
   11 o       0.00000347509074     -0.00000035063066      0.00000602728160
   12 c       0.00000634541810      0.00001295583757      0.00000224737871
   13 c      -0.00000178041894      0.00000034686436     -0.00000089117835
   14 c      -0.00000065461404     -0.00000001737975      0.00000264273311
   15 c      -0.00001704762191     -0.00000818088255      0.00000079759734
   16 c       0.00000699753802      0.00001443048344      0.00000687867849
   17 h      -0.00000670280486     -0.00000176320762      0.00000282613188
   18 h       0.00000540526292     -0.00001103581304     -0.00000124768279
   19 h       0.00000340495191      0.00000179467891     -0.00000284565999
   20 h       0.00000706022216     -0.00000072982677     -0.00000374487353
   21 h       0.00000016740602     -0.00000296977053     -0.00000312671721
   22 c      -0.00000569880548     -0.00000575260378      0.00000489694631
   23 c       0.00000379994294     -0.00000065277443     -0.00000254085381
   24 c      -0.00000012593521     -0.00000288763417     -0.00000640849281
   25 c       0.00001358696488      0.00000942472819     -0.00000192560624
   26 c       0.00000202854605     -0.00000959988417      0.00000619820775
   27 h       0.00000816020683      0.00000139265538     -0.00000091294696
   28 h      -0.00000572491207      0.00001165444970      0.00000160813395
   29 h      -0.00000301365004     -0.00000162878642      0.00000303492326
   30 h      -0.00000589128649      0.00000064259009      0.00000138043596
   31 h      -0.00000073414682      0.00000203627872     -0.00000072592913
  *************************************************************************

  norm of actual CARTESIAN gradient:  9.11349E-05
  norm of actual INTERNAL  gradient:  9.70863E-05

  ENERGY =   -2187.2971205630 a.u.; # of cycle =   25

  Approximate Hessian read from $hessapprox data section

  Hessian updated according to BFGS formula
  Number of zero Hessian eigenvalues:   0
  Number of structures for GDIIS interpolation:    5
  GDIIS step:     0.000773

  Transforming internal coordinate displacements to Cartesian space
      Iteration   1 residual norm     7.728775E-04
      Iteration   2 residual norm     3.223878E-07
      Iteration   3 residual norm     1.301199E-11
      Transformation converged
      Residual norm:    1.301199E-11 after    3 iterations

      ****************************************************************** 
                          CONVERGENCE INFORMATION

                               Converged?     Value      Criterion
             Energy change         yes      0.0000001   0.0000010
             RMS of displacement   yes      0.0000829   0.0005000
             RMS of gradient       yes      0.0000104   0.0005000
             MAX displacement      yes      0.0005704   0.0010000
             MAX gradient          yes      0.0000525   0.0001000
      ****************************************************************** 


    ------------------------------------------------------------------------
         total  cpu-time :   0.12 seconds
         total wall-time :   0.13 seconds
    ------------------------------------------------------------------------

   ****  statpt : all done  ****


    2019-12-17 11:23:57.931 

fine, there is no data group "$actual step"
next step = dscf

   OpenMP run-time library returned nthreads = 16

 dscf (u-0-3.local) : TURBOMOLE rev. V7.4.1 (b987a8a8) compiled 15 Oct 2019 at 12:10:21
 Copyright (C) 2019 TURBOMOLE GmbH, Karlsruhe


    2019-12-17 11:23:58.126 



                             d s c f - program

                   idea & directorship : reinhart ahlrichs
                   program development : marco haeser
                                         michael baer
                           dft version : oliver treutler


                          quantum chemistry group
                          universitaet  karlsruhe
                                  germany




                          References             
                                                 
          TURBOMOLE:                             
              R. Ahlrichs, M. Baer, M. Haeser, H. Horn, and
              C. Koelmel
              Electronic structure calculations on workstation
              computers: the program system TURBOMOLE
              Chem. Phys. Lett. 162: 165 (1989)
          Density Functional:                              
              O. Treutler and R. Ahlrichs                      
              Efficient Molecular Numerical Integration Schemes
              J. Chem. Phys. 102: 346 (1995)                   
          Parallel Version:                                
              Performance of parallel TURBOMOLE for Density    
              Functional Calculations                          
              M. v. Arnim and R. Ahlrichs                      
              J. Comp. Chem. 19: 1746 (1998)                   
                                         



 UHF mode switched on !


              +--------------------------------------------------+
              | Atomic coordinate, charge and isotop information |
              +--------------------------------------------------+

                    atomic coordinates            atom    charge  isotop
          7.94738676    0.73398800   -0.01286150    c      6.000     0
          5.20560631    2.79563106   -0.00791541    s     16.000     0
          3.72363497    1.87674609   -2.31878927    o      8.000     0
          0.00017370    0.00082776   -0.00988622    u     92.000     0
         -3.72707699   -1.87691979    2.29334275    o      8.000     0
         -5.20479737   -2.79483032   -0.02054514    s     16.000     0
         -7.94692236   -0.73362809   -0.01995600    c      6.000     0
          3.72648979    1.86896618    2.30172827    o      8.000     0
         -3.72179460   -1.86662406   -2.32716717    o      8.000     0
         -1.53945247    3.03331773   -0.00469444    o      8.000     0
          1.53973869   -3.03168558   -0.01364384    o      8.000     0
        -10.31525334   -1.84401416   -0.02493376    c      6.000     0
        -12.46346137   -0.33202457   -0.02548905    c      6.000     0
        -12.21245288    2.27549675   -0.02098185    c      6.000     0
         -9.82199248    3.37244158   -0.01583140    c      6.000     0
         -7.67230376    1.87807477   -0.01527679    c      6.000     0
        -10.47342486   -3.88912289   -0.02848709    h      1.000     0
        -14.32452189   -1.18914801   -0.02945822    h      1.000     0
        -13.88220890    3.46334980   -0.02149396    h      1.000     0
         -9.63518979    5.41281099   -0.01230581    h      1.000     0
         -5.79092859    2.69921128   -0.01149638    h      1.000     0
         10.31583419    1.84416274   -0.01727718    c      6.000     0
         12.46390137    0.33198162   -0.02142055    c      6.000     0
         12.21265120   -2.27552381   -0.02098258    c      6.000     0
          9.82208964   -3.37224508   -0.01643015    c      6.000     0
          7.67253826   -1.87768445   -0.01232203    c      6.000     0
         10.47421136    3.88925764   -0.01747300    h      1.000     0
         14.32503486    1.18894909   -0.02494617    h      1.000     0
         13.88229674   -3.46352769   -0.02423429    h      1.000     0
          9.63510857   -5.41260127   -0.01616083    h      1.000     0
          5.79108316   -2.69864613   -0.00901974    h      1.000     0
 
       center of nuclear mass  :    0.00021288    0.00053654   -0.01313906
       center of nuclear charge:    0.00021571    0.00049628   -0.01360765

              +--------------------------------------------------+
              |               basis set information              |
              +--------------------------------------------------+

              we will work with the 1s 3p 5d 7f 9g ... basis set
              ...i.e. with spherical basis functions...

   type   atoms  prim   cont   basis
   ---------------------------------------------------------------------------
    c       12     66     46   aug-cc-pVTZ   [5s4p3d2f|19s6p3d2f]
    s        2    122     50   aug-cc-pVTZ   [6s5p3d2f|42s17p3d2f]
    o        6     66     46   aug-cc-pVTZ   [5s4p3d2f|19s6p3d2f]
    u        1    213    117   SVP(6g)   [10s9p5d4f3g|14s13p10d8f6g]
    h       10     25     23   aug-cc-pVTZ   [4s3p2d|6s3p2d]
   ---------------------------------------------------------------------------
   total:   31   1895   1275
   ---------------------------------------------------------------------------

   total number of primitive shells          :  186
   total number of contracted shells         :  405
   total number of cartesian basis functions : 1510
   total number of SCF-basis functions       : 1275


 integral neglect threshold       :  0.22E-12
 integral storage threshold THIZE :  0.10E-04
 integral storage threshold THIME :         5

 number of unique ecp types :                     1

 symmetry group of the molecule :   c1 

 the group has the following generators :
   c1(z)

    1 symmetry operations found

 there are 1 real representations :   a   

 maximum number of shells which are related by symmetry :  1


    mo occupation :
   irrep   mo's   occupied
    a     1275       98
 
 number of basis functions   :                   1275
 number of occupied orbitals :                     98
 

 closed shell shift switched on 
 all occupied orbitals are shifted by    0.05000

  
           ------------------
           density functional
           ------------------
 PBE0 hybrid functional
 exchange:    3/4 (LDA+PBE) + 1/4 HF
 correlation: LDA (PW) + PBE

 iterations will be done with small grid
  
 spherical integration : Lebedev's spherical grid
 spherical gridsize    :                     5
    i.e. gridpoints    :                   590
 value for diffuse not defined
 radial integration    : Chebyshev 2nd kind (scaling 3)
 radial gridsize       :                     8
 integration cells     :                    31
 partition function    : becke
 partition sharpness   :                     3
  
 
 Derivatives of quadrature weights will be included
 

          ------------------------
          nuclear repulsion energy  :   2464.99990392    
          ------------------------


         -----------------
         -S,T+V- integrals
         -----------------

 1e-integrals will be neglected if expon. factor < 0.221322E-13


          ----------------
          -ecp-  integrals
          ----------------
 
   Difference densities algorithm switched on.
   The maximal number of linear combinations of
   difference densities is                    20 .

 DIIS switched on: error vector is FDS-SDF
 Max. Iterations for DIIS is     :   4
 DIIS matrix (see manual) 
    Scaling factor of diagonals  :  1.200
    threshold for scaling factor :  0.000

 scf convergence criterion : increment of total energy < .1000000D-07
                  and increment of one-electron energy < .1000000D-04

  MOs are in ASCII format !


 reading orbital data $uhfmo_alpha  from file alpha
 orbital characterization : scfconv=8

 reading orbital data $uhfmo_beta  from file beta
 orbital characterization : scfconv=8

 DSCF restart information will be dumped onto file alpha

          Overall gridpoints after grid construction =        169031
 Ordering of quadrature gridpoints disabled.
 Caution, gridordering can improve performance!
 
                                              current damping :  1.000
 ITERATION  ENERGY          1e-ENERGY        2e-ENERGY     NORM[dD(SAO)]  TOL
   1  -2187.2971700183    -8106.8132470     3454.5161730    0.000D+00 0.221D-12
                             Na = 98.000031729          Nb = 97.000029012    
                            Exc =  -151.700687426244     N = 195.00006074    
          max. resid. norm for Fia-block=  5.057D-04 for orbital      2a    alpha
          max. resid. fock norm         =  3.521D-02 for orbital   1274a    alpha
          Delta Eig. =     0.0014468627 eV 
 
                                              current damping :  0.950
 ITERATION  ENERGY          1e-ENERGY        2e-ENERGY     NORM[dD(SAO)]  TOL
   2  -2187.2971705372    -8106.8132781     3454.5162037    0.263D-02 0.140D-12
                             Na = 98.000031730          Nb = 97.000029013    
                            Exc =  -151.700688044367     N = 195.00006074    
          Norm of current diis error: 0.21360E-02
          max. resid. norm for Fia-block=  2.230D-04 for orbital      2a    alpha
          max. resid. fock norm         =  1.760D-02 for orbital   1274a    alpha
          Delta Eig. =     0.0007303821 eV 
 
                                              current damping :  0.900
 ITERATION  ENERGY          1e-ENERGY        2e-ENERGY     NORM[dD(SAO)]  TOL
   3  -2187.2971706941    -8106.8132221     3454.5161475    0.633D-03 0.106D-12
                             Na = 98.000031731          Nb = 97.000029013    
                            Exc =  -151.700687105305     N = 195.00006074    
          Norm of current diis error: 0.11380E-02
          max. resid. norm for Fia-block=  1.237D-04 for orbital      2a    alpha
          max. resid. fock norm         =  8.576D-03 for orbital   1274a    alpha
          Delta Eig. =     0.0004013224 eV 
 
                                              current damping :  0.950
 ITERATION  ENERGY          1e-ENERGY        2e-ENERGY     NORM[dD(SAO)]  TOL
   4  -2187.2971707449    -8106.8133163     3454.5162416    0.419D-03 0.921D-13
                             Na = 98.000031731          Nb = 97.000029013    
                            Exc =  -151.700688538341     N = 195.00006074    
          Norm of current diis error: 0.59697E-03
          max. resid. norm for Fia-block=  5.715D-05 for orbital      2a    alpha
          max. resid. fock norm         =  4.062D-03 for orbital   1274a    alpha
          Delta Eig. =     0.0008922106 eV 
 
                                              current damping :  1.000
 ITERATION  ENERGY          1e-ENERGY        2e-ENERGY     NORM[dD(SAO)]  TOL
   5  -2187.2971707623    -8106.8132274     3454.5161527    0.844D-04 0.849D-13
                             Na = 98.000031732          Nb = 97.000029014    
                            Exc =  -151.700687605602     N = 195.00006075    
          Norm of current diis error: 0.28391E-03
          max. resid. norm for Fia-block=  2.856D-05 for orbital      2a    alpha
          max. resid. fock norm         =  1.979D-03 for orbital   1274a    alpha
 mo-orthogonalization: Cholesky decomposition
          Delta Eig. =     0.0000653496 eV 
 
                                              current damping :  1.050
 ITERATION  ENERGY          1e-ENERGY        2e-ENERGY     NORM[dD(SAO)]  TOL
   6  -2187.2971708753    -8106.8132975     3454.5162227    0.379D-04 0.802D-13
                             Na = 98.000031741          Nb = 97.000029023    
                            Exc =  -151.700688048531     N = 195.00006076    
          Norm of current diis error: 0.14339E-03
          max. resid. norm for Fia-block=  1.431D-05 for orbital      2a    alpha
          max. resid. fock norm         =  9.895D-04 for orbital   1274a    alpha
          Delta Eig. =     0.0000561611 eV 
 
                                              current damping :  1.100
 ITERATION  ENERGY          1e-ENERGY        2e-ENERGY     NORM[dD(SAO)]  TOL
   7  -2187.2971708764    -8106.8132161     3454.5161413    0.221D-04 0.761D-13
                             Na = 98.000031742          Nb = 97.000029023    
                            Exc =  -151.700687651100     N = 195.00006076    
          Norm of current diis error: 0.77777E-04
          max. resid. norm for Fia-block=  7.333D-06 for orbital      2a    alpha
          max. resid. fock norm         =  5.068D-04 for orbital   1274a    alpha
          Delta Eig. =     0.0000620163 eV 
 
                                              current damping :  1.150
 ITERATION  ENERGY          1e-ENERGY        2e-ENERGY     NORM[dD(SAO)]  TOL
   8  -2187.2971708767    -8106.8133297     3454.5162549    0.360D-04 0.736D-13
                             Na = 98.000031741          Nb = 97.000029023    
                            Exc =  -151.700688255447     N = 195.00006076    
          Norm of current diis error: 0.44848E-04
          max. resid. norm for Fia-block=  3.844D-06 for orbital      2a    alpha
          max. resid. fock norm         =  2.655D-04 for orbital   1274a    alpha
          Delta Eig. =     0.0000699360 eV 
 
                                              current damping :  1.200
 ITERATION  ENERGY          1e-ENERGY        2e-ENERGY     NORM[dD(SAO)]  TOL
   9  -2187.2971708770    -8106.8132035     3454.5161287    0.253D-04 0.710D-13
                             Na = 98.000031742          Nb = 97.000029023    
                            Exc =  -151.700687550010     N = 195.00006076    
          Norm of current diis error: 0.28434E-04
          max. resid. norm for Fia-block=  2.735D-06 for orbital     98a    alpha
          max. resid. fock norm         =  1.420D-04 for orbital   1274a    alpha
          Delta Eig. =     0.0000392274 eV 
 
                                              current damping :  1.250
 ITERATION  ENERGY          1e-ENERGY        2e-ENERGY     NORM[dD(SAO)]  TOL
  10  -2187.2971708770    -8106.8132737     3454.5161989    0.144D-04 0.684D-13
                             Na = 98.000031741          Nb = 97.000029023    
                            Exc =  -151.700687960037     N = 195.00006076    
          Norm of current diis error: 0.15037E-04
          max. resid. norm for Fia-block=  2.757D-06 for orbital     98a    alpha
          max. resid. fock norm         =  7.745D-05 for orbital   1274a    alpha
 mo-orthogonalization: Cholesky decomposition
          Delta Eig. =     0.0000119726 eV 

 ENERGY CONVERGED !

 Big Grid 
 e2xc, e2xcold =   -151.70068789   -151.70068789
          Overall gridpoints after grid construction =        524014
 Ordering of quadrature gridpoints disabled.
 Caution, gridordering can improve performance!
 
                                              current damping :  1.300
 ITERATION  ENERGY          1e-ENERGY        2e-ENERGY     NORM[dD(SAO)]  TOL
  11  -2187.2971205892    -8106.8132633     3454.5162388    0.163D-04 0.640D-13
                             Na = 98.000006011          Nb = 97.000005503    
                            Exc =  -151.700637603241     N = 195.00001151    
          max. resid. norm for Fia-block=  2.068D-06 for orbital     98a    alpha
          max. resid. fock norm         =  4.303D-05 for orbital   1274a    alpha

 convergence criteria satisfied after    11 iterations


                  ------------------------------------------ 
                 |  total energy      =  -2187.29712058918  |
                  ------------------------------------------ 
                 :  kinetic energy    =   1853.48286973566  :
                 :  potential energy  =  -4040.77999032484  :
                 :  virial theorem    =      1.84738504536  :
                 :  wavefunction norm =      1.00000000000  :
                  .......................................... 


 orbitals $uhfmo_beta  will be written to file beta

 orbitals $uhfmo_alpha  will be written to file alpha
 
 alpha: 

    irrep                 94a         95a         96a         97a         98a   
 eigenvalues H         -0.16980    -0.15348    -0.12532    -0.12059    -0.05463
            eV          -4.6206     -4.1763     -3.4102     -3.2816     -1.4867
 occupation              1.0000      1.0000      1.0000      1.0000      1.0000

    irrep                 99a        100a        101a        102a        103a   
 eigenvalues H          0.06374     0.06430     0.06469     0.06588     0.07722
            eV           1.7344      1.7498      1.7602      1.7928      2.1014
 
 beta:  

    irrep                 93a         94a         95a         96a         97a   
 eigenvalues H         -0.17030    -0.16966    -0.14365    -0.12553    -0.11349
            eV          -4.6341     -4.6167     -3.9090     -3.4159     -3.0883
 occupation              1.0000      1.0000      1.0000      1.0000      1.0000

    irrep                 98a         99a        100a        101a        102a   
 eigenvalues H          0.06374     0.06430     0.06468     0.06634     0.07722
            eV           1.7344      1.7498      1.7601      1.8052      2.1013
 

                                             _ _ _ 
  IRREP     alpha occ.     beta occ.      tr(D*D-D)


 a         98.00000000    97.00000000    -0.25216499

   -------------------------------------------------

   sum     98.00000000    97.00000000    -0.25216499

 <S*S>     0.75432997

 
 
 
 ==============================================================================
                           electrostatic moments
 ==============================================================================

 reference point for electrostatic moments:    0.00000   0.00000   0.00000

 
              nuc           elec       ->  total
 ------------------------------------------------------------------------------
                          charge      
 ------------------------------------------------------------------------------
         194.000000    -195.000000      -1.000000
 a-b                                     1.000000
 
 ------------------------------------------------------------------------------
                       dipole moment  
 ------------------------------------------------------------------------------
   x       0.044369      -0.044629      -0.000261
   y       0.076389      -0.077026      -0.000637
   z      -2.863170       2.875600       0.012430
 
   | dipole moment | =     0.0124 a.u. =     0.0316 debye 
 
 ------------------------------------------------------------------------------
                     quadrupole moment
 ------------------------------------------------------------------------------
  xx   10169.628209  -10309.126289    -139.498081
  yy     929.092345   -1060.998568    -131.906222
  zz     170.842021    -305.233958    -134.391936
  xy     -58.075970      56.036674      -2.039296
  xz       2.731870      -2.741513      -0.009643
  yz       0.872857      -0.875903      -0.003045
 
     1/3  trace=    -135.265413
     anisotropy=       7.577624
 
 ==============================================================================
 
HOMO-LUMO Separation
 HOMO         :   -0.05463458 H =     -1.48668 eV
 LUMO         :    0.06373744 H =     +1.73438 eV
 HOMO-LUMO gap:    0.11837202 H =     +3.22107 eV
 
 ==============================================================================


    ------------------------------------------------------------------------
         total  cpu-time : 12 hours 44 minutes and  7 seconds
         total wall-time : 49 minutes and 16 seconds
    ------------------------------------------------------------------------

   ****  dscf : all done  ****


    2019-12-17 12:13:13.986 

fine, there is no data group "$actual step"
next step = grad
 energy change  : actual value =  -0.1390E-06 threshold =   0.1000E-05
 geom. gradient : actual value =   0.5250E-04 threshold =   0.1000E-03

CONVERGENCY CRITERIA FULFILLED IN CYCLE 25

