STARTING ridft ON 16 PROCESSORS!
RUNNING PROGRAM /home/pcmt/COSMOlogic/turbomole/7.3.1/TURBOMOLE/bin/em64t-unknown-linux-gnu_smp/ridft_mpi.
/home/pcmt/COSMOlogic/turbomole/7.3.1/TURBOMOLE/mpirun_scripts/PMPI/bin/mpirun -np 16 -e OMP_NUM_THREADS=16 -e TURBODIR=/home/pcmt/COSMOlogic/turbomole/7.3.1/TURBOMOLE -e OMP_STACK_SIZE=256M -e LD_LIBRARY_PATH=/home/pcmt/COSMOlogic/turbomole/7.3.1/TURBOMOLE/libso/em64t-unknown-linux-gnu_smp:/home/pcmt/COSMOlogic/turbomole/7.3.1/TURBOMOLE/libso/sysname:/home/pcmt/Chemcraft/Chemcraft/lib:.:/usr/lib:/usr/lib64:/usr/local/lib64:/usr/local/lib:/share/apps/lib64:/share/apps/lib:/opt/python/lib:/share/apps/lib/python2.5:/share/apps/lib /home/pcmt/COSMOlogic/turbomole/7.3.1/TURBOMOLE/bin/em64t-unknown-linux-gnu_smp/ridft_mpi
 u-5-2.local ( 1 ) 
 u-5-2.local ( 2 ) 
 u-5-2.local ( 3 ) 
 u-5-2.local ( 4 ) 
 u-5-2.local ( 5 ) 
 u-5-2.local ( 6 ) 
 u-5-2.local ( 7 ) 
 u-5-2.local ( 8 ) 
 u-5-2.local ( 9 ) 
 u-5-2.local ( 10 ) 
 u-5-2.local ( 11 ) 
 u-5-2.local ( 12 ) 
 u-5-2.local ( 13 ) 
 u-5-2.local ( 14 ) 
 u-5-2.local ( 15 ) 
 this is node-proc. number 0 running on node u-5-2.local
 the total number of node-proc. spawned is  16
 GA version: using   16 (total) on    1 nhosts.
 operating system is UNIX !

 ridft (u-5-2.local) : TURBOMOLE V7.3.1 () 25 Feb 2019 at 12:17:33
 Copyright (C) 2019 TURBOMOLE GmbH, Karlsruhe


    2019-12-03 16:27:40.029 



                                  r i d f t

                        DFT program with RI approximation 
                                for coulomb part 




                                                 
                                 References:     
                                                 
          TURBOMOLE:                             
              R. Ahlrichs, M. Baer, M. Haeser, H. Horn, and
              C. Koelmel
              Electronic structure calculations on workstation
              computers: the program system TURBOMOLE
              Chem. Phys. Lett. 162: 165 (1989)
          Density Functional:                              
              O. Treutler and R. Ahlrichs                      
              Efficient Molecular Numerical Integration Schemes
              J. Chem. Phys. 102: 346 (1995)                   
          Parallel Version:                                
              Performance of parallel TURBOMOLE for Density    
              Functional Calculations                          
              M. v. Arnim and R. Ahlrichs                      
              J. Comp. Chem. 19: 1746 (1998)                   
          RI-J Method:                                     
              Auxiliary Basis Sets to approximate Coulomb      
              Potentials                                       
              Chem. Phys. Lett. 240: 283 (1995)                
              K. Eichkorn, O. Treutler, H. Oehm, M. Haeser     
              and R. Ahlrichs                                  
              Chem. Phys. Lett. 242: 652 (1995)                
                                                           
              Auxiliary Basis Sets for Main Row Atoms and their
              Use to approximate Coulomb Potentials            
              K. Eichkorn, F. Weigend, O. Treutler and         
              R. Ahlrichs                                      
              Theo. Chem. Acc. 97: 119 (1997)                   
                                                           
              Accurate Coulomb-fitting basis sets for H to Rn 
              F. Weigend                                        
              Phys. Chem. Chem. Phys. 8: 1057 (2006)            
                                                           
          Multipole accelerated RI-J (MARI-J):             
              Fast evaluation of the Coulomb potential for     
              electron densities using multipole accelerated   
              resolution of identity approximation             
              M. Sierka, A. Hogekamp and R. Ahlrichs           
              J. Chem. Phys. 118: 9136 (2003)                  
          RI-JK Method:                                     
              A fully direct RI-HF algorithm: Implementation,
              optimised auxiliary basis sets, demonstration of
              accuracy and efficiency                         
              F. Weigend                                      
              Phys. Chem. Chem. Phys. 4: 4285 (2002)           
          Two-component HF and DFT with spin-orbit coupling:  
              Self-consistent treatment of spin-orbit         
              interactions with efficient Hartree-Fock and    
              density functional methods                      
              M. K. Armbruster, F. Weigend, C. van Wüllen and 
              W. Klopper                                      
              Phys. Chem. Chem. Phys. 10: 1748 (2008)         
          Two-component difference density and DIIS algorithm 
              Efficient two-component self-consistent field   
              procedures and gradients: implementation in     
              TURBOMOLE and application to Au20-              
              A. Baldes, F. Weigend                           
              Mol. Phys. 111: 2617 (2013)                     
          Relativistic all-electron 2c calculations           
              An efficient implementation of two-component    
              relativistic exact-decoupling methods for large 
              molecules                                       
              D. Peng, N. Middendorf, F. Weigend, M. Reiher   
              J. Chem. Phys. 138: 184105 (2013)               
          Finite nucleus model and SNSO approximation         
              Efficient implementation of one- and two-       
              component analytical energy gradients in exact  
              two-component theory                            
              Y. J. Franzke, N. Middendorf, F. Weigend        
              J. Chem. Phys. 148: 104110 (2018)               
                                         


 ********** GlobalArray OPTION SETTINGS : **********
 *****************************************************


              +--------------------------------------------------+
              |      general information about current run       |
              +--------------------------------------------------+

 

 SCF run will be profiled !

 PBE0 hybrid functional
 exchange:    3/4 (LDA+PBE) + 1/4 HF
 correlation: LDA (PW) + PBE
 A Hybrid-DFT calculation using the RI-J approximation will be carried out.
 Allocatable memory for RI due to $ricore (MB):                   500


              +--------------------------------------------------+
              | Atomic coordinate, charge and isotop information |
              +--------------------------------------------------+

                    atomic coordinates            atom    charge  isotop
         -4.13390384    1.51055775    0.00000000    c      6.000     0
         -2.82519487   -1.65727474    0.00000000    s     16.000     0
         -1.09607870   -1.56931606   -2.32809061    o      8.000     0
          3.04311170   -0.87321617    0.00000000    u     92.000     0
          6.78571013   -0.14545076    1.33328891    o      8.000     0
         -1.09607870   -1.56931606    2.32809061    o      8.000     0
          3.45664648   -4.20757030    0.00000000    o      8.000     0
          2.18579668    2.38941076    0.00000000    o      8.000     0
         -5.28013490    1.73237462    1.69850453    h      1.000     0
         -2.53350566    2.80880953    0.00000000    h      1.000     0
         -5.28013490    1.73237462   -1.69850453    h      1.000     0
          6.78571013   -0.14545076   -1.33328891    o      8.000     0
 
       center of nuclear mass  :    2.21252824   -0.84088675    0.00000000
       center of nuclear charge:    2.01842187   -0.80907226    0.00000000

              +--------------------------------------------------+
              |               basis set information              |
              +--------------------------------------------------+

              we will work with the 1s 3p 5d 7f 9g ... basis set
              ...i.e. with spherical basis functions...

   type   atoms  prim   cont   basis
   ---------------------------------------------------------------------------
    c        1     66     46   aug-cc-pVTZ   [5s4p3d2f|19s6p3d2f]
    s        1    122     50   aug-cc-pVTZ   [6s5p3d2f|42s17p3d2f]
    o        6     66     46   aug-cc-pVTZ   [5s4p3d2f|19s6p3d2f]
    u        1    213    117   SVP(6g)   [10s9p5d4f3g|14s13p10d8f6g]
    h        3     25     23   aug-cc-pVTZ   [4s3p2d|6s3p2d]
   ---------------------------------------------------------------------------
   total:   12    872    558
   ---------------------------------------------------------------------------

   total number of primitive shells          :  186
   total number of contracted shells         :  172
   total number of cartesian basis functions :  671
   total number of SCF-basis functions       :  558


 integral neglect threshold       :  0.50E-10
 integral storage threshold THIZE :  0.10E-04
 integral storage threshold THIME :         5

 number of unique ecp types :                     1
 RI-J AUXILIARY BASIS SET information:

              we will work with the 1s 3p 5d 7f 9g ... basis set
              ...i.e. with spherical basis functions...

   type   atoms  prim   cont   basis
   ---------------------------------------------------------------------------
    c        1     70     49   aug-cc-pVTZ   [6s4p3d1f1g|12s5p4d2f1g]
    s        1     77     51   aug-cc-pVTZ   [8s4p3d1f1g|14s5p5d2f1g]
    o        6     70     49   aug-cc-pVTZ   [6s4p3d1f1g|12s5p4d2f1g]
    u        1    268    205   def-TZVPP   [14s7p7d6f5g2h2i|18s7p7d6f6g3h5i]
    h        3     16     11   aug-cc-pVTZ   [3s1p1d|5s2p1d]
   ---------------------------------------------------------------------------
   total:   12    883    632
   ---------------------------------------------------------------------------

   total number of primitive shells          :  135
   total number of contracted shells         :  180
   total number of cartesian basis functions :  836
   total number of SCF-basis functions       :  632


 symmetry group of the molecule :   cs

 the group has the following generators :
   c1(z)
   mirror plane sigma(xy)

    2 symmetry operations found

 there are 2 real representations :   a'   a"  

 maximum number of shells which are related by symmetry :  2


    mo occupation :
   irrep   mo's   occupied
    a'     328       36
    a"     230       17
 
 number of basis functions   :                    558
 number of occupied orbitals :                     53
 
  
           ------------------
           density functional
           ------------------
 PBE0 hybrid functional
 exchange:    3/4 (LDA+PBE) + 1/4 HF
 correlation: LDA (PW) + PBE

 iterations will be done with small grid
  
 spherical integration : Lebedev's spherical grid
 spherical gridsize    :                     4
    i.e. gridpoints    :                   434
 value for diffuse not defined
 radial integration    : Chebyshev 2nd kind (scaling 3)
 radial gridsize       :                     6
 integration cells     :                     9
 partition function    : becke
 partition sharpness   :                     3
  

 biggest AO integral is expected to be    25.028879086
  
           ------------------------
               RI-J - INFORMATION
           ------------------------
 Memory core needed for (P|Q) and Cholesky      1 MByte on GA
 Memory core minimum needed except           1 MByte 
  
 ****************************************
 Memory allocated for RI-J 1 MByte
 plus additional 1 MByte (pqmatrix)  (GA)
 ****************************************
                                            
      allocating par_xzuhag(   68.21 MB)

          ------------------------
          nuclear repulsion energy  :   940.104295736    
          ------------------------


         -----------------
         -S,T+V- integrals
         -----------------

 1e-integrals will be neglected if expon. factor < 0.498057E-11


          ----------------
          -ecp-  integrals
          ----------------
 
   Difference densities algorithm switched on.
   The maximal number of linear combinations of
   difference densities is                    20 .

 DIIS switched on: error vector is FDS-SDF
 Max. Iterations for DIIS is     :   4
 DIIS matrix (see manual) 
    Scaling factor of diagonals  :  1.200
    threshold for scaling factor :  0.000

 scf convergence criterion : increment of total energy < .1000000D-05
                  and increment of one-electron energy < .1000000D-02

  MOs are in ASCII format !


 automatic virtual orbital shift switched on 
      shift if e(lumo)-e(homo) < 0.10000000    


 reading orbital data $scfmo  from file mos
 orbital characterization : expanded
 stacho: isym= 1 dev_max=0.177450E-09 threshold=0.100000E-09
 stacho: isym= 2 dev_max=0.304784E-10 threshold=0.100000E-09
redoing cholesky decomposition with diagonal scaling by 0.100000E+01
 mo provided and orthogonalized by Cholesky decomposition

 DSCF restart information will be dumped onto file mos


 Starting SCF iterations

          Overall gridpoints after grid construction =         22218

 ITERATION  ENERGY          1e-ENERGY        2e-ENERGY     NORM[dD(SAO)]  TOL
   1  -1362.3259468092    -3917.6497684     1615.2195259    0.000D+00 0.497D-10
                            Exc = -86.3621275593     Coul =  1729.04402285    
                            exK = -27.4623694161    
                              N = 105.99992203    
                            current damping = 0.700
 
          max. resid. norm for Fia-block=  2.165D+00 for orbital      1a'        
          max. resid. fock norm         =  1.126D+02 for orbital    195a'        

 ITERATION  ENERGY          1e-ENERGY        2e-ENERGY     NORM[dD(SAO)]  TOL
   2  -1365.4791365052    -3936.0221885     1630.4387563    0.381D+01 0.308D-10
                            Exc = -85.5589989226      Eck =  1715.99775520    
                              N = 105.99993949    
                            current damping = 0.650
 
          Norm of current diis error:  3.0427    
          max. resid. norm for Fia-block=  8.829D-01 for orbital      1a'        
          max. resid. fock norm         =  1.039D+00 for orbital      1a'        

 ITERATION  ENERGY          1e-ENERGY        2e-ENERGY     NORM[dD(SAO)]  TOL
   3  -1365.9590287291    -3939.5326997     1633.4693752    0.132D+01 0.277D-10
                            Exc = -85.3901770819      Eck =  1718.85955231    
                              N = 105.99987997    
                            current damping = 0.550
 
          Norm of current diis error:  1.2759    
          max. resid. norm for Fia-block=  3.433D-01 for orbital      1a'        
          max. resid. fock norm         =  4.014D-01 for orbital      1a'        

 ITERATION  ENERGY          1e-ENERGY        2e-ENERGY     NORM[dD(SAO)]  TOL
   4  -1366.0806480324    -3939.2144533     1633.0295095    0.549D+00 0.239D-10
                            Exc = -85.3158297453      Eck =  1718.34533926    
                              N = 105.99986844    
                            current damping = 0.600
 
          Norm of current diis error: 0.59684    
          max. resid. norm for Fia-block=  1.201D-01 for orbital      1a'        
          max. resid. fock norm         =  1.394D-01 for orbital      1a'        

 ITERATION  ENERGY          1e-ENERGY        2e-ENERGY     NORM[dD(SAO)]  TOL
   5  -1366.1110675545    -3938.5596347     1632.3442714    0.238D+00 0.212D-10
                            Exc = -85.2601623384      Eck =  1717.60443378    
                              N = 105.99986834    
                            current damping = 0.500
 
          Norm of current diis error: 0.37079    
          max. resid. norm for Fia-block=  4.510D-02 for orbital      1a'        
          max. resid. fock norm         =  5.242D-02 for orbital      1a'        
          mo-orthogonalization: Cholesky decomposition

 ITERATION  ENERGY          1e-ENERGY        2e-ENERGY     NORM[dD(SAO)]  TOL
   6  -1366.1210866176    -3939.4783742     1633.2529919    0.111D+00 0.197D-10
                            Exc = -85.2653037513      Eck =  1718.51829561    
                              N = 105.99987563    
                            current damping = 0.550
 
          Norm of current diis error: 0.15578    
          max. resid. norm for Fia-block=  1.689D-02 for orbital     35a'        
          max. resid. fock norm         =  1.977D-02 for orbital     35a'        

 ITERATION  ENERGY          1e-ENERGY        2e-ENERGY     NORM[dD(SAO)]  TOL
   7  -1366.1216898773    -3938.1216731     1631.8956875    0.573D-01 0.187D-10
                            Exc = -85.2479177772      Eck =  1717.14360524    
                              N = 105.99987868    
                            current damping = 0.600
 
          Norm of current diis error: 0.18246    
          max. resid. norm for Fia-block=  5.835D-03 for orbital     16a"        
          max. resid. fock norm         =  6.337D-03 for orbital      1a'        

 ITERATION  ENERGY          1e-ENERGY        2e-ENERGY     NORM[dD(SAO)]  TOL
   8  -1366.1233914449    -3938.8183413     1632.5906541    0.174D-01 0.183D-10
                            Exc = -85.2499312834      Eck =  1717.84058536    
                              N = 105.99987782    
                            current damping = 0.650
 
          Norm of current diis error: 0.31999E-01
          max. resid. norm for Fia-block=  2.833D-03 for orbital     35a'        
          max. resid. fock norm         =  3.111D-03 for orbital     35a'        

 ITERATION  ENERGY          1e-ENERGY        2e-ENERGY     NORM[dD(SAO)]  TOL
   9  -1366.1234954590    -3938.8462877     1632.6184965    0.749D-02 0.179D-10
                            Exc = -85.2485851404      Eck =  1717.86708166    
                              N = 105.99987806    
                            current damping = 0.500
 
          Norm of current diis error: 0.16303E-01
          max. resid. norm for Fia-block=  1.205D-03 for orbital     35a'        
          max. resid. fock norm         =  1.382D-03 for orbital     35a'        

 ITERATION  ENERGY          1e-ENERGY        2e-ENERGY     NORM[dD(SAO)]  TOL
  10  -1366.1235171661    -3938.8771605     1632.6493476    0.333D-02 0.176D-10
                            Exc = -85.2501811894      Eck =  1717.89952879    
                              N = 105.99987845    
                            current damping = 0.350
 
          Norm of current diis error: 0.12936E-01
          max. resid. norm for Fia-block=  9.980D-04 for orbital     35a'        
          max. resid. fock norm         =  1.082D-03 for orbital     35a'        
          mo-orthogonalization: Cholesky decomposition

 ITERATION  ENERGY          1e-ENERGY        2e-ENERGY     NORM[dD(SAO)]  TOL
  11  -1366.1235271118    -3938.8344167     1632.6065939    0.110D-02 0.173D-10
                            Exc = -85.2487453031      Eck =  1717.85533917    
                              N = 105.99987817    
                            current damping = 0.400
 
          Norm of current diis error: 0.72156E-02
          max. resid. norm for Fia-block=  4.383D-04 for orbital     13a"        
          max. resid. fock norm         =  4.507D-04 for orbital     13a"        

 ITERATION  ENERGY          1e-ENERGY        2e-ENERGY     NORM[dD(SAO)]  TOL
  12  -1366.1235311098    -3938.8508745     1632.6230477    0.673D-03 0.170D-10
                            Exc = -85.2487818209      Eck =  1717.87182949    
                              N = 105.99987818    
                            current damping = 0.450
 
          Norm of current diis error: 0.21577E-02
          max. resid. norm for Fia-block=  2.727D-04 for orbital     35a'        
          max. resid. fock norm         =  3.104D-04 for orbital     35a'        

 ITERATION  ENERGY          1e-ENERGY        2e-ENERGY     NORM[dD(SAO)]  TOL
  13  -1366.1235310382    -3938.8347105     1632.6068837    0.260D-03 0.167D-10
                            Exc = -85.2487991917      Eck =  1717.85568288    
                              N = 105.99987824    
                            current damping = 0.500
 
          Norm of current diis error: 0.35280E-02
          max. resid. norm for Fia-block=  9.358D-05 for orbital     17a"        
          max. resid. fock norm         =  1.157D-04 for orbital    304a'        

 ITERATION  ENERGY          1e-ENERGY        2e-ENERGY     NORM[dD(SAO)]  TOL
  14  -1366.1235315391    -3938.8470238     1632.6191966    0.705D-04 0.165D-10
                            Exc = -85.2489345197      Eck =  1717.86813108    
                              N = 105.99987823    
                            current damping = 0.550
 
          Norm of current diis error: 0.10964E-02
          max. resid. norm for Fia-block=  4.354D-05 for orbital     35a'        
          max. resid. fock norm         =  6.375D-05 for orbital    175a"        

 ENERGY CONVERGED !

          Overall gridpoints after grid construction =         71715

 ITERATION  ENERGY          1e-ENERGY        2e-ENERGY     NORM[dD(SAO)]  TOL
  15  -1366.1234627357    -3938.8476313     1632.6198728    0.146D-03 0.160D-10
                            Exc = -85.2487565431      Eck =  1717.86862932    
                              N = 106.00001627    
                            current damping = 0.400
 
          Norm of current diis error: 0.43170E-03
          max. resid. norm for Fia-block=  4.252D-05 for orbital     13a"        
          max. resid. fock norm         =  1.012D-04 for orbital     87a'        

 End of SCF iterations

   convergence criteria satisfied after    15 iterations


                  ------------------------------------------ 
                 |  total energy      =  -1366.12346273570  |
                  ------------------------------------------ 
                 :  kinetic energy    =   1034.93001388749  :
                 :  potential energy  =  -2401.05347662319  :
                 :  virial theorem    =      1.75756697115  :
                 :  wavefunction norm =      1.00000000000  :
                  .......................................... 


 <geterg> : there is no data group $energy 


 <skperg> : $end is missing 


 orbitals $scfmo  will be written to file mos

    irrep                 32a'        33a'        34a'        35a'        36a'  
 eigenvalues H         -0.21171    -0.19753    -0.17235    -0.14574    -0.11650
            eV          -5.7609     -5.3752     -4.6899     -3.9658     -3.1701
 occupation              2.0000      2.0000      2.0000      2.0000      2.0000 

    irrep                 37a'        38a'        39a'        40a'        41a'  
 eigenvalues H          0.08481     0.08855     0.08974     0.11228     0.11337
            eV           2.3079      2.4096      2.4419      3.0553      3.0850

    irrep                 13a"        14a"        15a"        16a"        17a"  
 eigenvalues H         -0.20376    -0.19363    -0.18633    -0.11881    -0.06988
            eV          -5.5447     -5.2690     -5.0703     -3.2329     -1.9014
 occupation              2.0000      2.0000      2.0000      2.0000      2.0000 

    irrep                 18a"        19a"        20a"        21a"        22a"  
 eigenvalues H          0.09192     0.09468     0.10397     0.12591     0.15475
            eV           2.5013      2.5764      2.8292      3.4261      4.2109
 
 
 
 
 ==============================================================================
                           electrostatic moments
 ==============================================================================

 reference point for electrostatic moments:    0.00000   0.00000   0.00000

 
              nuc           elec       ->  total
 ------------------------------------------------------------------------------
                          charge      
 ------------------------------------------------------------------------------
         105.000000    -106.000000      -1.000000
 
 ------------------------------------------------------------------------------
                       dipole moment  
 ------------------------------------------------------------------------------
   x     150.452906    -154.380323      -3.927416
   y     -81.103953      82.213627       1.109674
   z       0.000000       0.000000       0.000000
 
   | dipole moment | =     4.0812 a.u. =    10.3733 debye 
 
 ------------------------------------------------------------------------------
                     quadrupole moment
 ------------------------------------------------------------------------------
  xx    1478.522709   -1575.618430     -97.095721
  yy     322.973517    -401.569128     -78.595611
  zz     120.932478    -190.616463     -69.683985
  xy    -135.837734     135.833064      -0.004670
  xz      -0.000000      -0.000000      -0.000000
  yz      -0.000000      -0.000000      -0.000000
 
     1/3  trace=     -81.791772
     anisotropy=      24.218532
 
 ==============================================================================
 

    ridft profiling
  --------------------------------------------------------------------
             module   cpu total (s)       %  wall total (s)       %

               RIDFT           115.3  100.00           101.7  100.00
         Ridft_b_scf             2.2    1.94             1.5    1.45
        b_scf_prelim             0.0    0.00             0.0    0.00
        b_scf_molinp             0.0    0.01             0.0    0.01
         b_scf_init0             0.0    0.00             0.0    0.00
        b_scf_auxbas             0.0    0.01             0.0    0.01
      b_scf_symmetry             0.1    0.05             0.1    0.12
         b_scf_cosmo             0.0    0.00             0.0    0.00
        b_scf_params             0.3    0.23             0.3    0.26
          b_scf_ri-j             0.8    0.72             0.3    0.30
    b_scf_ri-j_auxpq             0.8    0.72             0.3    0.30
     ri-j_auxpq_chol             0.2    0.19             0.1    0.06
         b_scf_1elec             0.4    0.39             0.5    0.51
       b_scf_moinput             0.5    0.45             0.2    0.21
     prepare.moinput             0.0    0.02             0.0    0.02
     moinput_orthmos             0.4    0.37             0.1    0.12
    b_scf_dft-dstmax             0.0    0.00             0.0    0.00
           Ridft_scf           113.0   97.96           100.1   98.49
          Scf_b_loop             0.5    0.41             0.2    0.17
                noga             0.0    0.00             0.0    0.00
            Scf_loop           111.8   96.94            99.8   98.12
     scf_loop_mkdmat             5.9    5.11             1.9    1.87
       scf_loop_ri-j             4.4    3.81             4.3    4.27
    ri-j_near_lpdrc1             0.2    0.14             0.2    0.15
    ri-j_near_lpdrc2             0.1    0.06             0.1    0.06
       scf_loop_ex-K            85.9   74.52            86.6   85.14
         scf_loop_k1            83.9   72.80            84.6   83.18
     scf_loop_symcar             0.3    0.23             0.3    0.29
      scf_loop_dfmat             0.1    0.09             0.1    0.10
        scf_loop_dft             3.0    2.62             3.2    3.11
        dft_grid_con             0.1    0.05             0.1    0.06
         dft_xc_eval             2.6    2.22             2.6    2.59
     scf_loop_energy             0.0    0.04             0.1    0.05
     scf_loop_mkfock             0.0    0.01             0.0    0.02
       scf_loop_diis             3.8    3.32             1.1    1.11
       scf_loop_diag             7.8    6.76             2.0    2.01
     scf_loop_modump             0.0    0.00             0.0    0.00
      scf_loop_ortho             0.4    0.38             0.1    0.11
          Scf_a_loop             0.6    0.55             0.2    0.19
         Ridft_a_scf             0.0    0.03             0.0    0.04
         a_scf_fanal             0.0    0.03             0.0    0.03
 


    ------------------------------------------------------------------------
         total  cpu-time :  1 minutes and 58 seconds
         total wall-time :  1 minutes and 45 seconds
    ------------------------------------------------------------------------

   ****  ridft : all done  ****


    2019-12-03 16:29:21.715 

 ridft ended normally
